【登录信息】
*77a1a77b950c51520ad53d184d80c7b7*
`登陆天数: 39天 / 676天
等级: 130
石头: 4098
呼符: 154
体力: 28.446666666666673 / 138
友情点: 0 / 376100`
_2024-07-01 04:23:16_
--------
*dca79540c8eb4fe8fcbe7a665edbc3c6*
`登陆天数: 39天 / 677天
等级: 130
石头: 4115
呼符: 316
体力: 28.42 / 138
友情点: 0 / 356645`
_2024-07-01 04:23:24_
--------
*9aae06123d8ab0185b1f33e811f4a2dd*
`登陆天数: 39天 / 676天
等级: 130
石头: 4120
呼符: 107
体力: 28.39666666666666 / 138
友情点: 0 / 373860`
_2024-07-01 04:23:32_
--------
*26c45b1d160497cd0b69776bf6b44d66*
`登陆天数: 39天 / 677天
等级: 130
石头: 4097
呼符: 286
体力: 28.370000000000005 / 138
友情点: 0 / 357975`
_2024-07-01 04:23:41_
--------
*f7f9d37ed8ade1e2aead2b6fe086d093*
`登陆天数: 39天 / 676天
等级: 130
石头: 4116
呼符: 276
体力: 28.346666666666664 / 138
友情点: 0 / 355975`
_2024-07-01 04:23:49_
--------
*b9f107a712c9d24ffeaae1c6eeee9a48*
`登陆天数: 39天 / 677天
等级: 130
石头: 4100
呼符: 174
体力: 28.323333333333338 / 138
友情点: 0 / 378680`
_2024-07-01 04:23:57_
--------
*988e86c19baa41078af9669e606f801e*
`登陆天数: 39天 / 676天
等级: 130
石头: 4097
呼符: 43
体力: 28.299999999999997 / 138
友情点: 0 / 392495`
_2024-07-01 04:24:05_
--------
*70d8de62938f24620f9d0ca8a26eb857*
`登陆天数: 39天 / 677天
等级: 130
石头: 4112
呼符: 292
体力: 28.27666666666667 / 138
友情点: 0 / 354520`
_2024-07-01 04:24:14_
--------
*37642928f889e710af60c9d7c6027794*
`登陆天数: 39天 / 676天
等级: 130
石头: 4096
呼符: 64
体力: 28.25333333333333 / 138
友情点: 0 / 388915`
_2024-07-01 04:24:22_
--------
*f48d747398bceef53bf6fcb8c0915ba6*
`登陆天数: 39天 / 676天
等级: 130
石头: 4120
呼符: 65
体力: 28.230000000000004 / 138
友情点: 0 / 387260`
_2024-07-01 04:24:31_
--------
*483b063cff6ea57669b8f1c7c527bb8b*
`登陆天数: 39天 / 677天
等级: 130
石头: 4093
呼符: 230
体力: 28.203333333333333 / 138
友情点: 0 / 369300`
_2024-07-01 04:24:39_
--------
*5d7a5098096eff5d52ecdaa28db1b5cf*
`登陆天数: 39天 / 677天
等级: 130
石头: 4098
呼符: 274
体力: 28.180000000000007 / 138
友情点: 0 / 357810`
_2024-07-01 04:24:47_
--------
*b1a3114780fa5a9c62679b98eaf7d27e*
`登陆天数: 39天 / 677天
等级: 130
石头: 4099
呼符: 185
体力: 28.156666666666666 / 138
友情点: 0 / 377290`
_2024-07-01 04:24:55_
--------
*f59cdf165580179ca8ad1d77500cd6f9*
`登陆天数: 39天 / 676天
等级: 130
石头: 4120
呼符: 313
体力: 28.129999999999995 / 138
友情点: 0 / 350730`
_2024-07-01 04:25:04_
--------
*0070fdc8a0e6d8249bff1dda41d59afa*
`登陆天数: 39天 / 676天
等级: 130
石头: 4092
呼符: 213
体力: 28.10666666666667 / 138
友情点: 0 / 368880`
_2024-07-01 04:25:12_
--------
*52e2d4db57735885727f7640473b91d4*
`登陆天数: 39天 / 677天
等级: 130
石头: 4115
呼符: 232
体力: 28.08333333333333 / 138
友情点: 0 / 381220`
_2024-07-01 04:25:20_
--------
*9726de57c6420db68ae759d6cde46841*
`登陆天数: 39天 / 676天
等级: 130
石头: 4101
呼符: 156
体力: 28.060000000000002 / 138
友情点: 0 / 367485`
_2024-07-01 04:25:28_
--------
*a57f236d5aac2813aca900e757d6e70e*
`登陆天数: 39天 / 676天
等级: 130
石头: 4116
呼符: 323
体力: 28.03333333333333 / 138
友情点: 0 / 349965`
_2024-07-01 04:25:37_
--------
*1f6d6c3b1a9dfa49eb6114878bceeb0c*
`登陆天数: 39天 / 677天
等级: 130
石头: 4099
呼符: 209
体力: 28.010000000000005 / 138
友情点: 0 / 348305`
_2024-07-01 04:25:45_
--------
*229bc285d385f4240df451e88ba9f347*
`登陆天数: 39天 / 677天
等级: 130
石头: 4071
呼符: 151
体力: 27.986666666666665 / 138
友情点: 0 / 368555`
_2024-07-01 04:25:53_
--------
*93a73302cdd69e9041a3453a0500f414*
`登陆天数: 39天 / 676天
等级: 130
石头: 4100
呼符: 332
体力: 27.959999999999994 / 138
友情点: 0 / 354425`
_2024-07-01 04:26:01_
--------
*91082b4670e6c7e82b2c1d2d8466028c*
`登陆天数: 39天 / 676天
等级: 130
石头: 4099
呼符: 220
体力: 27.939999999999998 / 138
友情点: 0 / 374725`
_2024-07-01 04:26:10_
--------
*ea9a9ac18beb2a05102954ee5d462e24*
`登陆天数: 39天 / 677天
等级: 130
石头: 4122
呼符: 334
体力: 27.913333333333327 / 138
友情点: 0 / 347030`
_2024-07-01 04:26:18_
--------
*37001baca015ab2c466e4c94e9f5c466*
`登陆天数: 39天 / 677天
等级: 130
石头: 4084
呼符: 147
体力: 27.88666666666667 / 138
友情点: 0 / 374925`
_2024-07-01 04:26:27_
--------
*90c109921c919e892be469ae7e12a739*
`登陆天数: 39天 / 676天
等级: 130
石头: 4056
呼符: 272
体力: 27.86 / 138
友情点: 0 / 349655`
_2024-07-01 04:26:35_
--------
*b9204932f4616887c58f09d866aa6137*
`登陆天数: 39天 / 677天
等级: 130
石头: 4113
呼符: 321
体力: 27.840000000000003 / 138
友情点: 0 / 347990`
_2024-07-01 04:26:43_
--------
*79240654eaf1b93129471dcb932ab048*
`登陆天数: 39天 / 677天
等级: 130
石头: 4068
呼符: 265
体力: 27.813333333333333 / 138
友情点: 0 / 354865`
_2024-07-01 04:26:51_
--------
*b39d7f3f04f7a0bb527873a7024bb615*
`登陆天数: 39天 / 676天
等级: 130
石头: 4117
呼符: 234
体力: 27.78666666666666 / 138
友情点: 0 / 366045`
_2024-07-01 04:26:59_
--------
*be6d2ccaebede5896fa06339d9925038*
`登陆天数: 39天 / 676天
等级: 130
石头: 4117
呼符: 43
体力: 27.763333333333335 / 138
友情点: 0 / 396135`
_2024-07-01 04:27:07_
--------
*efeade3689d547498fa18f03ba20a2b8*
`登陆天数: 39天 / 676天
等级: 130
石头: 4085
呼符: 141
体力: 27.739999999999995 / 138
友情点: 0 / 383390`
_2024-07-01 04:27:15_
--------
*b9acdd2751712fe921542fbfa8e93863*
`登陆天数: 39天 / 676天
等级: 130
石头: 4099
呼符: 273
体力: 27.71333333333334 / 138
友情点: 0 / 366470`
_2024-07-01 04:27:23_
--------
*cd503491bd91d40ba9237d884ace7aa7*
`登陆天数: 39天 / 677天
等级: 130
石头: 4117
呼符: 338
体力: 27.693333333333328 / 138
友情点: 0 / 350465`
_2024-07-01 04:27:32_
--------
*d5e25846dac792da2d4714b3336eda78*
`登陆天数: 39天 / 677天
等级: 130
石头: 4095
呼符: 283
体力: 27.67 / 138
友情点: 0 / 363870`
_2024-07-01 04:27:40_
--------
*98c865ff0ef7968a29b0f2968533169f*
`登陆天数: 39天 / 677天
等级: 130
石头: 4116
呼符: 58
体力: 27.64333333333333 / 138
友情点: 0 / 382955`
_2024-07-01 04:27:49_
--------
*3e52ac51360c9e923ceb73492605e453*
`登陆天数: 39天 / 676天
等级: 130
石头: 4114
呼符: 99
体力: 27.623333333333335 / 138
友情点: 0 / 383675`
_2024-07-01 04:27:57_
--------
*c9bd008b9291506a838d094d2e714e44*
`登陆天数: 39天 / 677天
等级: 130
石头: 4096
呼符: 321
体力: 27.599999999999994 / 138
友情点: 0 / 349125`
_2024-07-01 04:28:05_
--------
*1899f999f07f2f4c1f5d9d627e0e677b*
`登陆天数: 39天 / 677天
等级: 130
石头: 4049
呼符: 268
体力: 27.560000000000002 / 138
友情点: 0 / 350360`
_2024-07-01 04:28:13_
--------
*325bcd9ed4d2ddbf0d84cfbc3ab331ac*
`登陆天数: 37天 / 675天
等级: 130
石头: 4124
呼符: 336
体力: 27.53666666666666 / 138
友情点: 0 / 349125`
_2024-07-01 04:28:21_
--------
*c98afaa313e196865b53a37f777bc18c*
`登陆天数: 37天 / 675天
等级: 130
石头: 4117
呼符: 279
体力: 27.510000000000005 / 138
友情点: 0 / 357250`
_2024-07-01 04:28:30_
--------
*7398d8c0e7ef509e9dbc3650dd95e8a9*
`登陆天数: 39天 / 676天
等级: 130
石头: 4119
呼符: 317
体力: 27.489999999999995 / 138
友情点: 0 / 357325`
_2024-07-01 04:28:38_
--------
*ebe43b96a317c6bb52140f8822b7bb66*
`登陆天数: 39天 / 677天
等级: 130
石头: 4100
呼符: 190
体力: 27.46333333333334 / 138
友情点: 0 / 371750`
_2024-07-01 04:28:46_
--------
*75e2c8db9e56d5764d096803d48c4e17*
`登陆天数: 39天 / 677天
等级: 130
石头: 4118
呼符: 266
体力: 27.439999999999998 / 138
友情点: 0 / 359825`
_2024-07-01 04:28:55_
--------
*578ee215909eba8a3e435a1d693fca29*
`登陆天数: 39天 / 676天
等级: 130
石头: 4104
呼符: 315
体力: 27.41666666666667 / 138
友情点: 0 / 351005`
_2024-07-01 04:29:03_
--------
*bf5b3c4c154991c81daf97e221daddcf*
`登陆天数: 39天 / 677天
等级: 130
石头: 4100
呼符: 113
体力: 27.39333333333333 / 138
友情点: 0 / 376645`
_2024-07-01 04:29:11_
--------
*ec2ed584c5e5eb081e6b14c48e57a543*
`登陆天数: 39天 / 677天
等级: 130
石头: 4121
呼符: 325
体力: 27.36666666666666 / 138
友情点: 0 / 352245`
_2024-07-01 04:29:19_
--------
*2921cb2d2ea2d52ec68bf4e4efb746a6*
`登陆天数: 39天 / 676天
等级: 130
石头: 4097
呼符: 333
体力: 27.343333333333334 / 138
友情点: 0 / 347480`
_2024-07-01 04:29:28_
--------
*f1b4a80b020805ae6b1b4c0fa0a69443*
`登陆天数: 39天 / 677天
等级: 130
石头: 4115
呼符: 204
体力: 27.319999999999993 / 138
友情点: 0 / 368080`
_2024-07-01 04:29:36_
--------
*e9fef87dbc54a02e7ef717990946c8a9*
`登陆天数: 39天 / 677天
等级: 130
石头: 4098
呼符: 296
体力: 27.296666666666667 / 138
友情点: 0 / 355220`
_2024-07-01 04:29:44_
--------
*f2f4287a8e812b25dfab0904488dba3d*
`登陆天数: 39天 / 676天
等级: 130
石头: 4097
呼符: 286
体力: 27.269999999999996 / 138
友情点: 0 / 362415`
_2024-07-01 04:29:52_
--------
*4baddfa18da1ed0717a7984b485c6fc2*
`登陆天数: 39天 / 676天
等级: 130
石头: 4037
呼符: 257
体力: 23092.266666666666 / 138
友情点: 0 / 470230`
_2024-07-01 04:30:01_
--------
