【登录信息】
*77a1a77b950c51520ad53d184d80c7b7*
`登陆天数: 15天 / 652天
等级: 130
石头: 4007
呼符: 135
体力: 16342.706666666667 / 138
友情点: 0 / 470100`
*連続ログイン1日目
※ログインが途切れるか、7日到達すると
1日目から再開されます*
`フレンドポイント X 2000
6月交換券(2024) X 1
`*螺旋証明世界 リリムハーロット ～喝采なき薔薇～ アンケート復刻版
開幕記念 ログインボーナス*
*開催期間中、1日1回 最大21回 ログインボーナスをプレゼント！*
`黄金の果実 X 1
`_2024-06-07 18:02:11_
--------
*dca79540c8eb4fe8fcbe7a665edbc3c6*
`登陆天数: 15天 / 653天
等级: 130
石头: 4026
呼符: 297
体力: 16342.73 / 138
友情点: 0 / 466645`
*連続ログイン1日目
※ログインが途切れるか、7日到達すると
1日目から再開されます*
`フレンドポイント X 2000
6月交換券(2024) X 1
`*螺旋証明世界 リリムハーロット ～喝采なき薔薇～ アンケート復刻版
開幕記念 ログインボーナス*
*開催期間中、1日1回 最大21回 ログインボーナスをプレゼント！*
`黄金の果実 X 1
`_2024-06-07 18:02:19_
--------
*9aae06123d8ab0185b1f33e811f4a2dd*
`登陆天数: 15天 / 652天
等级: 130
石头: 4029
呼符: 88
体力: 16342.756666666666 / 138
友情点: 0 / 467860`
*連続ログイン1日目
※ログインが途切れるか、7日到達すると
1日目から再開されます*
`フレンドポイント X 2000
6月交換券(2024) X 1
`*螺旋証明世界 リリムハーロット ～喝采なき薔薇～ アンケート復刻版
開幕記念 ログインボーナス*
*開催期間中、1日1回 最大21回 ログインボーナスをプレゼント！*
`黄金の果実 X 1
`_2024-06-07 18:02:26_
--------
*26c45b1d160497cd0b69776bf6b44d66*
`登陆天数: 15天 / 653天
等级: 130
石头: 4008
呼符: 267
体力: 16342.78 / 138
友情点: 0 / 465975`
*連続ログイン1日目
※ログインが途切れるか、7日到達すると
1日目から再開されます*
`フレンドポイント X 2000
6月交換券(2024) X 1
`*螺旋証明世界 リリムハーロット ～喝采なき薔薇～ アンケート復刻版
開幕記念 ログインボーナス*
*開催期間中、1日1回 最大21回 ログインボーナスをプレゼント！*
`黄金の果実 X 1
`_2024-06-07 18:02:34_
--------
*f7f9d37ed8ade1e2aead2b6fe086d093*
`登陆天数: 15天 / 652天
等级: 130
石头: 4025
呼符: 257
体力: 16342.806666666667 / 138
友情点: 0 / 467975`
*連続ログイン1日目
※ログインが途切れるか、7日到達すると
1日目から再開されます*
`フレンドポイント X 2000
6月交換券(2024) X 1
`*螺旋証明世界 リリムハーロット ～喝采なき薔薇～ アンケート復刻版
開幕記念 ログインボーナス*
*開催期間中、1日1回 最大21回 ログインボーナスをプレゼント！*
`黄金の果実 X 1
`_2024-06-07 18:02:42_
--------
*b9f107a712c9d24ffeaae1c6eeee9a48*
`登陆天数: 15天 / 653天
等级: 130
石头: 4011
呼符: 155
体力: 16342.833333333334 / 138
友情点: 0 / 466680`
*連続ログイン1日目
※ログインが途切れるか、7日到達すると
1日目から再開されます*
`フレンドポイント X 2000
6月交換券(2024) X 1
`*螺旋証明世界 リリムハーロット ～喝采なき薔薇～ アンケート復刻版
開幕記念 ログインボーナス*
*開催期間中、1日1回 最大21回 ログインボーナスをプレゼント！*
`黄金の果実 X 1
`_2024-06-07 18:02:49_
--------
*988e86c19baa41078af9669e606f801e*
`登陆天数: 15天 / 652天
等级: 130
石头: 4006
呼符: 24
体力: 16342.856666666667 / 138
友情点: 0 / 468495`
*連続ログイン1日目
※ログインが途切れるか、7日到達すると
1日目から再開されます*
`フレンドポイント X 2000
6月交換券(2024) X 1
`*螺旋証明世界 リリムハーロット ～喝采なき薔薇～ アンケート復刻版
開幕記念 ログインボーナス*
*開催期間中、1日1回 最大21回 ログインボーナスをプレゼント！*
`黄金の果実 X 1
`_2024-06-07 18:02:57_
--------
*70d8de62938f24620f9d0ca8a26eb857*
`登陆天数: 15天 / 653天
等级: 130
石头: 4023
呼符: 273
体力: 16342.883333333333 / 138
友情点: 0 / 466520`
*連続ログイン1日目
※ログインが途切れるか、7日到達すると
1日目から再開されます*
`フレンドポイント X 2000
6月交換券(2024) X 1
`*螺旋証明世界 リリムハーロット ～喝采なき薔薇～ アンケート復刻版
開幕記念 ログインボーナス*
*開催期間中、1日1回 最大21回 ログインボーナスをプレゼント！*
`黄金の果実 X 1
`_2024-06-07 18:03:05_
--------
*37642928f889e710af60c9d7c6027794*
`登陆天数: 15天 / 652天
等级: 130
石头: 4005
呼符: 45
体力: 16342.91 / 138
友情点: 0 / 468915`
*連続ログイン1日目
※ログインが途切れるか、7日到達すると
1日目から再開されます*
`フレンドポイント X 2000
6月交換券(2024) X 1
`*螺旋証明世界 リリムハーロット ～喝采なき薔薇～ アンケート復刻版
開幕記念 ログインボーナス*
*開催期間中、1日1回 最大21回 ログインボーナスをプレゼント！*
`黄金の果実 X 1
`_2024-06-07 18:03:12_
--------
*f48d747398bceef53bf6fcb8c0915ba6*
`登陆天数: 15天 / 652天
等级: 130
石头: 4029
呼符: 46
体力: 16342.933333333332 / 138
友情点: 0 / 469260`
*連続ログイン1日目
※ログインが途切れるか、7日到達すると
1日目から再開されます*
`フレンドポイント X 2000
6月交換券(2024) X 1
`*螺旋証明世界 リリムハーロット ～喝采なき薔薇～ アンケート復刻版
開幕記念 ログインボーナス*
*開催期間中、1日1回 最大21回 ログインボーナスをプレゼント！*
`黄金の果実 X 1
`_2024-06-07 18:03:20_
--------
*483b063cff6ea57669b8f1c7c527bb8b*
`登陆天数: 15天 / 653天
等级: 130
石头: 4004
呼符: 211
体力: 16342.96 / 138
友情点: 0 / 467300`
*連続ログイン1日目
※ログインが途切れるか、7日到達すると
1日目から再開されます*
`フレンドポイント X 2000
6月交換券(2024) X 1
`*螺旋証明世界 リリムハーロット ～喝采なき薔薇～ アンケート復刻版
開幕記念 ログインボーナス*
*開催期間中、1日1回 最大21回 ログインボーナスをプレゼント！*
`黄金の果実 X 1
`_2024-06-07 18:03:28_
--------
*5d7a5098096eff5d52ecdaa28db1b5cf*
`登陆天数: 15天 / 653天
等级: 130
石头: 4009
呼符: 255
体力: 16342.983333333334 / 138
友情点: 0 / 467810`
*連続ログイン1日目
※ログインが途切れるか、7日到達すると
1日目から再開されます*
`フレンドポイント X 2000
6月交換券(2024) X 1
`*螺旋証明世界 リリムハーロット ～喝采なき薔薇～ アンケート復刻版
開幕記念 ログインボーナス*
*開催期間中、1日1回 最大21回 ログインボーナスをプレゼント！*
`黄金の果実 X 1
`_2024-06-07 18:03:35_
--------
*b1a3114780fa5a9c62679b98eaf7d27e*
`登陆天数: 15天 / 653天
等级: 130
石头: 4010
呼符: 166
体力: 16343.01 / 138
友情点: 0 / 467290`
*連続ログイン1日目
※ログインが途切れるか、7日到達すると
1日目から再開されます*
`フレンドポイント X 2000
6月交換券(2024) X 1
`*螺旋証明世界 リリムハーロット ～喝采なき薔薇～ アンケート復刻版
開幕記念 ログインボーナス*
*開催期間中、1日1回 最大21回 ログインボーナスをプレゼント！*
`黄金の果実 X 1
`_2024-06-07 18:03:43_
--------
*f59cdf165580179ca8ad1d77500cd6f9*
`登陆天数: 15天 / 652天
等级: 130
石头: 4029
呼符: 294
体力: 16343.036666666667 / 138
友情点: 0 / 468730`
*連続ログイン1日目
※ログインが途切れるか、7日到達すると
1日目から再開されます*
`フレンドポイント X 2000
6月交換券(2024) X 1
`*螺旋証明世界 リリムハーロット ～喝采なき薔薇～ アンケート復刻版
開幕記念 ログインボーナス*
*開催期間中、1日1回 最大21回 ログインボーナスをプレゼント！*
`黄金の果実 X 1
`_2024-06-07 18:03:51_
--------
*0070fdc8a0e6d8249bff1dda41d59afa*
`登陆天数: 15天 / 652天
等级: 130
石头: 4001
呼符: 194
体力: 16343.063333333334 / 138
友情点: 0 / 468880`
*連続ログイン1日目
※ログインが途切れるか、7日到達すると
1日目から再開されます*
`フレンドポイント X 2000
6月交換券(2024) X 1
`*螺旋証明世界 リリムハーロット ～喝采なき薔薇～ アンケート復刻版
開幕記念 ログインボーナス*
*開催期間中、1日1回 最大21回 ログインボーナスをプレゼント！*
`黄金の果実 X 1
`_2024-06-07 18:03:58_
--------
*52e2d4db57735885727f7640473b91d4*
`登陆天数: 15天 / 653天
等级: 130
石头: 4026
呼符: 213
体力: 16343.086666666666 / 138
友情点: 0 / 467220`
*連続ログイン1日目
※ログインが途切れるか、7日到達すると
1日目から再開されます*
`フレンドポイント X 2000
6月交換券(2024) X 1
`*螺旋証明世界 リリムハーロット ～喝采なき薔薇～ アンケート復刻版
開幕記念 ログインボーナス*
*開催期間中、1日1回 最大21回 ログインボーナスをプレゼント！*
`黄金の果実 X 1
`_2024-06-07 18:04:06_
--------
*9726de57c6420db68ae759d6cde46841*
`登陆天数: 15天 / 652天
等级: 130
石头: 4010
呼符: 137
体力: 16343.113333333333 / 138
友情点: 0 / 467485`
*連続ログイン1日目
※ログインが途切れるか、7日到達すると
1日目から再開されます*
`フレンドポイント X 2000
6月交換券(2024) X 1
`*螺旋証明世界 リリムハーロット ～喝采なき薔薇～ アンケート復刻版
開幕記念 ログインボーナス*
*開催期間中、1日1回 最大21回 ログインボーナスをプレゼント！*
`黄金の果実 X 1
`_2024-06-07 18:04:14_
--------
*a57f236d5aac2813aca900e757d6e70e*
`登陆天数: 15天 / 652天
等级: 130
石头: 4025
呼符: 304
体力: 16343.14 / 138
友情点: 0 / 469965`
*連続ログイン1日目
※ログインが途切れるか、7日到達すると
1日目から再開されます*
`フレンドポイント X 2000
6月交換券(2024) X 1
`*螺旋証明世界 リリムハーロット ～喝采なき薔薇～ アンケート復刻版
開幕記念 ログインボーナス*
*開催期間中、1日1回 最大21回 ログインボーナスをプレゼント！*
`黄金の果実 X 1
`_2024-06-07 18:04:21_
--------
*1f6d6c3b1a9dfa49eb6114878bceeb0c*
`登陆天数: 15天 / 653天
等级: 130
石头: 4010
呼符: 190
体力: 16343.163333333334 / 138
友情点: 0 / 466305`
*連続ログイン1日目
※ログインが途切れるか、7日到達すると
1日目から再開されます*
`フレンドポイント X 2000
6月交換券(2024) X 1
`*螺旋証明世界 リリムハーロット ～喝采なき薔薇～ アンケート復刻版
開幕記念 ログインボーナス*
*開催期間中、1日1回 最大21回 ログインボーナスをプレゼント！*
`黄金の果実 X 1
`_2024-06-07 18:04:29_
--------
*229bc285d385f4240df451e88ba9f347*
`登陆天数: 15天 / 653天
等级: 130
石头: 3982
呼符: 132
体力: 16343.186666666666 / 138
友情点: 0 / 466555`
*連続ログイン1日目
※ログインが途切れるか、7日到達すると
1日目から再開されます*
`フレンドポイント X 2000
6月交換券(2024) X 1
`*螺旋証明世界 リリムハーロット ～喝采なき薔薇～ アンケート復刻版
開幕記念 ログインボーナス*
*開催期間中、1日1回 最大21回 ログインボーナスをプレゼント！*
`黄金の果実 X 1
`_2024-06-07 18:04:37_
--------
*93a73302cdd69e9041a3453a0500f414*
`登陆天数: 15天 / 652天
等级: 130
石头: 4009
呼符: 313
体力: 16343.216666666667 / 138
友情点: 0 / 470425`
*連続ログイン1日目
※ログインが途切れるか、7日到達すると
1日目から再開されます*
`フレンドポイント X 2000
6月交換券(2024) X 1
`*螺旋証明世界 リリムハーロット ～喝采なき薔薇～ アンケート復刻版
開幕記念 ログインボーナス*
*開催期間中、1日1回 最大21回 ログインボーナスをプレゼント！*
`黄金の果実 X 1
`_2024-06-07 18:04:44_
--------
*91082b4670e6c7e82b2c1d2d8466028c*
`登陆天数: 15天 / 652天
等级: 130
石头: 4008
呼符: 201
体力: 16343.236666666666 / 138
友情点: 0 / 468725`
*連続ログイン1日目
※ログインが途切れるか、7日到達すると
1日目から再開されます*
`フレンドポイント X 2000
6月交換券(2024) X 1
`*螺旋証明世界 リリムハーロット ～喝采なき薔薇～ アンケート復刻版
開幕記念 ログインボーナス*
*開催期間中、1日1回 最大21回 ログインボーナスをプレゼント！*
`黄金の果実 X 1
`_2024-06-07 18:04:52_
--------
*ea9a9ac18beb2a05102954ee5d462e24*
`登陆天数: 15天 / 653天
等级: 130
石头: 4033
呼符: 315
体力: 16343.266666666666 / 138
友情点: 0 / 467030`
*連続ログイン1日目
※ログインが途切れるか、7日到達すると
1日目から再開されます*
`フレンドポイント X 2000
6月交換券(2024) X 1
`*螺旋証明世界 リリムハーロット ～喝采なき薔薇～ アンケート復刻版
開幕記念 ログインボーナス*
*開催期間中、1日1回 最大21回 ログインボーナスをプレゼント！*
`黄金の果実 X 1
`_2024-06-07 18:05:00_
--------
*37001baca015ab2c466e4c94e9f5c466*
`登陆天数: 15天 / 653天
等级: 130
石头: 3995
呼符: 128
体力: 16343.293333333333 / 138
友情点: 0 / 466925`
*連続ログイン1日目
※ログインが途切れるか、7日到達すると
1日目から再開されます*
`フレンドポイント X 2000
6月交換券(2024) X 1
`*螺旋証明世界 リリムハーロット ～喝采なき薔薇～ アンケート復刻版
開幕記念 ログインボーナス*
*開催期間中、1日1回 最大21回 ログインボーナスをプレゼント！*
`黄金の果実 X 1
`_2024-06-07 18:05:07_
--------
*90c109921c919e892be469ae7e12a739*
`登陆天数: 15天 / 652天
等级: 130
石头: 3965
呼符: 253
体力: 16343.316666666668 / 138
友情点: 0 / 467655`
*連続ログイン1日目
※ログインが途切れるか、7日到達すると
1日目から再開されます*
`フレンドポイント X 2000
6月交換券(2024) X 1
`*螺旋証明世界 リリムハーロット ～喝采なき薔薇～ アンケート復刻版
開幕記念 ログインボーナス*
*開催期間中、1日1回 最大21回 ログインボーナスをプレゼント！*
`黄金の果実 X 1
`_2024-06-07 18:05:15_
--------
*b9204932f4616887c58f09d866aa6137*
`登陆天数: 15天 / 653天
等级: 130
石头: 4024
呼符: 302
体力: 16343.343333333334 / 138
友情点: 0 / 467990`
*連続ログイン1日目
※ログインが途切れるか、7日到達すると
1日目から再開されます*
`フレンドポイント X 2000
6月交換券(2024) X 1
`*螺旋証明世界 リリムハーロット ～喝采なき薔薇～ アンケート復刻版
開幕記念 ログインボーナス*
*開催期間中、1日1回 最大21回 ログインボーナスをプレゼント！*
`黄金の果実 X 1
`_2024-06-07 18:05:23_
--------
*79240654eaf1b93129471dcb932ab048*
`登陆天数: 15天 / 653天
等级: 130
石头: 3979
呼符: 246
体力: 16343.363333333333 / 138
友情点: 0 / 466865`
*連続ログイン1日目
※ログインが途切れるか、7日到達すると
1日目から再開されます*
`フレンドポイント X 2000
6月交換券(2024) X 1
`*螺旋証明世界 リリムハーロット ～喝采なき薔薇～ アンケート復刻版
開幕記念 ログインボーナス*
*開催期間中、1日1回 最大21回 ログインボーナスをプレゼント！*
`黄金の果実 X 1
`_2024-06-07 18:05:30_
--------
*b39d7f3f04f7a0bb527873a7024bb615*
`登陆天数: 15天 / 652天
等级: 130
石头: 4026
呼符: 215
体力: 16343.39 / 138
友情点: 0 / 468045`
*連続ログイン1日目
※ログインが途切れるか、7日到達すると
1日目から再開されます*
`フレンドポイント X 2000
6月交換券(2024) X 1
`*螺旋証明世界 リリムハーロット ～喝采なき薔薇～ アンケート復刻版
開幕記念 ログインボーナス*
*開催期間中、1日1回 最大21回 ログインボーナスをプレゼント！*
`黄金の果実 X 1
`_2024-06-07 18:05:38_
--------
*be6d2ccaebede5896fa06339d9925038*
`登陆天数: 15天 / 652天
等级: 130
石头: 4026
呼符: 24
体力: 16343.42 / 138
友情点: 0 / 470135`
*連続ログイン1日目
※ログインが途切れるか、7日到達すると
1日目から再開されます*
`フレンドポイント X 2000
6月交換券(2024) X 1
`*螺旋証明世界 リリムハーロット ～喝采なき薔薇～ アンケート復刻版
開幕記念 ログインボーナス*
*開催期間中、1日1回 最大21回 ログインボーナスをプレゼント！*
`黄金の果実 X 1
`_2024-06-07 18:05:45_
--------
*efeade3689d547498fa18f03ba20a2b8*
`登陆天数: 15天 / 652天
等级: 130
石头: 3994
呼符: 122
体力: 16343.44 / 138
友情点: 0 / 469390`
*連続ログイン1日目
※ログインが途切れるか、7日到達すると
1日目から再開されます*
`フレンドポイント X 2000
6月交換券(2024) X 1
`*螺旋証明世界 リリムハーロット ～喝采なき薔薇～ アンケート復刻版
開幕記念 ログインボーナス*
*開催期間中、1日1回 最大21回 ログインボーナスをプレゼント！*
`黄金の果実 X 1
`_2024-06-07 18:05:53_
--------
*b9acdd2751712fe921542fbfa8e93863*
`登陆天数: 15天 / 652天
等级: 130
石头: 4008
呼符: 254
体力: 16343.466666666667 / 138
友情点: 0 / 468470`
*連続ログイン1日目
※ログインが途切れるか、7日到達すると
1日目から再開されます*
`フレンドポイント X 2000
6月交換券(2024) X 1
`*螺旋証明世界 リリムハーロット ～喝采なき薔薇～ アンケート復刻版
開幕記念 ログインボーナス*
*開催期間中、1日1回 最大21回 ログインボーナスをプレゼント！*
`黄金の果実 X 1
`_2024-06-07 18:06:00_
--------
*cd503491bd91d40ba9237d884ace7aa7*
`登陆天数: 15天 / 653天
等级: 130
石头: 4028
呼符: 319
体力: 16343.49 / 138
友情点: 0 / 466465`
*連続ログイン1日目
※ログインが途切れるか、7日到達すると
1日目から再開されます*
`フレンドポイント X 2000
6月交換券(2024) X 1
`*螺旋証明世界 リリムハーロット ～喝采なき薔薇～ アンケート復刻版
開幕記念 ログインボーナス*
*開催期間中、1日1回 最大21回 ログインボーナスをプレゼント！*
`黄金の果実 X 1
`_2024-06-07 18:06:08_
--------
*d5e25846dac792da2d4714b3336eda78*
`登陆天数: 15天 / 653天
等级: 130
石头: 4006
呼符: 264
体力: 16343.52 / 138
友情点: 0 / 465870`
*連続ログイン1日目
※ログインが途切れるか、7日到達すると
1日目から再開されます*
`フレンドポイント X 2000
6月交換券(2024) X 1
`*螺旋証明世界 リリムハーロット ～喝采なき薔薇～ アンケート復刻版
開幕記念 ログインボーナス*
*開催期間中、1日1回 最大21回 ログインボーナスをプレゼント！*
`黄金の果実 X 1
`_2024-06-07 18:06:16_
--------
*98c865ff0ef7968a29b0f2968533169f*
`登陆天数: 15天 / 653天
等级: 130
石头: 4027
呼符: 39
体力: 16343.546666666667 / 138
友情点: 0 / 468955`
*連続ログイン1日目
※ログインが途切れるか、7日到達すると
1日目から再開されます*
`フレンドポイント X 2000
6月交換券(2024) X 1
`*螺旋証明世界 リリムハーロット ～喝采なき薔薇～ アンケート復刻版
開幕記念 ログインボーナス*
*開催期間中、1日1回 最大21回 ログインボーナスをプレゼント！*
`黄金の果実 X 1
`_2024-06-07 18:06:23_
--------
*3e52ac51360c9e923ceb73492605e453*
`登陆天数: 15天 / 652天
等级: 130
石头: 4023
呼符: 80
体力: 16343.57 / 138
友情点: 0 / 467675`
*連続ログイン1日目
※ログインが途切れるか、7日到達すると
1日目から再開されます*
`フレンドポイント X 2000
6月交換券(2024) X 1
`*螺旋証明世界 リリムハーロット ～喝采なき薔薇～ アンケート復刻版
開幕記念 ログインボーナス*
*開催期間中、1日1回 最大21回 ログインボーナスをプレゼント！*
`黄金の果実 X 1
`_2024-06-07 18:06:31_
--------
*c9bd008b9291506a838d094d2e714e44*
`登陆天数: 15天 / 653天
等级: 130
石头: 4007
呼符: 302
体力: 16343.596666666666 / 138
友情点: 0 / 467125`
*連続ログイン1日目
※ログインが途切れるか、7日到達すると
1日目から再開されます*
`フレンドポイント X 2000
6月交換券(2024) X 1
`*螺旋証明世界 リリムハーロット ～喝采なき薔薇～ アンケート復刻版
開幕記念 ログインボーナス*
*開催期間中、1日1回 最大21回 ログインボーナスをプレゼント！*
`黄金の果実 X 1
`_2024-06-07 18:06:39_
--------
*1899f999f07f2f4c1f5d9d627e0e677b*
`登陆天数: 15天 / 653天
等级: 130
石头: 3960
呼符: 249
体力: 16343.62 / 138
友情点: 0 / 466360`
*連続ログイン1日目
※ログインが途切れるか、7日到達すると
1日目から再開されます*
`フレンドポイント X 2000
6月交換券(2024) X 1
`*螺旋証明世界 リリムハーロット ～喝采なき薔薇～ アンケート復刻版
開幕記念 ログインボーナス*
*開催期間中、1日1回 最大21回 ログインボーナスをプレゼント！*
`黄金の果実 X 1
`_2024-06-07 18:06:46_
--------
*325bcd9ed4d2ddbf0d84cfbc3ab331ac*
`登陆天数: 13天 / 651天
等级: 130
石头: 4034
呼符: 317
体力: 16343.643333333333 / 138
友情点: 0 / 469125`
*連続ログイン6日目
※ログインが途切れるか、7日到達すると
1日目から再開されます*
`聖晶石 X 2
6月交換券(2024) X 1
`*螺旋証明世界 リリムハーロット ～喝采なき薔薇～ アンケート復刻版
開幕記念 ログインボーナス*
*開催期間中、1日1回 最大21回 ログインボーナスをプレゼント！*
`黄金の果実 X 1
`_2024-06-07 18:06:54_
--------
*c98afaa313e196865b53a37f777bc18c*
`登陆天数: 13天 / 651天
等级: 130
石头: 4027
呼符: 260
体力: 16343.67 / 138
友情点: 0 / 469250`
*連続ログイン6日目
※ログインが途切れるか、7日到達すると
1日目から再開されます*
`聖晶石 X 2
6月交換券(2024) X 1
`*螺旋証明世界 リリムハーロット ～喝采なき薔薇～ アンケート復刻版
開幕記念 ログインボーナス*
*開催期間中、1日1回 最大21回 ログインボーナスをプレゼント！*
`黄金の果実 X 1
`_2024-06-07 18:07:02_
--------
*7398d8c0e7ef509e9dbc3650dd95e8a9*
`登陆天数: 15天 / 652天
等级: 130
石头: 4028
呼符: 298
体力: 16343.696666666667 / 138
友情点: 0 / 469325`
*連続ログイン1日目
※ログインが途切れるか、7日到達すると
1日目から再開されます*
`フレンドポイント X 2000
6月交換券(2024) X 1
`*螺旋証明世界 リリムハーロット ～喝采なき薔薇～ アンケート復刻版
開幕記念 ログインボーナス*
*開催期間中、1日1回 最大21回 ログインボーナスをプレゼント！*
`黄金の果実 X 1
`_2024-06-07 18:07:09_
--------
*ebe43b96a317c6bb52140f8822b7bb66*
`登陆天数: 15天 / 653天
等级: 130
石头: 4011
呼符: 171
体力: 16343.723333333333 / 138
友情点: 0 / 467750`
*連続ログイン1日目
※ログインが途切れるか、7日到達すると
1日目から再開されます*
`フレンドポイント X 2000
6月交換券(2024) X 1
`*螺旋証明世界 リリムハーロット ～喝采なき薔薇～ アンケート復刻版
開幕記念 ログインボーナス*
*開催期間中、1日1回 最大21回 ログインボーナスをプレゼント！*
`黄金の果実 X 1
`_2024-06-07 18:07:17_
--------
*75e2c8db9e56d5764d096803d48c4e17*
`登陆天数: 15天 / 653天
等级: 130
石头: 4029
呼符: 247
体力: 16343.746666666666 / 138
友情点: 0 / 465825`
*連続ログイン1日目
※ログインが途切れるか、7日到達すると
1日目から再開されます*
`フレンドポイント X 2000
6月交換券(2024) X 1
`*螺旋証明世界 リリムハーロット ～喝采なき薔薇～ アンケート復刻版
開幕記念 ログインボーナス*
*開催期間中、1日1回 最大21回 ログインボーナスをプレゼント！*
`黄金の果実 X 1
`_2024-06-07 18:07:25_
--------
*578ee215909eba8a3e435a1d693fca29*
`登陆天数: 15天 / 652天
等级: 130
石头: 4013
呼符: 296
体力: 16343.773333333333 / 138
友情点: 0 / 469005`
*連続ログイン1日目
※ログインが途切れるか、7日到達すると
1日目から再開されます*
`フレンドポイント X 2000
6月交換券(2024) X 1
`*螺旋証明世界 リリムハーロット ～喝采なき薔薇～ アンケート復刻版
開幕記念 ログインボーナス*
*開催期間中、1日1回 最大21回 ログインボーナスをプレゼント！*
`黄金の果実 X 1
`_2024-06-07 18:07:33_
--------
*bf5b3c4c154991c81daf97e221daddcf*
`登陆天数: 15天 / 653天
等级: 130
石头: 4011
呼符: 94
体力: 16343.8 / 138
友情点: 0 / 468645`
*連続ログイン1日目
※ログインが途切れるか、7日到達すると
1日目から再開されます*
`フレンドポイント X 2000
6月交換券(2024) X 1
`*螺旋証明世界 リリムハーロット ～喝采なき薔薇～ アンケート復刻版
開幕記念 ログインボーナス*
*開催期間中、1日1回 最大21回 ログインボーナスをプレゼント！*
`黄金の果実 X 1
`_2024-06-07 18:07:40_
--------
*ec2ed584c5e5eb081e6b14c48e57a543*
`登陆天数: 15天 / 653天
等级: 130
石头: 4032
呼符: 306
体力: 16343.823333333334 / 138
友情点: 0 / 466245`
*連続ログイン1日目
※ログインが途切れるか、7日到達すると
1日目から再開されます*
`フレンドポイント X 2000
6月交換券(2024) X 1
`*螺旋証明世界 リリムハーロット ～喝采なき薔薇～ アンケート復刻版
開幕記念 ログインボーナス*
*開催期間中、1日1回 最大21回 ログインボーナスをプレゼント！*
`黄金の果実 X 1
`_2024-06-07 18:07:48_
--------
*2921cb2d2ea2d52ec68bf4e4efb746a6*
`登陆天数: 15天 / 652天
等级: 130
石头: 4006
呼符: 314
体力: 16343.85 / 138
友情点: 0 / 469480`
*連続ログイン1日目
※ログインが途切れるか、7日到達すると
1日目から再開されます*
`フレンドポイント X 2000
6月交換券(2024) X 1
`*螺旋証明世界 リリムハーロット ～喝采なき薔薇～ アンケート復刻版
開幕記念 ログインボーナス*
*開催期間中、1日1回 最大21回 ログインボーナスをプレゼント！*
`黄金の果実 X 1
`_2024-06-07 18:07:55_
--------
*f1b4a80b020805ae6b1b4c0fa0a69443*
`登陆天数: 15天 / 653天
等级: 130
石头: 4026
呼符: 185
体力: 16343.873333333333 / 138
友情点: 0 / 466080`
*連続ログイン1日目
※ログインが途切れるか、7日到達すると
1日目から再開されます*
`フレンドポイント X 2000
6月交換券(2024) X 1
`*螺旋証明世界 リリムハーロット ～喝采なき薔薇～ アンケート復刻版
開幕記念 ログインボーナス*
*開催期間中、1日1回 最大21回 ログインボーナスをプレゼント！*
`黄金の果実 X 1
`_2024-06-07 18:08:03_
--------
*e9fef87dbc54a02e7ef717990946c8a9*
`登陆天数: 15天 / 653天
等级: 130
石头: 4009
呼符: 277
体力: 16343.9 / 138
友情点: 0 / 465220`
*連続ログイン1日目
※ログインが途切れるか、7日到達すると
1日目から再開されます*
`フレンドポイント X 2000
6月交換券(2024) X 1
`*螺旋証明世界 リリムハーロット ～喝采なき薔薇～ アンケート復刻版
開幕記念 ログインボーナス*
*開催期間中、1日1回 最大21回 ログインボーナスをプレゼント！*
`黄金の果実 X 1
`_2024-06-07 18:08:11_
--------
*f2f4287a8e812b25dfab0904488dba3d*
`登陆天数: 15天 / 652天
等级: 130
石头: 4006
呼符: 267
体力: 16343.926666666666 / 138
友情点: 0 / 468415`
*連続ログイン1日目
※ログインが途切れるか、7日到達すると
1日目から再開されます*
`フレンドポイント X 2000
6月交換券(2024) X 1
`*螺旋証明世界 リリムハーロット ～喝采なき薔薇～ アンケート復刻版
開幕記念 ログインボーナス*
*開催期間中、1日1回 最大21回 ログインボーナスをプレゼント！*
`黄金の果実 X 1
`_2024-06-07 18:08:18_
--------
*4baddfa18da1ed0717a7984b485c6fc2*
`登陆天数: 15天 / 652天
等级: 130
石头: 4037
呼符: 257
体力: 16343.953333333333 / 138
友情点: 0 / 470230`
*連続ログイン1日目
※ログインが途切れるか、7日到達すると
1日目から再開されます*
`フレンドポイント X 2000
6月交換券(2024) X 1
`*螺旋証明世界 リリムハーロット ～喝采なき薔薇～ アンケート復刻版
開幕記念 ログインボーナス*
*開催期間中、1日1回 最大21回 ログインボーナスをプレゼント！*
`黄金の果実 X 1
`_2024-06-07 18:08:26_
--------
