【登录信息】
*77a1a77b950c51520ad53d184d80c7b7*
`登陆天数: 17天 / 654天
等级: 130
石头: 4058
呼符: 144
体力: 22.476666666666674 / 138
友情点: 0 / 472100`
_2024-06-09 04:30:53_
--------
*dca79540c8eb4fe8fcbe7a665edbc3c6*
`登陆天数: 17天 / 655天
等级: 130
石头: 4075
呼符: 306
体力: 22.450000000000003 / 138
友情点: 0 / 470645`
_2024-06-09 04:31:01_
--------
*9aae06123d8ab0185b1f33e811f4a2dd*
`登陆天数: 17天 / 654天
等级: 130
石头: 4080
呼符: 97
体力: 22.42 / 138
友情点: 0 / 469860`
_2024-06-09 04:31:08_
--------
*26c45b1d160497cd0b69776bf6b44d66*
`登陆天数: 17天 / 655天
等级: 130
石头: 4057
呼符: 276
体力: 22.39333333333333 / 138
友情点: 0 / 469975`
_2024-06-09 04:31:16_
--------
*f7f9d37ed8ade1e2aead2b6fe086d093*
`登陆天数: 17天 / 654天
等级: 130
石头: 4076
呼符: 266
体力: 22.36666666666666 / 138
友情点: 0 / 469975`
_2024-06-09 04:31:24_
--------
*b9f107a712c9d24ffeaae1c6eeee9a48*
`登陆天数: 17天 / 655天
等级: 130
石头: 4060
呼符: 164
体力: 22.340000000000003 / 138
友情点: 0 / 470680`
_2024-06-09 04:31:32_
--------
*988e86c19baa41078af9669e606f801e*
`登陆天数: 17天 / 654天
等级: 130
石头: 4057
呼符: 33
体力: 22.313333333333333 / 138
友情点: 0 / 470495`
_2024-06-09 04:31:40_
--------
*70d8de62938f24620f9d0ca8a26eb857*
`登陆天数: 17天 / 655天
等级: 130
石头: 4072
呼符: 282
体力: 22.28333333333333 / 138
友情点: 0 / 470520`
_2024-06-09 04:31:48_
--------
*37642928f889e710af60c9d7c6027794*
`登陆天数: 17天 / 654天
等级: 130
石头: 4056
呼符: 54
体力: 22.25666666666666 / 138
友情点: 0 / 470915`
_2024-06-09 04:31:56_
--------
*f48d747398bceef53bf6fcb8c0915ba6*
`登陆天数: 17天 / 654天
等级: 130
石头: 4080
呼符: 55
体力: 22.230000000000004 / 138
友情点: 0 / 471260`
_2024-06-09 04:32:04_
--------
*483b063cff6ea57669b8f1c7c527bb8b*
`登陆天数: 17天 / 655天
等级: 130
石头: 4053
呼符: 220
体力: 22.203333333333333 / 138
友情点: 0 / 471300`
_2024-06-09 04:32:12_
--------
*5d7a5098096eff5d52ecdaa28db1b5cf*
`登陆天数: 17天 / 655天
等级: 130
石头: 4058
呼符: 264
体力: 22.176666666666662 / 138
友情点: 0 / 471810`
_2024-06-09 04:32:20_
--------
*b1a3114780fa5a9c62679b98eaf7d27e*
`登陆天数: 17天 / 655天
等级: 130
石头: 4059
呼符: 175
体力: 22.150000000000006 / 138
友情点: 0 / 471290`
_2024-06-09 04:32:27_
--------
*f59cdf165580179ca8ad1d77500cd6f9*
`登陆天数: 17天 / 654天
等级: 130
石头: 4080
呼符: 303
体力: 22.123333333333335 / 138
友情点: 0 / 470730`
_2024-06-09 04:32:35_
--------
*0070fdc8a0e6d8249bff1dda41d59afa*
`登陆天数: 17天 / 654天
等级: 130
石头: 4052
呼符: 203
体力: 22.093333333333334 / 138
友情点: 0 / 470880`
_2024-06-09 04:32:43_
--------
*52e2d4db57735885727f7640473b91d4*
`登陆天数: 17天 / 655天
等级: 130
石头: 4075
呼符: 222
体力: 22.066666666666663 / 138
友情点: 0 / 471220`
_2024-06-09 04:32:50_
--------
*9726de57c6420db68ae759d6cde46841*
`登陆天数: 17天 / 654天
等级: 130
石头: 4061
呼符: 146
体力: 22.040000000000006 / 138
友情点: 0 / 469485`
_2024-06-09 04:32:59_
--------
*a57f236d5aac2813aca900e757d6e70e*
`登陆天数: 17天 / 654天
等级: 130
石头: 4076
呼符: 313
体力: 22.013333333333335 / 138
友情点: 0 / 471965`
_2024-06-09 04:33:06_
--------
*1f6d6c3b1a9dfa49eb6114878bceeb0c*
`登陆天数: 17天 / 655天
等级: 130
石头: 4059
呼符: 199
体力: 21.986666666666665 / 138
友情点: 0 / 470305`
_2024-06-09 04:33:14_
--------
*229bc285d385f4240df451e88ba9f347*
`登陆天数: 17天 / 655天
等级: 130
石头: 4031
呼符: 141
体力: 21.956666666666663 / 138
友情点: 0 / 470555`
_2024-06-09 04:33:22_
--------
*93a73302cdd69e9041a3453a0500f414*
`登陆天数: 17天 / 654天
等级: 130
石头: 4060
呼符: 322
体力: 21.930000000000007 / 138
友情点: 0 / 472425`
_2024-06-09 04:33:30_
--------
*91082b4670e6c7e82b2c1d2d8466028c*
`登陆天数: 17天 / 654天
等级: 130
石头: 4059
呼符: 210
体力: 21.900000000000006 / 138
友情点: 0 / 470725`
_2024-06-09 04:33:37_
--------
*ea9a9ac18beb2a05102954ee5d462e24*
`登陆天数: 17天 / 655天
等级: 130
石头: 4082
呼符: 324
体力: 21.870000000000005 / 138
友情点: 0 / 471030`
_2024-06-09 04:33:45_
--------
*37001baca015ab2c466e4c94e9f5c466*
`登陆天数: 17天 / 655天
等级: 130
石头: 4044
呼符: 137
体力: 21.846666666666664 / 138
友情点: 0 / 470925`
_2024-06-09 04:33:53_
--------
*90c109921c919e892be469ae7e12a739*
`登陆天数: 17天 / 654天
等级: 130
石头: 4016
呼符: 262
体力: 21.819999999999993 / 138
友情点: 0 / 469655`
_2024-06-09 04:34:00_
--------
*b9204932f4616887c58f09d866aa6137*
`登陆天数: 17天 / 655天
等级: 130
石头: 4073
呼符: 311
体力: 21.790000000000006 / 138
友情点: 0 / 471990`
_2024-06-09 04:34:08_
--------
*79240654eaf1b93129471dcb932ab048*
`登陆天数: 17天 / 655天
等级: 130
石头: 4028
呼符: 255
体力: 21.763333333333335 / 138
友情点: 0 / 470865`
_2024-06-09 04:34:15_
--------
*b39d7f3f04f7a0bb527873a7024bb615*
`登陆天数: 17天 / 654天
等级: 130
石头: 4077
呼符: 224
体力: 21.730000000000004 / 138
友情点: 0 / 470045`
_2024-06-09 04:34:23_
--------
*be6d2ccaebede5896fa06339d9925038*
`登陆天数: 17天 / 654天
等级: 130
石头: 4077
呼符: 33
体力: 21.703333333333333 / 138
友情点: 0 / 472135`
_2024-06-09 04:34:31_
--------
*efeade3689d547498fa18f03ba20a2b8*
`登陆天数: 17天 / 654天
等级: 130
石头: 4045
呼符: 131
体力: 21.676666666666662 / 138
友情点: 0 / 471390`
_2024-06-09 04:34:39_
--------
*b9acdd2751712fe921542fbfa8e93863*
`登陆天数: 17天 / 654天
等级: 130
石头: 4059
呼符: 263
体力: 21.653333333333336 / 138
友情点: 0 / 470470`
_2024-06-09 04:34:47_
--------
*cd503491bd91d40ba9237d884ace7aa7*
`登陆天数: 17天 / 655天
等级: 130
石头: 4077
呼符: 328
体力: 21.626666666666665 / 138
友情点: 0 / 470465`
_2024-06-09 04:34:54_
--------
*d5e25846dac792da2d4714b3336eda78*
`登陆天数: 17天 / 655天
等级: 130
石头: 4055
呼符: 273
体力: 21.596666666666664 / 138
友情点: 0 / 469870`
_2024-06-09 04:35:02_
--------
*98c865ff0ef7968a29b0f2968533169f*
`登陆天数: 17天 / 655天
等级: 130
石头: 4076
呼符: 48
体力: 21.566666666666663 / 138
友情点: 0 / 472955`
_2024-06-09 04:35:10_
--------
*3e52ac51360c9e923ceb73492605e453*
`登陆天数: 17天 / 654天
等级: 130
石头: 4074
呼符: 89
体力: 21.540000000000006 / 138
友情点: 0 / 469675`
_2024-06-09 04:35:17_
--------
*c9bd008b9291506a838d094d2e714e44*
`登陆天数: 17天 / 655天
等级: 130
石头: 4056
呼符: 311
体力: 21.513333333333335 / 138
友情点: 0 / 471125`
_2024-06-09 04:35:25_
--------
*1899f999f07f2f4c1f5d9d627e0e677b*
`登陆天数: 17天 / 655天
等级: 130
石头: 4009
呼符: 258
体力: 21.476666666666674 / 138
友情点: 0 / 470360`
_2024-06-09 04:35:33_
--------
*325bcd9ed4d2ddbf0d84cfbc3ab331ac*
`登陆天数: 15天 / 653天
等级: 130
石头: 4084
呼符: 326
体力: 21.450000000000003 / 138
友情点: 0 / 473125`
_2024-06-09 04:35:40_
--------
*c98afaa313e196865b53a37f777bc18c*
`登陆天数: 15天 / 653天
等级: 130
石头: 4077
呼符: 269
体力: 21.42 / 138
友情点: 0 / 473250`
_2024-06-09 04:35:48_
--------
*7398d8c0e7ef509e9dbc3650dd95e8a9*
`登陆天数: 17天 / 654天
等级: 130
石头: 4079
呼符: 307
体力: 21.39333333333333 / 138
友情点: 0 / 471325`
_2024-06-09 04:35:56_
--------
*ebe43b96a317c6bb52140f8822b7bb66*
`登陆天数: 17天 / 655天
等级: 130
石头: 4060
呼符: 180
体力: 21.36666666666666 / 138
友情点: 0 / 471750`
_2024-06-09 04:36:03_
--------
*75e2c8db9e56d5764d096803d48c4e17*
`登陆天数: 17天 / 655天
等级: 130
石头: 4078
呼符: 256
体力: 21.336666666666673 / 138
友情点: 0 / 469825`
_2024-06-09 04:36:11_
--------
*578ee215909eba8a3e435a1d693fca29*
`登陆天数: 17天 / 654天
等级: 130
石头: 4064
呼符: 305
体力: 21.310000000000002 / 138
友情点: 0 / 471005`
_2024-06-09 04:36:19_
--------
*bf5b3c4c154991c81daf97e221daddcf*
`登陆天数: 17天 / 655天
等级: 130
石头: 4060
呼符: 103
体力: 21.28 / 138
友情点: 0 / 472645`
_2024-06-09 04:36:26_
--------
*ec2ed584c5e5eb081e6b14c48e57a543*
`登陆天数: 17天 / 655天
等级: 130
石头: 4081
呼符: 315
体力: 21.25333333333333 / 138
友情点: 0 / 470245`
_2024-06-09 04:36:34_
--------
*2921cb2d2ea2d52ec68bf4e4efb746a6*
`登陆天数: 17天 / 654天
等级: 130
石头: 4057
呼符: 323
体力: 21.230000000000004 / 138
友情点: 0 / 471480`
_2024-06-09 04:36:41_
--------
*f1b4a80b020805ae6b1b4c0fa0a69443*
`登陆天数: 17天 / 655天
等级: 130
石头: 4075
呼符: 194
体力: 21.203333333333333 / 138
友情点: 0 / 470080`
_2024-06-09 04:36:49_
--------
*e9fef87dbc54a02e7ef717990946c8a9*
`登陆天数: 17天 / 655天
等级: 130
石头: 4058
呼符: 286
体力: 21.17 / 138
友情点: 0 / 469220`
_2024-06-09 04:36:57_
--------
*f2f4287a8e812b25dfab0904488dba3d*
`登陆天数: 17天 / 654天
等级: 130
石头: 4057
呼符: 276
体力: 21.14666666666666 / 138
友情点: 0 / 470415`
_2024-06-09 04:37:05_
--------
*4baddfa18da1ed0717a7984b485c6fc2*
`登陆天数: 17天 / 654天
等级: 130
石头: 4037
呼符: 257
体力: 16757.706666666665 / 138
友情点: 0 / 470230`
_2024-06-09 04:37:13_
--------
