【登录信息】
*77a1a77b950c51520ad53d184d80c7b7*
`登陆天数: 18天 / 655天
等级: 130
石头: 4059
呼符: 144
体力: 31.14666666666666 / 138
友情点: 0 / 466100`
_2024-06-10 04:35:48_
--------
*dca79540c8eb4fe8fcbe7a665edbc3c6*
`登陆天数: 18天 / 656天
等级: 130
石头: 4076
呼符: 306
体力: 31.11333333333333 / 138
友情点: 0 / 464645`
_2024-06-10 04:35:56_
--------
*9aae06123d8ab0185b1f33e811f4a2dd*
`登陆天数: 18天 / 655天
等级: 130
石头: 4081
呼符: 97
体力: 31.08333333333333 / 138
友情点: 0 / 463860`
_2024-06-10 04:36:03_
--------
*26c45b1d160497cd0b69776bf6b44d66*
`登陆天数: 18天 / 656天
等级: 130
石头: 4058
呼符: 276
体力: 31.049999999999997 / 138
友情点: 0 / 463975`
_2024-06-10 04:36:11_
--------
*f7f9d37ed8ade1e2aead2b6fe086d093*
`登陆天数: 18天 / 655天
等级: 130
石头: 4077
呼符: 266
体力: 31.019999999999996 / 138
友情点: 0 / 463975`
_2024-06-10 04:36:18_
--------
*b9f107a712c9d24ffeaae1c6eeee9a48*
`登陆天数: 18天 / 656天
等级: 130
石头: 4061
呼符: 164
体力: 30.983333333333334 / 138
友情点: 0 / 464680`
_2024-06-10 04:36:26_
--------
*988e86c19baa41078af9669e606f801e*
`登陆天数: 18天 / 655天
等级: 130
石头: 4058
呼符: 33
体力: 30.953333333333333 / 138
友情点: 0 / 464495`
_2024-06-10 04:36:33_
--------
*70d8de62938f24620f9d0ca8a26eb857*
`登陆天数: 18天 / 656天
等级: 130
石头: 4073
呼符: 282
体力: 30.92 / 138
友情点: 0 / 464520`
_2024-06-10 04:36:41_
--------
*37642928f889e710af60c9d7c6027794*
`登陆天数: 18天 / 655天
等级: 130
石头: 4057
呼符: 54
体力: 30.89 / 138
友情点: 0 / 464915`
_2024-06-10 04:36:49_
--------
*f48d747398bceef53bf6fcb8c0915ba6*
`登陆天数: 18天 / 655天
等级: 130
石头: 4081
呼符: 55
体力: 30.86 / 138
友情点: 0 / 465260`
_2024-06-10 04:36:56_
--------
*483b063cff6ea57669b8f1c7c527bb8b*
`登陆天数: 18天 / 656天
等级: 130
石头: 4054
呼符: 220
体力: 30.83 / 138
友情点: 0 / 465300`
_2024-06-10 04:37:04_
--------
*5d7a5098096eff5d52ecdaa28db1b5cf*
`登陆天数: 18天 / 656天
等级: 130
石头: 4059
呼符: 264
体力: 30.799999999999997 / 138
友情点: 0 / 465810`
_2024-06-10 04:37:12_
--------
*b1a3114780fa5a9c62679b98eaf7d27e*
`登陆天数: 18天 / 656天
等级: 130
石头: 4060
呼符: 175
体力: 30.766666666666666 / 138
友情点: 0 / 465290`
_2024-06-10 04:37:19_
--------
*f59cdf165580179ca8ad1d77500cd6f9*
`登陆天数: 18天 / 655天
等级: 130
石头: 4081
呼符: 303
体力: 30.733333333333334 / 138
友情点: 0 / 464730`
_2024-06-10 04:37:27_
--------
*0070fdc8a0e6d8249bff1dda41d59afa*
`登陆天数: 18天 / 655天
等级: 130
石头: 4053
呼符: 203
体力: 30.706666666666663 / 138
友情点: 0 / 464880`
_2024-06-10 04:37:34_
--------
*52e2d4db57735885727f7640473b91d4*
`登陆天数: 18天 / 656天
等级: 130
石头: 4076
呼符: 222
体力: 30.67 / 138
友情点: 0 / 465220`
_2024-06-10 04:37:42_
--------
*9726de57c6420db68ae759d6cde46841*
`登陆天数: 18天 / 655天
等级: 130
石头: 4062
呼符: 146
体力: 30.64 / 138
友情点: 0 / 463485`
_2024-06-10 04:37:50_
--------
*a57f236d5aac2813aca900e757d6e70e*
`登陆天数: 18天 / 655天
等级: 130
石头: 4077
呼符: 313
体力: 30.61 / 138
友情点: 0 / 465965`
_2024-06-10 04:37:57_
--------
*1f6d6c3b1a9dfa49eb6114878bceeb0c*
`登陆天数: 18天 / 656天
等级: 130
石头: 4060
呼符: 199
体力: 30.576666666666668 / 138
友情点: 0 / 464305`
_2024-06-10 04:38:05_
--------
*229bc285d385f4240df451e88ba9f347*
`登陆天数: 18天 / 656天
等级: 130
石头: 4032
呼符: 141
体力: 30.549999999999997 / 138
友情点: 0 / 464555`
_2024-06-10 04:38:12_
--------
*93a73302cdd69e9041a3453a0500f414*
`登陆天数: 18天 / 655天
等级: 130
石头: 4061
呼符: 322
体力: 30.519999999999996 / 138
友情点: 0 / 466425`
_2024-06-10 04:38:20_
--------
*91082b4670e6c7e82b2c1d2d8466028c*
`登陆天数: 18天 / 655天
等级: 130
石头: 4060
呼符: 210
体力: 30.49333333333334 / 138
友情点: 0 / 464725`
_2024-06-10 04:38:27_
--------
*ea9a9ac18beb2a05102954ee5d462e24*
`登陆天数: 18天 / 656天
等级: 130
石头: 4083
呼符: 324
体力: 30.459999999999994 / 138
友情点: 0 / 465030`
_2024-06-10 04:38:35_
--------
*37001baca015ab2c466e4c94e9f5c466*
`登陆天数: 18天 / 656天
等级: 130
石头: 4045
呼符: 137
体力: 30.430000000000007 / 138
友情点: 0 / 464925`
_2024-06-10 04:38:42_
--------
*90c109921c919e892be469ae7e12a739*
`登陆天数: 18天 / 655天
等级: 130
石头: 4017
呼符: 262
体力: 30.400000000000006 / 138
友情点: 0 / 463655`
_2024-06-10 04:38:50_
--------
*b9204932f4616887c58f09d866aa6137*
`登陆天数: 18天 / 656天
等级: 130
石头: 4074
呼符: 311
体力: 30.36666666666666 / 138
友情点: 0 / 465990`
_2024-06-10 04:38:58_
--------
*79240654eaf1b93129471dcb932ab048*
`登陆天数: 18天 / 656天
等级: 130
石头: 4029
呼符: 255
体力: 30.340000000000003 / 138
友情点: 0 / 464865`
_2024-06-10 04:39:05_
--------
*b39d7f3f04f7a0bb527873a7024bb615*
`登陆天数: 18天 / 655天
等级: 130
石头: 4078
呼符: 224
体力: 30.310000000000002 / 138
友情点: 0 / 464045`
_2024-06-10 04:39:13_
--------
*be6d2ccaebede5896fa06339d9925038*
`登陆天数: 18天 / 655天
等级: 130
石头: 4078
呼符: 33
体力: 30.28 / 138
友情点: 0 / 466135`
_2024-06-10 04:39:20_
--------
*efeade3689d547498fa18f03ba20a2b8*
`登陆天数: 18天 / 655天
等级: 130
石头: 4046
呼符: 131
体力: 30.24666666666667 / 138
友情点: 0 / 465390`
_2024-06-10 04:39:28_
--------
*b9acdd2751712fe921542fbfa8e93863*
`登陆天数: 18天 / 655天
等级: 130
石头: 4060
呼符: 263
体力: 30.22 / 138
友情点: 0 / 464470`
_2024-06-10 04:39:36_
--------
*cd503491bd91d40ba9237d884ace7aa7*
`登陆天数: 18天 / 656天
等级: 130
石头: 4078
呼符: 328
体力: 30.189999999999998 / 138
友情点: 0 / 464465`
_2024-06-10 04:39:43_
--------
*d5e25846dac792da2d4714b3336eda78*
`登陆天数: 18天 / 656天
等级: 130
石头: 4056
呼符: 273
体力: 30.153333333333336 / 138
友情点: 0 / 463870`
_2024-06-10 04:39:51_
--------
*98c865ff0ef7968a29b0f2968533169f*
`登陆天数: 18天 / 656天
等级: 130
石头: 4077
呼符: 48
体力: 30.126666666666665 / 138
友情点: 0 / 466955`
_2024-06-10 04:39:59_
--------
*3e52ac51360c9e923ceb73492605e453*
`登陆天数: 18天 / 655天
等级: 130
石头: 4075
呼符: 89
体力: 30.096666666666664 / 138
友情点: 0 / 463675`
_2024-06-10 04:40:06_
--------
*c9bd008b9291506a838d094d2e714e44*
`登陆天数: 18天 / 656天
等级: 130
石头: 4057
呼符: 311
体力: 30.066666666666663 / 138
友情点: 0 / 465125`
_2024-06-10 04:40:14_
--------
*1899f999f07f2f4c1f5d9d627e0e677b*
`登陆天数: 18天 / 656天
等级: 130
石头: 4010
呼符: 258
体力: 30.03666666666666 / 138
友情点: 0 / 464360`
_2024-06-10 04:40:21_
--------
*325bcd9ed4d2ddbf0d84cfbc3ab331ac*
`登陆天数: 16天 / 654天
等级: 130
石头: 4085
呼符: 326
体力: 30.00333333333333 / 138
友情点: 0 / 467125`
_2024-06-10 04:40:29_
--------
*c98afaa313e196865b53a37f777bc18c*
`登陆天数: 16天 / 654天
等级: 130
石头: 4078
呼符: 269
体力: 29.976666666666674 / 138
友情点: 0 / 467250`
_2024-06-10 04:40:36_
--------
*7398d8c0e7ef509e9dbc3650dd95e8a9*
`登陆天数: 18天 / 655天
等级: 130
石头: 4080
呼符: 307
体力: 29.946666666666673 / 138
友情点: 0 / 465325`
_2024-06-10 04:40:44_
--------
*ebe43b96a317c6bb52140f8822b7bb66*
`登陆天数: 18天 / 656天
等级: 130
石头: 4061
呼符: 180
体力: 29.91666666666667 / 138
友情点: 0 / 465750`
_2024-06-10 04:40:52_
--------
*75e2c8db9e56d5764d096803d48c4e17*
`登陆天数: 18天 / 656天
等级: 130
石头: 4079
呼符: 256
体力: 29.89 / 138
友情点: 0 / 463825`
_2024-06-10 04:40:59_
--------
*578ee215909eba8a3e435a1d693fca29*
`登陆天数: 18天 / 655天
等级: 130
石头: 4065
呼符: 305
体力: 29.85666666666667 / 138
友情点: 0 / 465005`
_2024-06-10 04:41:07_
--------
*bf5b3c4c154991c81daf97e221daddcf*
`登陆天数: 18天 / 656天
等级: 130
石头: 4061
呼符: 103
体力: 29.826666666666668 / 138
友情点: 0 / 466645`
_2024-06-10 04:41:14_
--------
*ec2ed584c5e5eb081e6b14c48e57a543*
`登陆天数: 18天 / 656天
等级: 130
石头: 4082
呼符: 315
体力: 29.793333333333337 / 138
友情点: 0 / 464245`
_2024-06-10 04:41:22_
--------
*2921cb2d2ea2d52ec68bf4e4efb746a6*
`登陆天数: 18天 / 655天
等级: 130
石头: 4058
呼符: 323
体力: 29.766666666666666 / 138
友情点: 0 / 465480`
_2024-06-10 04:41:29_
--------
*f1b4a80b020805ae6b1b4c0fa0a69443*
`登陆天数: 18天 / 656天
等级: 130
石头: 4076
呼符: 194
体力: 29.736666666666665 / 138
友情点: 0 / 464080`
_2024-06-10 04:41:37_
--------
*e9fef87dbc54a02e7ef717990946c8a9*
`登陆天数: 18天 / 656天
等级: 130
石头: 4059
呼符: 286
体力: 29.703333333333333 / 138
友情点: 0 / 463220`
_2024-06-10 04:41:45_
--------
*f2f4287a8e812b25dfab0904488dba3d*
`登陆天数: 18天 / 655天
等级: 130
石头: 4058
呼符: 276
体力: 29.673333333333332 / 138
友情点: 0 / 464415`
_2024-06-10 04:41:53_
--------
*4baddfa18da1ed0717a7984b485c6fc2*
`登陆天数: 18天 / 655天
等级: 130
石头: 4037
呼符: 257
体力: 17046.663333333334 / 138
友情点: 0 / 470230`
_2024-06-10 04:42:00_
--------
