【登录信息】
*77a1a77b950c51520ad53d184d80c7b7*
`登陆天数: 19天 / 656天
等级: 130
石头: 4059
呼符: 144
体力: 30.803333333333327 / 138
友情点: 0 / 460100`
_2024-06-11 04:34:10_
--------
*dca79540c8eb4fe8fcbe7a665edbc3c6*
`登陆天数: 19天 / 657天
等级: 130
石头: 4076
呼符: 306
体力: 30.769999999999996 / 138
友情点: 0 / 458645`
_2024-06-11 04:34:18_
--------
*9aae06123d8ab0185b1f33e811f4a2dd*
`登陆天数: 19天 / 656天
等级: 130
石头: 4081
呼符: 97
体力: 30.739999999999995 / 138
友情点: 0 / 457860`
_2024-06-11 04:34:26_
--------
*26c45b1d160497cd0b69776bf6b44d66*
`登陆天数: 19天 / 657天
等级: 130
石头: 4058
呼符: 276
体力: 30.709999999999994 / 138
友情点: 0 / 457975`
_2024-06-11 04:34:34_
--------
*f7f9d37ed8ade1e2aead2b6fe086d093*
`登陆天数: 19天 / 656天
等级: 130
石头: 4077
呼符: 266
体力: 30.680000000000007 / 138
友情点: 0 / 457975`
_2024-06-11 04:34:41_
--------
*b9f107a712c9d24ffeaae1c6eeee9a48*
`登陆天数: 19天 / 657天
等级: 130
石头: 4061
呼符: 164
体力: 30.653333333333336 / 138
友情点: 0 / 458680`
_2024-06-11 04:34:49_
--------
*988e86c19baa41078af9669e606f801e*
`登陆天数: 19天 / 656天
等级: 130
石头: 4058
呼符: 33
体力: 30.623333333333335 / 138
友情点: 0 / 458495`
_2024-06-11 04:34:57_
--------
*70d8de62938f24620f9d0ca8a26eb857*
`登陆天数: 19天 / 657天
等级: 130
石头: 4073
呼符: 282
体力: 30.593333333333334 / 138
友情点: 0 / 458520`
_2024-06-11 04:35:05_
--------
*37642928f889e710af60c9d7c6027794*
`登陆天数: 19天 / 656天
等级: 130
石头: 4057
呼符: 54
体力: 30.566666666666663 / 138
友情点: 0 / 458915`
_2024-06-11 04:35:14_
--------
*f48d747398bceef53bf6fcb8c0915ba6*
`登陆天数: 19天 / 656天
等级: 130
石头: 4081
呼符: 55
体力: 30.543333333333337 / 138
友情点: 0 / 459260`
_2024-06-11 04:35:22_
--------
*483b063cff6ea57669b8f1c7c527bb8b*
`登陆天数: 19天 / 657天
等级: 130
石头: 4054
呼符: 220
体力: 30.513333333333335 / 138
友情点: 0 / 459300`
_2024-06-11 04:35:30_
--------
*5d7a5098096eff5d52ecdaa28db1b5cf*
`登陆天数: 19天 / 657天
等级: 130
石头: 4059
呼符: 264
体力: 30.489999999999995 / 138
友情点: 0 / 459810`
_2024-06-11 04:35:38_
--------
*b1a3114780fa5a9c62679b98eaf7d27e*
`登陆天数: 19天 / 657天
等级: 130
石头: 4060
呼符: 175
体力: 30.456666666666663 / 138
友情点: 0 / 459290`
_2024-06-11 04:35:46_
--------
*f59cdf165580179ca8ad1d77500cd6f9*
`登陆天数: 19天 / 656天
等级: 130
石头: 4081
呼符: 303
体力: 30.426666666666662 / 138
友情点: 0 / 458730`
_2024-06-11 04:35:53_
--------
*0070fdc8a0e6d8249bff1dda41d59afa*
`登陆天数: 19天 / 656天
等级: 130
石头: 4053
呼符: 203
体力: 30.400000000000006 / 138
友情点: 0 / 458880`
_2024-06-11 04:36:01_
--------
*52e2d4db57735885727f7640473b91d4*
`登陆天数: 19天 / 657天
等级: 130
石头: 4076
呼符: 222
体力: 30.370000000000005 / 138
友情点: 0 / 459220`
_2024-06-11 04:36:09_
--------
*9726de57c6420db68ae759d6cde46841*
`登陆天数: 19天 / 656天
等级: 130
石头: 4062
呼符: 146
体力: 30.343333333333334 / 138
友情点: 0 / 457485`
_2024-06-11 04:36:18_
--------
*a57f236d5aac2813aca900e757d6e70e*
`登陆天数: 19天 / 656天
等级: 130
石头: 4077
呼符: 313
体力: 30.319999999999993 / 138
友情点: 0 / 459965`
_2024-06-11 04:36:26_
--------
*1f6d6c3b1a9dfa49eb6114878bceeb0c*
`登陆天数: 19天 / 657天
等级: 130
石头: 4060
呼符: 199
体力: 30.293333333333337 / 138
友情点: 0 / 458305`
_2024-06-11 04:36:34_
--------
*229bc285d385f4240df451e88ba9f347*
`登陆天数: 19天 / 657天
等级: 130
石头: 4032
呼符: 141
体力: 30.263333333333335 / 138
友情点: 0 / 458555`
_2024-06-11 04:36:42_
--------
*93a73302cdd69e9041a3453a0500f414*
`登陆天数: 19天 / 656天
等级: 130
石头: 4061
呼符: 322
体力: 30.236666666666665 / 138
友情点: 0 / 460425`
_2024-06-11 04:36:49_
--------
*91082b4670e6c7e82b2c1d2d8466028c*
`登陆天数: 19天 / 656天
等级: 130
石头: 4060
呼符: 210
体力: 30.209999999999994 / 138
友情点: 0 / 458725`
_2024-06-11 04:36:57_
--------
*ea9a9ac18beb2a05102954ee5d462e24*
`登陆天数: 19天 / 657天
等级: 130
石头: 4083
呼符: 324
体力: 30.183333333333337 / 138
友情点: 0 / 459030`
_2024-06-11 04:37:05_
--------
*37001baca015ab2c466e4c94e9f5c466*
`登陆天数: 19天 / 657天
等级: 130
石头: 4045
呼符: 137
体力: 30.156666666666666 / 138
友情点: 0 / 458925`
_2024-06-11 04:37:13_
--------
*90c109921c919e892be469ae7e12a739*
`登陆天数: 19天 / 656天
等级: 130
石头: 4017
呼符: 262
体力: 30.129999999999995 / 138
友情点: 0 / 457655`
_2024-06-11 04:37:22_
--------
*b9204932f4616887c58f09d866aa6137*
`登陆天数: 19天 / 657天
等级: 130
石头: 4074
呼符: 311
体力: 30.10333333333334 / 138
友情点: 0 / 459990`
_2024-06-11 04:37:29_
--------
*79240654eaf1b93129471dcb932ab048*
`登陆天数: 19天 / 657天
等级: 130
石头: 4029
呼符: 255
体力: 30.076666666666668 / 138
友情点: 0 / 458865`
_2024-06-11 04:37:37_
--------
*b39d7f3f04f7a0bb527873a7024bb615*
`登陆天数: 19天 / 656天
等级: 130
石头: 4078
呼符: 224
体力: 30.049999999999997 / 138
友情点: 0 / 458045`
_2024-06-11 04:37:45_
--------
*be6d2ccaebede5896fa06339d9925038*
`登陆天数: 19天 / 656天
等级: 130
石头: 4078
呼符: 33
体力: 30.019999999999996 / 138
友情点: 0 / 460135`
_2024-06-11 04:37:53_
--------
*efeade3689d547498fa18f03ba20a2b8*
`登陆天数: 19天 / 656天
等级: 130
石头: 4046
呼符: 131
体力: 29.99333333333334 / 138
友情点: 0 / 459390`
_2024-06-11 04:38:01_
--------
*b9acdd2751712fe921542fbfa8e93863*
`登陆天数: 19天 / 656天
等级: 130
石头: 4060
呼符: 263
体力: 29.96333333333334 / 138
友情点: 0 / 458470`
_2024-06-11 04:38:09_
--------
*cd503491bd91d40ba9237d884ace7aa7*
`登陆天数: 19天 / 657天
等级: 130
石头: 4078
呼符: 328
体力: 29.930000000000007 / 138
友情点: 0 / 458465`
_2024-06-11 04:38:17_
--------
*d5e25846dac792da2d4714b3336eda78*
`登陆天数: 19天 / 657天
等级: 130
石头: 4056
呼符: 273
体力: 29.906666666666666 / 138
友情点: 0 / 457870`
_2024-06-11 04:38:25_
--------
*98c865ff0ef7968a29b0f2968533169f*
`登陆天数: 19天 / 657天
等级: 130
石头: 4077
呼符: 48
体力: 29.876666666666665 / 138
友情点: 0 / 460955`
_2024-06-11 04:38:33_
--------
*3e52ac51360c9e923ceb73492605e453*
`登陆天数: 19天 / 656天
等级: 130
石头: 4075
呼符: 89
体力: 29.846666666666664 / 138
友情点: 0 / 457675`
_2024-06-11 04:38:41_
--------
*c9bd008b9291506a838d094d2e714e44*
`登陆天数: 19天 / 657天
等级: 130
石头: 4057
呼符: 311
体力: 29.819999999999993 / 138
友情点: 0 / 459125`
_2024-06-11 04:38:49_
--------
*1899f999f07f2f4c1f5d9d627e0e677b*
`登陆天数: 19天 / 657天
等级: 130
石头: 4010
呼符: 258
体力: 29.78666666666666 / 138
友情点: 0 / 458360`
_2024-06-11 04:38:57_
--------
*325bcd9ed4d2ddbf0d84cfbc3ab331ac*
`登陆天数: 17天 / 655天
等级: 130
石头: 4085
呼符: 326
体力: 29.760000000000005 / 138
友情点: 0 / 461125`
_2024-06-11 04:39:05_
--------
*c98afaa313e196865b53a37f777bc18c*
`登陆天数: 17天 / 655天
等级: 130
石头: 4078
呼符: 269
体力: 29.733333333333334 / 138
友情点: 0 / 461250`
_2024-06-11 04:39:12_
--------
*7398d8c0e7ef509e9dbc3650dd95e8a9*
`登陆天数: 19天 / 656天
等级: 130
石头: 4080
呼符: 307
体力: 29.706666666666663 / 138
友情点: 0 / 459325`
_2024-06-11 04:39:20_
--------
*ebe43b96a317c6bb52140f8822b7bb66*
`登陆天数: 19天 / 657天
等级: 130
石头: 4061
呼符: 180
体力: 29.680000000000007 / 138
友情点: 0 / 459750`
_2024-06-11 04:39:29_
--------
*75e2c8db9e56d5764d096803d48c4e17*
`登陆天数: 19天 / 657天
等级: 130
石头: 4079
呼符: 256
体力: 29.653333333333336 / 138
友情点: 0 / 457825`
_2024-06-11 04:39:37_
--------
*578ee215909eba8a3e435a1d693fca29*
`登陆天数: 19天 / 656天
等级: 130
石头: 4065
呼符: 305
体力: 29.626666666666665 / 138
友情点: 0 / 459005`
_2024-06-11 04:39:45_
--------
*bf5b3c4c154991c81daf97e221daddcf*
`登陆天数: 19天 / 657天
等级: 130
石头: 4061
呼符: 103
体力: 29.599999999999994 / 138
友情点: 0 / 460645`
_2024-06-11 04:39:53_
--------
*ec2ed584c5e5eb081e6b14c48e57a543*
`登陆天数: 19天 / 657天
等级: 130
石头: 4082
呼符: 315
体力: 29.569999999999993 / 138
友情点: 0 / 458245`
_2024-06-11 04:40:01_
--------
*2921cb2d2ea2d52ec68bf4e4efb746a6*
`登陆天数: 19天 / 656天
等级: 130
石头: 4058
呼符: 323
体力: 29.540000000000006 / 138
友情点: 0 / 459480`
_2024-06-11 04:40:09_
--------
*f1b4a80b020805ae6b1b4c0fa0a69443*
`登陆天数: 19天 / 657天
等级: 130
石头: 4076
呼符: 194
体力: 29.510000000000005 / 138
友情点: 0 / 458080`
_2024-06-11 04:40:17_
--------
*e9fef87dbc54a02e7ef717990946c8a9*
`登陆天数: 19天 / 657天
等级: 130
石头: 4059
呼符: 286
体力: 29.483333333333334 / 138
友情点: 0 / 457220`
_2024-06-11 04:40:25_
--------
*f2f4287a8e812b25dfab0904488dba3d*
`登陆天数: 19天 / 656天
等级: 130
石头: 4058
呼符: 276
体力: 29.453333333333333 / 138
友情点: 0 / 458415`
_2024-06-11 04:40:33_
--------
*4baddfa18da1ed0717a7984b485c6fc2*
`登陆天数: 19天 / 656天
等级: 130
石头: 4037
呼符: 257
体力: 17334.403333333332 / 138
友情点: 0 / 470230`
_2024-06-11 04:40:41_
--------
