【登录信息】
*77a1a77b950c51520ad53d184d80c7b7*
`登陆天数: 20天 / 657天
等级: 130
石头: 4061
呼符: 144
体力: 30.11666666666666 / 138
友情点: 0 / 454100`
_2024-06-12 04:31:25_
--------
*dca79540c8eb4fe8fcbe7a665edbc3c6*
`登陆天数: 20天 / 658天
等级: 130
石头: 4078
呼符: 306
体力: 30.08333333333333 / 138
友情点: 0 / 452645`
_2024-06-12 04:31:33_
--------
*9aae06123d8ab0185b1f33e811f4a2dd*
`登陆天数: 20天 / 657天
等级: 130
石头: 4083
呼符: 97
体力: 30.049999999999997 / 138
友情点: 0 / 451860`
_2024-06-12 04:31:41_
--------
*26c45b1d160497cd0b69776bf6b44d66*
`登陆天数: 20天 / 658天
等级: 130
石头: 4060
呼符: 276
体力: 30.019999999999996 / 138
友情点: 0 / 451975`
_2024-06-12 04:31:49_
--------
*f7f9d37ed8ade1e2aead2b6fe086d093*
`登陆天数: 20天 / 657天
等级: 130
石头: 4079
呼符: 266
体力: 29.989999999999995 / 138
友情点: 0 / 451975`
_2024-06-12 04:31:56_
--------
*b9f107a712c9d24ffeaae1c6eeee9a48*
`登陆天数: 20天 / 658天
等级: 130
石头: 4063
呼符: 164
体力: 29.959999999999994 / 138
友情点: 0 / 452680`
_2024-06-12 04:32:04_
--------
*988e86c19baa41078af9669e606f801e*
`登陆天数: 20天 / 657天
等级: 130
石头: 4060
呼符: 33
体力: 29.926666666666662 / 138
友情点: 0 / 452495`
_2024-06-12 04:32:12_
--------
*70d8de62938f24620f9d0ca8a26eb857*
`登陆天数: 20天 / 658天
等级: 130
石头: 4075
呼符: 282
体力: 29.89666666666666 / 138
友情点: 0 / 452520`
_2024-06-12 04:32:20_
--------
*37642928f889e710af60c9d7c6027794*
`登陆天数: 20天 / 657天
等级: 130
石头: 4059
呼符: 54
体力: 29.86666666666666 / 138
友情点: 0 / 452915`
_2024-06-12 04:32:27_
--------
*f48d747398bceef53bf6fcb8c0915ba6*
`登陆天数: 20天 / 657天
等级: 130
石头: 4083
呼符: 55
体力: 29.836666666666673 / 138
友情点: 0 / 453260`
_2024-06-12 04:32:35_
--------
*483b063cff6ea57669b8f1c7c527bb8b*
`登陆天数: 20天 / 658天
等级: 130
石头: 4056
呼符: 220
体力: 29.806666666666672 / 138
友情点: 0 / 453300`
_2024-06-12 04:32:43_
--------
*5d7a5098096eff5d52ecdaa28db1b5cf*
`登陆天数: 20天 / 658天
等级: 130
石头: 4061
呼符: 264
体力: 29.773333333333326 / 138
友情点: 0 / 453810`
_2024-06-12 04:32:51_
--------
*b1a3114780fa5a9c62679b98eaf7d27e*
`登陆天数: 20天 / 658天
等级: 130
石头: 4062
呼符: 175
体力: 29.74333333333334 / 138
友情点: 0 / 453290`
_2024-06-12 04:32:59_
--------
*f59cdf165580179ca8ad1d77500cd6f9*
`登陆天数: 20天 / 657天
等级: 130
石头: 4083
呼符: 303
体力: 29.71666666666667 / 138
友情点: 0 / 452730`
_2024-06-12 04:33:07_
--------
*0070fdc8a0e6d8249bff1dda41d59afa*
`登陆天数: 20天 / 657天
等级: 130
石头: 4055
呼符: 203
体力: 29.686666666666667 / 138
友情点: 0 / 452880`
_2024-06-12 04:33:15_
--------
*52e2d4db57735885727f7640473b91d4*
`登陆天数: 20天 / 658天
等级: 130
石头: 4078
呼符: 222
体力: 29.656666666666666 / 138
友情点: 0 / 453220`
_2024-06-12 04:33:23_
--------
*9726de57c6420db68ae759d6cde46841*
`登陆天数: 20天 / 657天
等级: 130
石头: 4064
呼符: 146
体力: 29.626666666666665 / 138
友情点: 0 / 451485`
_2024-06-12 04:33:31_
--------
*a57f236d5aac2813aca900e757d6e70e*
`登陆天数: 20天 / 657天
等级: 130
石头: 4079
呼符: 313
体力: 29.596666666666664 / 138
友情点: 0 / 453965`
_2024-06-12 04:33:38_
--------
*1f6d6c3b1a9dfa49eb6114878bceeb0c*
`登陆天数: 20天 / 658天
等级: 130
石头: 4062
呼符: 199
体力: 29.566666666666663 / 138
友情点: 0 / 452305`
_2024-06-12 04:33:46_
--------
*229bc285d385f4240df451e88ba9f347*
`登陆天数: 20天 / 658天
等级: 130
石头: 4034
呼符: 141
体力: 29.53666666666666 / 138
友情点: 0 / 452555`
_2024-06-12 04:33:54_
--------
*93a73302cdd69e9041a3453a0500f414*
`登陆天数: 20天 / 657天
等级: 130
石头: 4063
呼符: 322
体力: 29.50333333333333 / 138
友情点: 0 / 454425`
_2024-06-12 04:34:02_
--------
*91082b4670e6c7e82b2c1d2d8466028c*
`登陆天数: 20天 / 657天
等级: 130
石头: 4062
呼符: 210
体力: 29.476666666666674 / 138
友情点: 0 / 452725`
_2024-06-12 04:34:11_
--------
*ea9a9ac18beb2a05102954ee5d462e24*
`登陆天数: 20天 / 658天
等级: 130
石头: 4085
呼符: 324
体力: 29.446666666666673 / 138
友情点: 0 / 453030`
_2024-06-12 04:34:18_
--------
*37001baca015ab2c466e4c94e9f5c466*
`登陆天数: 20天 / 658天
等级: 130
石头: 4047
呼符: 137
体力: 29.41666666666667 / 138
友情点: 0 / 452925`
_2024-06-12 04:34:26_
--------
*90c109921c919e892be469ae7e12a739*
`登陆天数: 20天 / 657天
等级: 130
石头: 4019
呼符: 262
体力: 29.38666666666667 / 138
友情点: 0 / 451655`
_2024-06-12 04:34:35_
--------
*b9204932f4616887c58f09d866aa6137*
`登陆天数: 20天 / 658天
等级: 130
石头: 4076
呼符: 311
体力: 29.36 / 138
友情点: 0 / 453990`
_2024-06-12 04:34:42_
--------
*79240654eaf1b93129471dcb932ab048*
`登陆天数: 20天 / 658天
等级: 130
石头: 4031
呼符: 255
体力: 29.33 / 138
友情点: 0 / 452865`
_2024-06-12 04:34:50_
--------
*b39d7f3f04f7a0bb527873a7024bb615*
`登陆天数: 20天 / 657天
等级: 130
石头: 4080
呼符: 224
体力: 29.299999999999997 / 138
友情点: 0 / 452045`
_2024-06-12 04:34:58_
--------
*be6d2ccaebede5896fa06339d9925038*
`登陆天数: 20天 / 657天
等级: 130
石头: 4080
呼符: 33
体力: 29.266666666666666 / 138
友情点: 0 / 454135`
_2024-06-12 04:35:06_
--------
*efeade3689d547498fa18f03ba20a2b8*
`登陆天数: 20天 / 657天
等级: 130
石头: 4048
呼符: 131
体力: 29.236666666666665 / 138
友情点: 0 / 453390`
_2024-06-12 04:35:14_
--------
*b9acdd2751712fe921542fbfa8e93863*
`登陆天数: 20天 / 657天
等级: 130
石头: 4062
呼符: 263
体力: 29.206666666666663 / 138
友情点: 0 / 452470`
_2024-06-12 04:35:22_
--------
*cd503491bd91d40ba9237d884ace7aa7*
`登陆天数: 20天 / 658天
等级: 130
石头: 4080
呼符: 328
体力: 29.176666666666662 / 138
友情点: 0 / 452465`
_2024-06-12 04:35:29_
--------
*d5e25846dac792da2d4714b3336eda78*
`登陆天数: 20天 / 658天
等级: 130
石头: 4058
呼符: 273
体力: 29.14666666666666 / 138
友情点: 0 / 451870`
_2024-06-12 04:35:37_
--------
*98c865ff0ef7968a29b0f2968533169f*
`登陆天数: 20天 / 658天
等级: 130
石头: 4079
呼符: 48
体力: 29.11666666666666 / 138
友情点: 0 / 454955`
_2024-06-12 04:35:45_
--------
*3e52ac51360c9e923ceb73492605e453*
`登陆天数: 20天 / 657天
等级: 130
石头: 4077
呼符: 89
体力: 29.090000000000003 / 138
友情点: 0 / 451675`
_2024-06-12 04:35:53_
--------
*c9bd008b9291506a838d094d2e714e44*
`登陆天数: 20天 / 658天
等级: 130
石头: 4059
呼符: 311
体力: 29.056666666666672 / 138
友情点: 0 / 453125`
_2024-06-12 04:36:01_
--------
*1899f999f07f2f4c1f5d9d627e0e677b*
`登陆天数: 20天 / 658天
等级: 130
石头: 4012
呼符: 258
体力: 29.016666666666666 / 138
友情点: 0 / 452360`
_2024-06-12 04:36:09_
--------
*325bcd9ed4d2ddbf0d84cfbc3ab331ac*
`登陆天数: 18天 / 656天
等级: 130
石头: 4086
呼符: 326
体力: 28.983333333333334 / 138
友情点: 0 / 455125`
_2024-06-12 04:36:17_
--------
*c98afaa313e196865b53a37f777bc18c*
`登陆天数: 18天 / 656天
等级: 130
石头: 4079
呼符: 269
体力: 28.956666666666663 / 138
友情点: 0 / 455250`
_2024-06-12 04:36:25_
--------
*7398d8c0e7ef509e9dbc3650dd95e8a9*
`登陆天数: 20天 / 657天
等级: 130
石头: 4082
呼符: 307
体力: 28.926666666666662 / 138
友情点: 0 / 453325`
_2024-06-12 04:36:33_
--------
*ebe43b96a317c6bb52140f8822b7bb66*
`登陆天数: 20天 / 658天
等级: 130
石头: 4063
呼符: 180
体力: 28.89666666666666 / 138
友情点: 0 / 453750`
_2024-06-12 04:36:41_
--------
*75e2c8db9e56d5764d096803d48c4e17*
`登陆天数: 20天 / 658天
等级: 130
石头: 4081
呼符: 256
体力: 28.870000000000005 / 138
友情点: 0 / 451825`
_2024-06-12 04:36:49_
--------
*578ee215909eba8a3e435a1d693fca29*
`登陆天数: 20天 / 657天
等级: 130
石头: 4067
呼符: 305
体力: 28.840000000000003 / 138
友情点: 0 / 453005`
_2024-06-12 04:36:56_
--------
*bf5b3c4c154991c81daf97e221daddcf*
`登陆天数: 20天 / 658天
等级: 130
石头: 4063
呼符: 103
体力: 28.810000000000002 / 138
友情点: 0 / 454645`
_2024-06-12 04:37:04_
--------
*ec2ed584c5e5eb081e6b14c48e57a543*
`登陆天数: 20天 / 658天
等级: 130
石头: 4084
呼符: 315
体力: 28.773333333333326 / 138
友情点: 0 / 452245`
_2024-06-12 04:37:12_
--------
*2921cb2d2ea2d52ec68bf4e4efb746a6*
`登陆天数: 20天 / 657天
等级: 130
石头: 4060
呼符: 323
体力: 28.74333333333334 / 138
友情点: 0 / 453480`
_2024-06-12 04:37:20_
--------
*f1b4a80b020805ae6b1b4c0fa0a69443*
`登陆天数: 20天 / 658天
等级: 130
石头: 4078
呼符: 194
体力: 28.71333333333334 / 138
友情点: 0 / 452080`
_2024-06-12 04:37:28_
--------
*e9fef87dbc54a02e7ef717990946c8a9*
`登陆天数: 20天 / 658天
等级: 130
石头: 4061
呼符: 286
体力: 28.683333333333337 / 138
友情点: 0 / 451220`
_2024-06-12 04:37:36_
--------
*f2f4287a8e812b25dfab0904488dba3d*
`登陆天数: 20天 / 657天
等级: 130
石头: 4060
呼符: 276
体力: 28.653333333333336 / 138
友情点: 0 / 452415`
_2024-06-12 04:37:44_
--------
*4baddfa18da1ed0717a7984b485c6fc2*
`登陆天数: 20天 / 657天
等级: 130
石头: 4037
呼符: 257
体力: 17621.836666666666 / 138
友情点: 0 / 470230`
_2024-06-12 04:37:52_
--------
