【登录信息】
*77a1a77b950c51520ad53d184d80c7b7*
`登陆天数: 22天 / 659天
等级: 130
石头: 4061
呼符: 145
体力: 30.370000000000005 / 138
友情点: 0 / 446100`
_2024-06-14 04:31:34_
--------
*dca79540c8eb4fe8fcbe7a665edbc3c6*
`登陆天数: 22天 / 660天
等级: 130
石头: 4078
呼符: 307
体力: 30.340000000000003 / 138
友情点: 0 / 444645`
_2024-06-14 04:31:42_
--------
*9aae06123d8ab0185b1f33e811f4a2dd*
`登陆天数: 22天 / 659天
等级: 130
石头: 4083
呼符: 98
体力: 30.306666666666672 / 138
友情点: 0 / 443860`
_2024-06-14 04:31:50_
--------
*26c45b1d160497cd0b69776bf6b44d66*
`登陆天数: 22天 / 660天
等级: 130
石头: 4060
呼符: 277
体力: 30.28 / 138
友情点: 0 / 443975`
_2024-06-14 04:31:58_
--------
*f7f9d37ed8ade1e2aead2b6fe086d093*
`登陆天数: 22天 / 659天
等级: 130
石头: 4079
呼符: 267
体力: 30.25333333333333 / 138
友情点: 0 / 443975`
_2024-06-14 04:32:06_
--------
*b9f107a712c9d24ffeaae1c6eeee9a48*
`登陆天数: 22天 / 660天
等级: 130
石头: 4063
呼符: 165
体力: 30.226666666666674 / 138
友情点: 0 / 444680`
_2024-06-14 04:32:14_
--------
*988e86c19baa41078af9669e606f801e*
`登陆天数: 22天 / 659天
等级: 130
石头: 4060
呼符: 34
体力: 30.200000000000003 / 138
友情点: 0 / 444495`
_2024-06-14 04:32:22_
--------
*70d8de62938f24620f9d0ca8a26eb857*
`登陆天数: 22天 / 660天
等级: 130
石头: 4075
呼符: 283
体力: 30.176666666666662 / 138
友情点: 0 / 444520`
_2024-06-14 04:32:31_
--------
*37642928f889e710af60c9d7c6027794*
`登陆天数: 22天 / 659天
等级: 130
石头: 4059
呼符: 55
体力: 30.150000000000006 / 138
友情点: 0 / 444915`
_2024-06-14 04:32:39_
--------
*f48d747398bceef53bf6fcb8c0915ba6*
`登陆天数: 22天 / 659天
等级: 130
石头: 4083
呼符: 56
体力: 30.123333333333335 / 138
友情点: 0 / 445260`
_2024-06-14 04:32:47_
--------
*483b063cff6ea57669b8f1c7c527bb8b*
`登陆天数: 22天 / 660天
等级: 130
石头: 4056
呼符: 221
体力: 30.096666666666664 / 138
友情点: 0 / 445300`
_2024-06-14 04:32:55_
--------
*5d7a5098096eff5d52ecdaa28db1b5cf*
`登陆天数: 22天 / 660天
等级: 130
石头: 4061
呼符: 265
体力: 30.069999999999993 / 138
友情点: 0 / 445810`
_2024-06-14 04:33:03_
--------
*b1a3114780fa5a9c62679b98eaf7d27e*
`登陆天数: 22天 / 660天
等级: 130
石头: 4062
呼符: 176
体力: 30.040000000000006 / 138
友情点: 0 / 445290`
_2024-06-14 04:33:11_
--------
*f59cdf165580179ca8ad1d77500cd6f9*
`登陆天数: 22天 / 659天
等级: 130
石头: 4083
呼符: 304
体力: 30.013333333333335 / 138
友情点: 0 / 444730`
_2024-06-14 04:33:19_
--------
*0070fdc8a0e6d8249bff1dda41d59afa*
`登陆天数: 22天 / 659天
等级: 130
石头: 4055
呼符: 204
体力: 29.986666666666665 / 138
友情点: 0 / 444880`
_2024-06-14 04:33:27_
--------
*52e2d4db57735885727f7640473b91d4*
`登陆天数: 22天 / 660天
等级: 130
石头: 4078
呼符: 223
体力: 29.959999999999994 / 138
友情点: 0 / 445220`
_2024-06-14 04:33:35_
--------
*9726de57c6420db68ae759d6cde46841*
`登陆天数: 22天 / 659天
等级: 130
石头: 4064
呼符: 147
体力: 29.933333333333337 / 138
友情点: 0 / 443485`
_2024-06-14 04:33:43_
--------
*a57f236d5aac2813aca900e757d6e70e*
`登陆天数: 22天 / 659天
等级: 130
石头: 4079
呼符: 314
体力: 29.906666666666666 / 138
友情点: 0 / 445965`
_2024-06-14 04:33:51_
--------
*1f6d6c3b1a9dfa49eb6114878bceeb0c*
`登陆天数: 22天 / 660天
等级: 130
石头: 4062
呼符: 200
体力: 29.879999999999995 / 138
友情点: 0 / 444305`
_2024-06-14 04:33:59_
--------
*229bc285d385f4240df451e88ba9f347*
`登陆天数: 22天 / 660天
等级: 130
石头: 4034
呼符: 142
体力: 29.849999999999994 / 138
友情点: 0 / 444555`
_2024-06-14 04:34:07_
--------
*93a73302cdd69e9041a3453a0500f414*
`登陆天数: 22天 / 659天
等级: 130
石头: 4063
呼符: 323
体力: 29.823333333333338 / 138
友情点: 0 / 446425`
_2024-06-14 04:34:15_
--------
*91082b4670e6c7e82b2c1d2d8466028c*
`登陆天数: 22天 / 659天
等级: 130
石头: 4062
呼符: 211
体力: 29.796666666666667 / 138
友情点: 0 / 444725`
_2024-06-14 04:34:22_
--------
*ea9a9ac18beb2a05102954ee5d462e24*
`登陆天数: 22天 / 660天
等级: 130
石头: 4085
呼符: 325
体力: 29.769999999999996 / 138
友情点: 0 / 445030`
_2024-06-14 04:34:30_
--------
*37001baca015ab2c466e4c94e9f5c466*
`登陆天数: 22天 / 660天
等级: 130
石头: 4047
呼符: 138
体力: 29.74333333333334 / 138
友情点: 0 / 444925`
_2024-06-14 04:34:39_
--------
*90c109921c919e892be469ae7e12a739*
`登陆天数: 22天 / 659天
等级: 130
石头: 4019
呼符: 263
体力: 29.71666666666667 / 138
友情点: 0 / 443655`
_2024-06-14 04:34:46_
--------
*b9204932f4616887c58f09d866aa6137*
`登陆天数: 22天 / 660天
等级: 130
石头: 4076
呼符: 312
体力: 29.689999999999998 / 138
友情点: 0 / 445990`
_2024-06-14 04:34:54_
--------
*79240654eaf1b93129471dcb932ab048*
`登陆天数: 22天 / 660天
等级: 130
石头: 4031
呼符: 256
体力: 29.663333333333327 / 138
友情点: 0 / 444865`
_2024-06-14 04:35:02_
--------
*b39d7f3f04f7a0bb527873a7024bb615*
`登陆天数: 22天 / 659天
等级: 130
石头: 4080
呼符: 225
体力: 29.63666666666667 / 138
友情点: 0 / 444045`
_2024-06-14 04:35:10_
--------
*be6d2ccaebede5896fa06339d9925038*
`登陆天数: 22天 / 659天
等级: 130
石头: 4080
呼符: 34
体力: 29.61 / 138
友情点: 0 / 446135`
_2024-06-14 04:35:18_
--------
*efeade3689d547498fa18f03ba20a2b8*
`登陆天数: 22天 / 659天
等级: 130
石头: 4048
呼符: 132
体力: 29.58333333333333 / 138
友情点: 0 / 445390`
_2024-06-14 04:35:25_
--------
*b9acdd2751712fe921542fbfa8e93863*
`登陆天数: 22天 / 659天
等级: 130
石头: 4062
呼符: 264
体力: 29.556666666666672 / 138
友情点: 0 / 444470`
_2024-06-14 04:35:33_
--------
*cd503491bd91d40ba9237d884ace7aa7*
`登陆天数: 22天 / 660天
等级: 130
石头: 4080
呼符: 329
体力: 29.53 / 138
友情点: 0 / 444465`
_2024-06-14 04:35:42_
--------
*d5e25846dac792da2d4714b3336eda78*
`登陆天数: 22天 / 660天
等级: 130
石头: 4058
呼符: 274
体力: 29.50333333333333 / 138
友情点: 0 / 443870`
_2024-06-14 04:35:49_
--------
*98c865ff0ef7968a29b0f2968533169f*
`登陆天数: 22天 / 660天
等级: 130
石头: 4079
呼符: 49
体力: 29.476666666666674 / 138
友情点: 0 / 446955`
_2024-06-14 04:35:57_
--------
*3e52ac51360c9e923ceb73492605e453*
`登陆天数: 22天 / 659天
等级: 130
石头: 4077
呼符: 90
体力: 29.450000000000003 / 138
友情点: 0 / 443675`
_2024-06-14 04:36:05_
--------
*c9bd008b9291506a838d094d2e714e44*
`登陆天数: 22天 / 660天
等级: 130
石头: 4059
呼符: 312
体力: 29.423333333333332 / 138
友情点: 0 / 445125`
_2024-06-14 04:36:13_
--------
*1899f999f07f2f4c1f5d9d627e0e677b*
`登陆天数: 22天 / 660天
等级: 130
石头: 4012
呼符: 259
体力: 29.39333333333333 / 138
友情点: 0 / 444360`
_2024-06-14 04:36:21_
--------
*325bcd9ed4d2ddbf0d84cfbc3ab331ac*
`登陆天数: 20天 / 658天
等级: 130
石头: 4088
呼符: 326
体力: 29.36666666666666 / 138
友情点: 0 / 445125`
_2024-06-14 04:36:29_
--------
*c98afaa313e196865b53a37f777bc18c*
`登陆天数: 20天 / 658天
等级: 130
石头: 4081
呼符: 269
体力: 29.340000000000003 / 138
友情点: 0 / 445250`
_2024-06-14 04:36:36_
--------
*7398d8c0e7ef509e9dbc3650dd95e8a9*
`登陆天数: 22天 / 659天
等级: 130
石头: 4082
呼符: 308
体力: 29.316666666666663 / 138
友情点: 0 / 445325`
_2024-06-14 04:36:44_
--------
*ebe43b96a317c6bb52140f8822b7bb66*
`登陆天数: 22天 / 660天
等级: 130
石头: 4063
呼符: 181
体力: 29.28666666666666 / 138
友情点: 0 / 445750`
_2024-06-14 04:36:52_
--------
*75e2c8db9e56d5764d096803d48c4e17*
`登陆天数: 22天 / 660天
等级: 130
石头: 4081
呼符: 257
体力: 29.263333333333335 / 138
友情点: 0 / 443825`
_2024-06-14 04:37:00_
--------
*578ee215909eba8a3e435a1d693fca29*
`登陆天数: 22天 / 659天
等级: 130
石头: 4067
呼符: 306
体力: 29.233333333333334 / 138
友情点: 0 / 445005`
_2024-06-14 04:37:08_
--------
*bf5b3c4c154991c81daf97e221daddcf*
`登陆天数: 22天 / 660天
等级: 130
石头: 4063
呼符: 104
体力: 29.209999999999994 / 138
友情点: 0 / 446645`
_2024-06-14 04:37:16_
--------
*ec2ed584c5e5eb081e6b14c48e57a543*
`登陆天数: 22天 / 660天
等级: 130
石头: 4084
呼符: 316
体力: 29.183333333333337 / 138
友情点: 0 / 444245`
_2024-06-14 04:37:24_
--------
*2921cb2d2ea2d52ec68bf4e4efb746a6*
`登陆天数: 22天 / 659天
等级: 130
石头: 4060
呼符: 324
体力: 29.156666666666666 / 138
友情点: 0 / 445480`
_2024-06-14 04:37:32_
--------
*f1b4a80b020805ae6b1b4c0fa0a69443*
`登陆天数: 22天 / 660天
等级: 130
石头: 4078
呼符: 195
体力: 29.13333333333334 / 138
友情点: 0 / 444080`
_2024-06-14 04:37:40_
--------
*e9fef87dbc54a02e7ef717990946c8a9*
`登陆天数: 22天 / 660天
等级: 130
石头: 4061
呼符: 287
体力: 29.10666666666667 / 138
友情点: 0 / 443220`
_2024-06-14 04:37:48_
--------
*f2f4287a8e812b25dfab0904488dba3d*
`登陆天数: 22天 / 659天
等级: 130
石头: 4060
呼符: 277
体力: 29.08 / 138
友情点: 0 / 444415`
_2024-06-14 04:37:56_
--------
*4baddfa18da1ed0717a7984b485c6fc2*
`登陆天数: 22天 / 659天
等级: 130
石头: 4037
呼符: 257
体力: 18197.88 / 138
友情点: 0 / 470230`
_2024-06-14 04:38:04_
--------
