【登录信息】
*77a1a77b950c51520ad53d184d80c7b7*
`登陆天数: 23天 / 660天
等级: 130
石头: 4062
呼符: 145
体力: 31.340000000000003 / 138
友情点: 0 / 440100`
_2024-06-15 04:35:25_
--------
*dca79540c8eb4fe8fcbe7a665edbc3c6*
`登陆天数: 23天 / 661天
等级: 130
石头: 4079
呼符: 307
体力: 31.310000000000002 / 138
友情点: 0 / 438645`
_2024-06-15 04:35:33_
--------
*9aae06123d8ab0185b1f33e811f4a2dd*
`登陆天数: 23天 / 660天
等级: 130
石头: 4084
呼符: 98
体力: 31.28 / 138
友情点: 0 / 437860`
_2024-06-15 04:35:41_
--------
*26c45b1d160497cd0b69776bf6b44d66*
`登陆天数: 23天 / 661天
等级: 130
石头: 4061
呼符: 277
体力: 31.25 / 138
友情点: 0 / 437975`
_2024-06-15 04:35:48_
--------
*f7f9d37ed8ade1e2aead2b6fe086d093*
`登陆天数: 23天 / 660天
等级: 130
石头: 4080
呼符: 267
体力: 31.22 / 138
友情点: 0 / 437975`
_2024-06-15 04:35:56_
--------
*b9f107a712c9d24ffeaae1c6eeee9a48*
`登陆天数: 23天 / 661天
等级: 130
石头: 4064
呼符: 165
体力: 31.193333333333328 / 138
友情点: 0 / 438680`
_2024-06-15 04:36:05_
--------
*988e86c19baa41078af9669e606f801e*
`登陆天数: 23天 / 660天
等级: 130
石头: 4061
呼符: 34
体力: 31.16666666666667 / 138
友情点: 0 / 438495`
_2024-06-15 04:36:13_
--------
*70d8de62938f24620f9d0ca8a26eb857*
`登陆天数: 23天 / 661天
等级: 130
石头: 4076
呼符: 283
体力: 31.13666666666667 / 138
友情点: 0 / 438520`
_2024-06-15 04:36:21_
--------
*37642928f889e710af60c9d7c6027794*
`登陆天数: 23天 / 660天
等级: 130
石头: 4060
呼符: 55
体力: 31.10666666666667 / 138
友情点: 0 / 438915`
_2024-06-15 04:36:29_
--------
*f48d747398bceef53bf6fcb8c0915ba6*
`登陆天数: 23天 / 660天
等级: 130
石头: 4084
呼符: 56
体力: 31.08 / 138
友情点: 0 / 439260`
_2024-06-15 04:36:37_
--------
*483b063cff6ea57669b8f1c7c527bb8b*
`登陆天数: 23天 / 661天
等级: 130
石头: 4057
呼符: 221
体力: 31.046666666666667 / 138
友情点: 0 / 439300`
_2024-06-15 04:36:45_
--------
*5d7a5098096eff5d52ecdaa28db1b5cf*
`登陆天数: 23天 / 661天
等级: 130
石头: 4062
呼符: 265
体力: 31.019999999999996 / 138
友情点: 0 / 439810`
_2024-06-15 04:36:54_
--------
*b1a3114780fa5a9c62679b98eaf7d27e*
`登陆天数: 23天 / 661天
等级: 130
石头: 4063
呼符: 176
体力: 30.989999999999995 / 138
友情点: 0 / 439290`
_2024-06-15 04:37:01_
--------
*f59cdf165580179ca8ad1d77500cd6f9*
`登陆天数: 23天 / 660天
等级: 130
石头: 4084
呼符: 304
体力: 30.959999999999994 / 138
友情点: 0 / 438730`
_2024-06-15 04:37:09_
--------
*0070fdc8a0e6d8249bff1dda41d59afa*
`登陆天数: 23天 / 660天
等级: 130
石头: 4056
呼符: 204
体力: 30.930000000000007 / 138
友情点: 0 / 438880`
_2024-06-15 04:37:17_
--------
*52e2d4db57735885727f7640473b91d4*
`登陆天数: 23天 / 661天
等级: 130
石头: 4079
呼符: 223
体力: 30.900000000000006 / 138
友情点: 0 / 439220`
_2024-06-15 04:37:26_
--------
*9726de57c6420db68ae759d6cde46841*
`登陆天数: 23天 / 660天
等级: 130
石头: 4065
呼符: 147
体力: 30.870000000000005 / 138
友情点: 0 / 437485`
_2024-06-15 04:37:34_
--------
*a57f236d5aac2813aca900e757d6e70e*
`登陆天数: 23天 / 660天
等级: 130
石头: 4080
呼符: 314
体力: 30.840000000000003 / 138
友情点: 0 / 439965`
_2024-06-15 04:37:41_
--------
*1f6d6c3b1a9dfa49eb6114878bceeb0c*
`登陆天数: 23天 / 661天
等级: 130
石头: 4063
呼符: 200
体力: 30.810000000000002 / 138
友情点: 0 / 438305`
_2024-06-15 04:37:49_
--------
*229bc285d385f4240df451e88ba9f347*
`登陆天数: 23天 / 661天
等级: 130
石头: 4035
呼符: 142
体力: 30.78 / 138
友情点: 0 / 438555`
_2024-06-15 04:37:57_
--------
*93a73302cdd69e9041a3453a0500f414*
`登陆天数: 23天 / 660天
等级: 130
石头: 4064
呼符: 323
体力: 30.75 / 138
友情点: 0 / 440425`
_2024-06-15 04:38:05_
--------
*91082b4670e6c7e82b2c1d2d8466028c*
`登陆天数: 23天 / 660天
等级: 130
石头: 4063
呼符: 211
体力: 30.72 / 138
友情点: 0 / 438725`
_2024-06-15 04:38:13_
--------
*ea9a9ac18beb2a05102954ee5d462e24*
`登陆天数: 23天 / 661天
等级: 130
石头: 4086
呼符: 325
体力: 30.689999999999998 / 138
友情点: 0 / 439030`
_2024-06-15 04:38:21_
--------
*37001baca015ab2c466e4c94e9f5c466*
`登陆天数: 23天 / 661天
等级: 130
石头: 4048
呼符: 138
体力: 30.663333333333327 / 138
友情点: 0 / 438925`
_2024-06-15 04:38:29_
--------
*90c109921c919e892be469ae7e12a739*
`登陆天数: 23天 / 660天
等级: 130
石头: 4020
呼符: 263
体力: 30.63333333333334 / 138
友情点: 0 / 437655`
_2024-06-15 04:38:37_
--------
*b9204932f4616887c58f09d866aa6137*
`登陆天数: 23天 / 661天
等级: 130
石头: 4077
呼符: 312
体力: 30.599999999999994 / 138
友情点: 0 / 439990`
_2024-06-15 04:38:45_
--------
*79240654eaf1b93129471dcb932ab048*
`登陆天数: 23天 / 661天
等级: 130
石头: 4032
呼符: 256
体力: 30.569999999999993 / 138
友情点: 0 / 438865`
_2024-06-15 04:38:53_
--------
*b39d7f3f04f7a0bb527873a7024bb615*
`登陆天数: 23天 / 660天
等级: 130
石头: 4081
呼符: 225
体力: 30.543333333333337 / 138
友情点: 0 / 438045`
_2024-06-15 04:39:00_
--------
*be6d2ccaebede5896fa06339d9925038*
`登陆天数: 23天 / 660天
等级: 130
石头: 4081
呼符: 34
体力: 30.510000000000005 / 138
友情点: 0 / 440135`
_2024-06-15 04:39:08_
--------
*efeade3689d547498fa18f03ba20a2b8*
`登陆天数: 23天 / 660天
等级: 130
石头: 4049
呼符: 132
体力: 30.480000000000004 / 138
友情点: 0 / 439390`
_2024-06-15 04:39:16_
--------
*b9acdd2751712fe921542fbfa8e93863*
`登陆天数: 23天 / 660天
等级: 130
石头: 4063
呼符: 264
体力: 30.450000000000003 / 138
友情点: 0 / 438470`
_2024-06-15 04:39:24_
--------
*cd503491bd91d40ba9237d884ace7aa7*
`登陆天数: 23天 / 661天
等级: 130
石头: 4081
呼符: 329
体力: 30.423333333333332 / 138
友情点: 0 / 438465`
_2024-06-15 04:39:33_
--------
*d5e25846dac792da2d4714b3336eda78*
`登陆天数: 23天 / 661天
等级: 130
石头: 4059
呼符: 274
体力: 30.39333333333333 / 138
友情点: 0 / 437870`
_2024-06-15 04:39:40_
--------
*98c865ff0ef7968a29b0f2968533169f*
`登陆天数: 23天 / 661天
等级: 130
石头: 4080
呼符: 49
体力: 30.36333333333333 / 138
友情点: 0 / 440955`
_2024-06-15 04:39:49_
--------
*3e52ac51360c9e923ceb73492605e453*
`登陆天数: 23天 / 660天
等级: 130
石头: 4078
呼符: 90
体力: 30.336666666666673 / 138
友情点: 0 / 437675`
_2024-06-15 04:39:57_
--------
*c9bd008b9291506a838d094d2e714e44*
`登陆天数: 23天 / 661天
等级: 130
石头: 4060
呼符: 312
体力: 30.306666666666672 / 138
友情点: 0 / 439125`
_2024-06-15 04:40:05_
--------
*1899f999f07f2f4c1f5d9d627e0e677b*
`登陆天数: 23天 / 661天
等级: 130
石头: 4013
呼符: 259
体力: 30.27666666666667 / 138
友情点: 0 / 438360`
_2024-06-15 04:40:13_
--------
*325bcd9ed4d2ddbf0d84cfbc3ab331ac*
`登陆天数: 21天 / 659天
等级: 130
石头: 4088
呼符: 327
体力: 30.24666666666667 / 138
友情点: 0 / 439125`
_2024-06-15 04:40:21_
--------
*c98afaa313e196865b53a37f777bc18c*
`登陆天数: 21天 / 659天
等级: 130
石头: 4081
呼符: 270
体力: 30.21666666666667 / 138
友情点: 0 / 439250`
_2024-06-15 04:40:28_
--------
*7398d8c0e7ef509e9dbc3650dd95e8a9*
`登陆天数: 23天 / 660天
等级: 130
石头: 4083
呼符: 308
体力: 30.189999999999998 / 138
友情点: 0 / 439325`
_2024-06-15 04:40:36_
--------
*ebe43b96a317c6bb52140f8822b7bb66*
`登陆天数: 23天 / 661天
等级: 130
石头: 4064
呼符: 181
体力: 30.159999999999997 / 138
友情点: 0 / 439750`
_2024-06-15 04:40:44_
--------
*75e2c8db9e56d5764d096803d48c4e17*
`登陆天数: 23天 / 661天
等级: 130
石头: 4082
呼符: 257
体力: 30.13333333333334 / 138
友情点: 0 / 437825`
_2024-06-15 04:40:52_
--------
*578ee215909eba8a3e435a1d693fca29*
`登陆天数: 23天 / 660天
等级: 130
石头: 4068
呼符: 306
体力: 30.10333333333334 / 138
友情点: 0 / 439005`
_2024-06-15 04:41:00_
--------
*bf5b3c4c154991c81daf97e221daddcf*
`登陆天数: 23天 / 661天
等级: 130
石头: 4064
呼符: 104
体力: 30.076666666666668 / 138
友情点: 0 / 440645`
_2024-06-15 04:41:08_
--------
*ec2ed584c5e5eb081e6b14c48e57a543*
`登陆天数: 23天 / 661天
等级: 130
石头: 4085
呼符: 316
体力: 30.043333333333337 / 138
友情点: 0 / 438245`
_2024-06-15 04:41:16_
--------
*2921cb2d2ea2d52ec68bf4e4efb746a6*
`登陆天数: 23天 / 660天
等级: 130
石头: 4061
呼符: 324
体力: 30.016666666666666 / 138
友情点: 0 / 439480`
_2024-06-15 04:41:24_
--------
*f1b4a80b020805ae6b1b4c0fa0a69443*
`登陆天数: 23天 / 661天
等级: 130
石头: 4079
呼符: 195
体力: 29.986666666666665 / 138
友情点: 0 / 438080`
_2024-06-15 04:41:32_
--------
*e9fef87dbc54a02e7ef717990946c8a9*
`登陆天数: 23天 / 661天
等级: 130
石头: 4062
呼符: 287
体力: 29.959999999999994 / 138
友情点: 0 / 437220`
_2024-06-15 04:41:40_
--------
*f2f4287a8e812b25dfab0904488dba3d*
`登陆天数: 23天 / 660天
等级: 130
石头: 4061
呼符: 277
体力: 29.926666666666662 / 138
友情点: 0 / 438415`
_2024-06-15 04:41:49_
--------
*4baddfa18da1ed0717a7984b485c6fc2*
`登陆天数: 23天 / 660天
等级: 130
石头: 4037
呼符: 257
体力: 18486.653333333332 / 138
友情点: 0 / 470230`
_2024-06-15 04:41:57_
--------
