【登录信息】
*77a1a77b950c51520ad53d184d80c7b7*
`登陆天数: 24天 / 661天
等级: 130
石头: 4062
呼符: 145
体力: 30.21333333333334 / 138
友情点: 0 / 434100`
_2024-06-16 04:30:23_
--------
*dca79540c8eb4fe8fcbe7a665edbc3c6*
`登陆天数: 24天 / 662天
等级: 130
石头: 4079
呼符: 307
体力: 30.183333333333337 / 138
友情点: 0 / 432645`
_2024-06-16 04:30:31_
--------
*9aae06123d8ab0185b1f33e811f4a2dd*
`登陆天数: 24天 / 661天
等级: 130
石头: 4084
呼符: 98
体力: 30.163333333333327 / 138
友情点: 0 / 431860`
_2024-06-16 04:30:42_
--------
*26c45b1d160497cd0b69776bf6b44d66*
`登陆天数: 24天 / 662天
等级: 130
石头: 4061
呼符: 277
体力: 30.13333333333334 / 138
友情点: 0 / 431975`
_2024-06-16 04:30:50_
--------
*f7f9d37ed8ade1e2aead2b6fe086d093*
`登陆天数: 24天 / 661天
等级: 130
石头: 4080
呼符: 267
体力: 30.10333333333334 / 138
友情点: 0 / 431975`
_2024-06-16 04:30:58_
--------
*b9f107a712c9d24ffeaae1c6eeee9a48*
`登陆天数: 24天 / 662天
等级: 130
石头: 4064
呼符: 165
体力: 30.076666666666668 / 138
友情点: 0 / 432680`
_2024-06-16 04:31:07_
--------
*988e86c19baa41078af9669e606f801e*
`登陆天数: 24天 / 661天
等级: 130
石头: 4061
呼符: 34
体力: 30.046666666666667 / 138
友情点: 0 / 432495`
_2024-06-16 04:31:16_
--------
*70d8de62938f24620f9d0ca8a26eb857*
`登陆天数: 24天 / 662天
等级: 130
石头: 4076
呼符: 283
体力: 30.019999999999996 / 138
友情点: 0 / 432520`
_2024-06-16 04:31:24_
--------
*37642928f889e710af60c9d7c6027794*
`登陆天数: 24天 / 661天
等级: 130
石头: 4060
呼符: 55
体力: 29.989999999999995 / 138
友情点: 0 / 432915`
_2024-06-16 04:31:32_
--------
*f48d747398bceef53bf6fcb8c0915ba6*
`登陆天数: 24天 / 661天
等级: 130
石头: 4084
呼符: 56
体力: 29.956666666666663 / 138
友情点: 0 / 433260`
_2024-06-16 04:31:40_
--------
*483b063cff6ea57669b8f1c7c527bb8b*
`登陆天数: 24天 / 662天
等级: 130
石头: 4057
呼符: 221
体力: 29.930000000000007 / 138
友情点: 0 / 433300`
_2024-06-16 04:31:48_
--------
*5d7a5098096eff5d52ecdaa28db1b5cf*
`登陆天数: 24天 / 662天
等级: 130
石头: 4062
呼符: 265
体力: 29.900000000000006 / 138
友情点: 0 / 433810`
_2024-06-16 04:31:56_
--------
*b1a3114780fa5a9c62679b98eaf7d27e*
`登陆天数: 24天 / 662天
等级: 130
石头: 4063
呼符: 176
体力: 29.86666666666666 / 138
友情点: 0 / 433290`
_2024-06-16 04:32:04_
--------
*f59cdf165580179ca8ad1d77500cd6f9*
`登陆天数: 24天 / 661天
等级: 130
石头: 4084
呼符: 304
体力: 29.836666666666673 / 138
友情点: 0 / 432730`
_2024-06-16 04:32:12_
--------
*0070fdc8a0e6d8249bff1dda41d59afa*
`登陆天数: 24天 / 661天
等级: 130
石头: 4056
呼符: 204
体力: 29.806666666666672 / 138
友情点: 0 / 432880`
_2024-06-16 04:32:20_
--------
*52e2d4db57735885727f7640473b91d4*
`登陆天数: 24天 / 662天
等级: 130
石头: 4079
呼符: 223
体力: 29.77666666666667 / 138
友情点: 0 / 433220`
_2024-06-16 04:32:29_
--------
*9726de57c6420db68ae759d6cde46841*
`登陆天数: 24天 / 661天
等级: 130
石头: 4065
呼符: 147
体力: 29.75 / 138
友情点: 0 / 431485`
_2024-06-16 04:32:37_
--------
*a57f236d5aac2813aca900e757d6e70e*
`登陆天数: 24天 / 661天
等级: 130
石头: 4080
呼符: 314
体力: 29.72 / 138
友情点: 0 / 433965`
_2024-06-16 04:32:45_
--------
*1f6d6c3b1a9dfa49eb6114878bceeb0c*
`登陆天数: 24天 / 662天
等级: 130
石头: 4063
呼符: 200
体力: 29.689999999999998 / 138
友情点: 0 / 432305`
_2024-06-16 04:32:53_
--------
*229bc285d385f4240df451e88ba9f347*
`登陆天数: 24天 / 662天
等级: 130
石头: 4035
呼符: 142
体力: 29.659999999999997 / 138
友情点: 0 / 432555`
_2024-06-16 04:33:01_
--------
*93a73302cdd69e9041a3453a0500f414*
`登陆天数: 24天 / 661天
等级: 130
石头: 4064
呼符: 323
体力: 29.629999999999995 / 138
友情点: 0 / 434425`
_2024-06-16 04:33:09_
--------
*91082b4670e6c7e82b2c1d2d8466028c*
`登陆天数: 24天 / 661天
等级: 130
石头: 4063
呼符: 211
体力: 29.599999999999994 / 138
友情点: 0 / 432725`
_2024-06-16 04:33:17_
--------
*ea9a9ac18beb2a05102954ee5d462e24*
`登陆天数: 24天 / 662天
等级: 130
石头: 4086
呼符: 325
体力: 29.573333333333338 / 138
友情点: 0 / 433030`
_2024-06-16 04:33:25_
--------
*37001baca015ab2c466e4c94e9f5c466*
`登陆天数: 24天 / 662天
等级: 130
石头: 4048
呼符: 138
体力: 29.543333333333337 / 138
友情点: 0 / 432925`
_2024-06-16 04:33:34_
--------
*90c109921c919e892be469ae7e12a739*
`登陆天数: 24天 / 661天
等级: 130
石头: 4020
呼符: 263
体力: 29.513333333333335 / 138
友情点: 0 / 431655`
_2024-06-16 04:33:42_
--------
*b9204932f4616887c58f09d866aa6137*
`登陆天数: 24天 / 662天
等级: 130
石头: 4077
呼符: 312
体力: 29.483333333333334 / 138
友情点: 0 / 433990`
_2024-06-16 04:33:50_
--------
*79240654eaf1b93129471dcb932ab048*
`登陆天数: 24天 / 662天
等级: 130
石头: 4032
呼符: 256
体力: 29.456666666666663 / 138
友情点: 0 / 432865`
_2024-06-16 04:33:58_
--------
*b39d7f3f04f7a0bb527873a7024bb615*
`登陆天数: 24天 / 661天
等级: 130
石头: 4081
呼符: 225
体力: 29.426666666666662 / 138
友情点: 0 / 432045`
_2024-06-16 04:34:06_
--------
*be6d2ccaebede5896fa06339d9925038*
`登陆天数: 24天 / 661天
等级: 130
石头: 4081
呼符: 34
体力: 29.400000000000006 / 138
友情点: 0 / 434135`
_2024-06-16 04:34:14_
--------
*efeade3689d547498fa18f03ba20a2b8*
`登陆天数: 24天 / 661天
等级: 130
石头: 4049
呼符: 132
体力: 29.370000000000005 / 138
友情点: 0 / 433390`
_2024-06-16 04:34:22_
--------
*b9acdd2751712fe921542fbfa8e93863*
`登陆天数: 24天 / 661天
等级: 130
石头: 4063
呼符: 264
体力: 29.343333333333334 / 138
友情点: 0 / 432470`
_2024-06-16 04:34:30_
--------
*cd503491bd91d40ba9237d884ace7aa7*
`登陆天数: 24天 / 662天
等级: 130
石头: 4081
呼符: 329
体力: 29.313333333333333 / 138
友情点: 0 / 432465`
_2024-06-16 04:34:38_
--------
*d5e25846dac792da2d4714b3336eda78*
`登陆天数: 24天 / 662天
等级: 130
石头: 4059
呼符: 274
体力: 29.28333333333333 / 138
友情点: 0 / 431870`
_2024-06-16 04:34:47_
--------
*98c865ff0ef7968a29b0f2968533169f*
`登陆天数: 24天 / 662天
等级: 130
石头: 4080
呼符: 49
体力: 29.25666666666666 / 138
友情点: 0 / 434955`
_2024-06-16 04:34:55_
--------
*3e52ac51360c9e923ceb73492605e453*
`登陆天数: 24天 / 661天
等级: 130
石头: 4078
呼符: 90
体力: 29.230000000000004 / 138
友情点: 0 / 431675`
_2024-06-16 04:35:03_
--------
*c9bd008b9291506a838d094d2e714e44*
`登陆天数: 24天 / 662天
等级: 130
石头: 4060
呼符: 312
体力: 29.200000000000003 / 138
友情点: 0 / 433125`
_2024-06-16 04:35:11_
--------
*1899f999f07f2f4c1f5d9d627e0e677b*
`登陆天数: 24天 / 662天
等级: 130
石头: 4013
呼符: 259
体力: 29.173333333333332 / 138
友情点: 0 / 432360`
_2024-06-16 04:35:20_
--------
*325bcd9ed4d2ddbf0d84cfbc3ab331ac*
`登陆天数: 22天 / 660天
等级: 130
石头: 4088
呼符: 327
体力: 29.14 / 138
友情点: 0 / 435125`
_2024-06-16 04:35:27_
--------
*c98afaa313e196865b53a37f777bc18c*
`登陆天数: 22天 / 660天
等级: 130
石头: 4081
呼符: 270
体力: 29.11 / 138
友情点: 0 / 435250`
_2024-06-16 04:35:35_
--------
*7398d8c0e7ef509e9dbc3650dd95e8a9*
`登陆天数: 24天 / 661天
等级: 130
石头: 4083
呼符: 308
体力: 29.08333333333333 / 138
友情点: 0 / 433325`
_2024-06-16 04:35:44_
--------
*ebe43b96a317c6bb52140f8822b7bb66*
`登陆天数: 24天 / 662天
等级: 130
石头: 4064
呼符: 181
体力: 29.053333333333327 / 138
友情点: 0 / 433750`
_2024-06-16 04:35:52_
--------
*75e2c8db9e56d5764d096803d48c4e17*
`登陆天数: 24天 / 662天
等级: 130
石头: 4082
呼符: 257
体力: 29.023333333333326 / 138
友情点: 0 / 431825`
_2024-06-16 04:36:00_
--------
*578ee215909eba8a3e435a1d693fca29*
`登陆天数: 24天 / 661天
等级: 130
石头: 4068
呼符: 306
体力: 28.99333333333334 / 138
友情点: 0 / 433005`
_2024-06-16 04:36:09_
--------
*bf5b3c4c154991c81daf97e221daddcf*
`登陆天数: 24天 / 662天
等级: 130
石头: 4064
呼符: 104
体力: 28.96333333333334 / 138
友情点: 0 / 434645`
_2024-06-16 04:36:17_
--------
*ec2ed584c5e5eb081e6b14c48e57a543*
`登陆天数: 24天 / 662天
等级: 130
石头: 4085
呼符: 316
体力: 28.936666666666667 / 138
友情点: 0 / 432245`
_2024-06-16 04:36:25_
--------
*2921cb2d2ea2d52ec68bf4e4efb746a6*
`登陆天数: 24天 / 661天
等级: 130
石头: 4061
呼符: 324
体力: 28.906666666666666 / 138
友情点: 0 / 433480`
_2024-06-16 04:36:33_
--------
*f1b4a80b020805ae6b1b4c0fa0a69443*
`登陆天数: 24天 / 662天
等级: 130
石头: 4079
呼符: 195
体力: 28.876666666666665 / 138
友情点: 0 / 432080`
_2024-06-16 04:36:41_
--------
*e9fef87dbc54a02e7ef717990946c8a9*
`登陆天数: 24天 / 662天
等级: 130
石头: 4062
呼符: 287
体力: 28.846666666666664 / 138
友情点: 0 / 431220`
_2024-06-16 04:36:49_
--------
*f2f4287a8e812b25dfab0904488dba3d*
`登陆天数: 24天 / 661天
等级: 130
石头: 4061
呼符: 277
体力: 28.816666666666663 / 138
友情点: 0 / 432415`
_2024-06-16 04:36:57_
--------
*4baddfa18da1ed0717a7984b485c6fc2*
`登陆天数: 24天 / 661天
等级: 130
石头: 4037
呼符: 257
体力: 18773.683333333334 / 138
友情点: 0 / 470230`
_2024-06-16 04:37:06_
--------
