【登录信息】
*77a1a77b950c51520ad53d184d80c7b7*
`登陆天数: 26天 / 663天
等级: 130
石头: 4063
呼符: 145
体力: 29.86 / 138
友情点: 0 / 422100`
_2024-06-18 04:31:03_
--------
*dca79540c8eb4fe8fcbe7a665edbc3c6*
`登陆天数: 26天 / 664天
等级: 130
石头: 4080
呼符: 307
体力: 29.826666666666668 / 138
友情点: 0 / 420645`
_2024-06-18 04:31:11_
--------
*9aae06123d8ab0185b1f33e811f4a2dd*
`登陆天数: 26天 / 663天
等级: 130
石头: 4085
呼符: 98
体力: 29.796666666666667 / 138
友情点: 0 / 419860`
_2024-06-18 04:31:18_
--------
*26c45b1d160497cd0b69776bf6b44d66*
`登陆天数: 26天 / 664天
等级: 130
石头: 4062
呼符: 277
体力: 29.766666666666666 / 138
友情点: 0 / 419975`
_2024-06-18 04:31:26_
--------
*f7f9d37ed8ade1e2aead2b6fe086d093*
`登陆天数: 26天 / 663天
等级: 130
石头: 4081
呼符: 267
体力: 29.733333333333334 / 138
友情点: 0 / 419975`
_2024-06-18 04:31:34_
--------
*b9f107a712c9d24ffeaae1c6eeee9a48*
`登陆天数: 26天 / 664天
等级: 130
石头: 4065
呼符: 165
体力: 29.703333333333333 / 138
友情点: 0 / 420680`
_2024-06-18 04:31:41_
--------
*988e86c19baa41078af9669e606f801e*
`登陆天数: 26天 / 663天
等级: 130
石头: 4062
呼符: 34
体力: 29.67 / 138
友情点: 0 / 420495`
_2024-06-18 04:31:49_
--------
*70d8de62938f24620f9d0ca8a26eb857*
`登陆天数: 26天 / 664天
等级: 130
石头: 4077
呼符: 283
体力: 29.63666666666667 / 138
友情点: 0 / 420520`
_2024-06-18 04:31:57_
--------
*37642928f889e710af60c9d7c6027794*
`登陆天数: 26天 / 663天
等级: 130
石头: 4061
呼符: 55
体力: 29.60666666666667 / 138
友情点: 0 / 420915`
_2024-06-18 04:32:04_
--------
*f48d747398bceef53bf6fcb8c0915ba6*
`登陆天数: 26天 / 663天
等级: 130
石头: 4085
呼符: 56
体力: 29.576666666666668 / 138
友情点: 0 / 421260`
_2024-06-18 04:32:12_
--------
*483b063cff6ea57669b8f1c7c527bb8b*
`登陆天数: 26天 / 664天
等级: 130
石头: 4058
呼符: 221
体力: 29.543333333333337 / 138
友情点: 0 / 421300`
_2024-06-18 04:32:20_
--------
*5d7a5098096eff5d52ecdaa28db1b5cf*
`登陆天数: 26天 / 664天
等级: 130
石头: 4063
呼符: 265
体力: 29.513333333333335 / 138
友情点: 0 / 421810`
_2024-06-18 04:32:27_
--------
*b1a3114780fa5a9c62679b98eaf7d27e*
`登陆天数: 26天 / 664天
等级: 130
石头: 4064
呼符: 176
体力: 29.480000000000004 / 138
友情点: 0 / 421290`
_2024-06-18 04:32:35_
--------
*f59cdf165580179ca8ad1d77500cd6f9*
`登陆天数: 26天 / 663天
等级: 130
石头: 4085
呼符: 304
体力: 29.450000000000003 / 138
友情点: 0 / 420730`
_2024-06-18 04:32:43_
--------
*0070fdc8a0e6d8249bff1dda41d59afa*
`登陆天数: 26天 / 663天
等级: 130
石头: 4057
呼符: 204
体力: 29.41666666666667 / 138
友情点: 0 / 420880`
_2024-06-18 04:32:50_
--------
*52e2d4db57735885727f7640473b91d4*
`登陆天数: 26天 / 664天
等级: 130
石头: 4080
呼符: 223
体力: 29.38666666666667 / 138
友情点: 0 / 421220`
_2024-06-18 04:32:58_
--------
*9726de57c6420db68ae759d6cde46841*
`登陆天数: 26天 / 663天
等级: 130
石头: 4066
呼符: 147
体力: 29.35666666666667 / 138
友情点: 0 / 419485`
_2024-06-18 04:33:05_
--------
*a57f236d5aac2813aca900e757d6e70e*
`登陆天数: 26天 / 663天
等级: 130
石头: 4081
呼符: 314
体力: 29.326666666666668 / 138
友情点: 0 / 421965`
_2024-06-18 04:33:13_
--------
*1f6d6c3b1a9dfa49eb6114878bceeb0c*
`登陆天数: 26天 / 664天
等级: 130
石头: 4064
呼符: 200
体力: 29.293333333333337 / 138
友情点: 0 / 420305`
_2024-06-18 04:33:21_
--------
*229bc285d385f4240df451e88ba9f347*
`登陆天数: 26天 / 664天
等级: 130
石头: 4036
呼符: 142
体力: 29.263333333333335 / 138
友情点: 0 / 420555`
_2024-06-18 04:33:29_
--------
*93a73302cdd69e9041a3453a0500f414*
`登陆天数: 26天 / 663天
等级: 130
石头: 4065
呼符: 323
体力: 29.230000000000004 / 138
友情点: 0 / 422425`
_2024-06-18 04:33:37_
--------
*91082b4670e6c7e82b2c1d2d8466028c*
`登陆天数: 26天 / 663天
等级: 130
石头: 4064
呼符: 211
体力: 29.200000000000003 / 138
友情点: 0 / 420725`
_2024-06-18 04:33:44_
--------
*ea9a9ac18beb2a05102954ee5d462e24*
`登陆天数: 26天 / 664天
等级: 130
石头: 4087
呼符: 325
体力: 29.16666666666667 / 138
友情点: 0 / 421030`
_2024-06-18 04:33:52_
--------
*37001baca015ab2c466e4c94e9f5c466*
`登陆天数: 26天 / 664天
等级: 130
石头: 4049
呼符: 138
体力: 29.13333333333334 / 138
友情点: 0 / 420925`
_2024-06-18 04:34:00_
--------
*90c109921c919e892be469ae7e12a739*
`登陆天数: 26天 / 663天
等级: 130
石头: 4021
呼符: 263
体力: 29.10333333333334 / 138
友情点: 0 / 419655`
_2024-06-18 04:34:08_
--------
*b9204932f4616887c58f09d866aa6137*
`登陆天数: 26天 / 664天
等级: 130
石头: 4078
呼符: 312
体力: 29.073333333333338 / 138
友情点: 0 / 421990`
_2024-06-18 04:34:15_
--------
*79240654eaf1b93129471dcb932ab048*
`登陆天数: 26天 / 664天
等级: 130
石头: 4033
呼符: 256
体力: 29.043333333333337 / 138
友情点: 0 / 420865`
_2024-06-18 04:34:23_
--------
*b39d7f3f04f7a0bb527873a7024bb615*
`登陆天数: 26天 / 663天
等级: 130
石头: 4082
呼符: 225
体力: 29.00666666666666 / 138
友情点: 0 / 420045`
_2024-06-18 04:34:31_
--------
*be6d2ccaebede5896fa06339d9925038*
`登陆天数: 26天 / 663天
等级: 130
石头: 4082
呼符: 34
体力: 28.976666666666674 / 138
友情点: 0 / 422135`
_2024-06-18 04:34:39_
--------
*efeade3689d547498fa18f03ba20a2b8*
`登陆天数: 26天 / 663天
等级: 130
石头: 4050
呼符: 132
体力: 28.946666666666673 / 138
友情点: 0 / 421390`
_2024-06-18 04:34:46_
--------
*b9acdd2751712fe921542fbfa8e93863*
`登陆天数: 26天 / 663天
等级: 130
石头: 4064
呼符: 264
体力: 28.91666666666667 / 138
友情点: 0 / 420470`
_2024-06-18 04:34:54_
--------
*cd503491bd91d40ba9237d884ace7aa7*
`登陆天数: 26天 / 664天
等级: 130
石头: 4082
呼符: 329
体力: 28.88666666666667 / 138
友情点: 0 / 420465`
_2024-06-18 04:35:02_
--------
*d5e25846dac792da2d4714b3336eda78*
`登陆天数: 26天 / 664天
等级: 130
石头: 4060
呼符: 274
体力: 28.85333333333334 / 138
友情点: 0 / 419870`
_2024-06-18 04:35:10_
--------
*98c865ff0ef7968a29b0f2968533169f*
`登陆天数: 26天 / 664天
等级: 130
石头: 4081
呼符: 49
体力: 28.823333333333338 / 138
友情点: 0 / 422955`
_2024-06-18 04:35:18_
--------
*3e52ac51360c9e923ceb73492605e453*
`登陆天数: 26天 / 663天
等级: 130
石头: 4079
呼符: 90
体力: 28.793333333333337 / 138
友情点: 0 / 419675`
_2024-06-18 04:35:25_
--------
*c9bd008b9291506a838d094d2e714e44*
`登陆天数: 26天 / 664天
等级: 130
石头: 4061
呼符: 312
体力: 28.760000000000005 / 138
友情点: 0 / 421125`
_2024-06-18 04:35:33_
--------
*1899f999f07f2f4c1f5d9d627e0e677b*
`登陆天数: 26天 / 664天
等级: 130
石头: 4014
呼符: 259
体力: 28.730000000000004 / 138
友情点: 0 / 420360`
_2024-06-18 04:35:41_
--------
*325bcd9ed4d2ddbf0d84cfbc3ab331ac*
`登陆天数: 24天 / 662天
等级: 130
石头: 4089
呼符: 327
体力: 28.700000000000003 / 138
友情点: 0 / 423125`
_2024-06-18 04:35:48_
--------
*c98afaa313e196865b53a37f777bc18c*
`登陆天数: 24天 / 662天
等级: 130
石头: 4082
呼符: 270
体力: 28.66666666666667 / 138
友情点: 0 / 423250`
_2024-06-18 04:35:56_
--------
*7398d8c0e7ef509e9dbc3650dd95e8a9*
`登陆天数: 26天 / 663天
等级: 130
石头: 4084
呼符: 308
体力: 28.63666666666667 / 138
友情点: 0 / 421325`
_2024-06-18 04:36:04_
--------
*ebe43b96a317c6bb52140f8822b7bb66*
`登陆天数: 26天 / 664天
等级: 130
石头: 4065
呼符: 181
体力: 28.60333333333334 / 138
友情点: 0 / 421750`
_2024-06-18 04:36:11_
--------
*75e2c8db9e56d5764d096803d48c4e17*
`登陆天数: 26天 / 664天
等级: 130
石头: 4083
呼符: 257
体力: 28.540000000000006 / 138
友情点: 0 / 419825`
_2024-06-18 04:36:19_
--------
*578ee215909eba8a3e435a1d693fca29*
`登陆天数: 26天 / 663天
等级: 130
石头: 4069
呼符: 306
体力: 28.510000000000005 / 138
友情点: 0 / 421005`
_2024-06-18 04:36:26_
--------
*bf5b3c4c154991c81daf97e221daddcf*
`登陆天数: 26天 / 664天
等级: 130
石头: 4065
呼符: 104
体力: 28.476666666666674 / 138
友情点: 0 / 422645`
_2024-06-18 04:36:34_
--------
*ec2ed584c5e5eb081e6b14c48e57a543*
`登陆天数: 26天 / 664天
等级: 130
石头: 4086
呼符: 316
体力: 28.446666666666673 / 138
友情点: 0 / 420245`
_2024-06-18 04:36:41_
--------
*2921cb2d2ea2d52ec68bf4e4efb746a6*
`登陆天数: 26天 / 663天
等级: 130
石头: 4062
呼符: 324
体力: 28.413333333333327 / 138
友情点: 0 / 421480`
_2024-06-18 04:36:49_
--------
*f1b4a80b020805ae6b1b4c0fa0a69443*
`登陆天数: 26天 / 664天
等级: 130
石头: 4080
呼符: 195
体力: 28.38333333333334 / 138
友情点: 0 / 420080`
_2024-06-18 04:36:57_
--------
*e9fef87dbc54a02e7ef717990946c8a9*
`登陆天数: 26天 / 664天
等级: 130
石头: 4063
呼符: 287
体力: 28.35333333333334 / 138
友情点: 0 / 419220`
_2024-06-18 04:37:04_
--------
*f2f4287a8e812b25dfab0904488dba3d*
`登陆天数: 26天 / 663天
等级: 130
石头: 4062
呼符: 277
体力: 28.323333333333338 / 138
友情点: 0 / 420415`
_2024-06-18 04:37:13_
--------
*4baddfa18da1ed0717a7984b485c6fc2*
`登陆天数: 26天 / 663天
等级: 130
石头: 4037
呼符: 257
体力: 19349.733333333334 / 138
友情点: 0 / 470230`
_2024-06-18 04:37:20_
--------
