【登录信息】
*77a1a77b950c51520ad53d184d80c7b7*
`登陆天数: 29天 / 666天
等级: 130
石头: 4071
呼符: 146
体力: 29.913333333333327 / 138
友情点: 0 / 406100`
_2024-06-21 04:31:27_
--------
*dca79540c8eb4fe8fcbe7a665edbc3c6*
`登陆天数: 29天 / 667天
等级: 130
石头: 4088
呼符: 308
体力: 29.88333333333334 / 138
友情点: 0 / 404645`
_2024-06-21 04:31:35_
--------
*9aae06123d8ab0185b1f33e811f4a2dd*
`登陆天数: 29天 / 666天
等级: 130
石头: 4093
呼符: 99
体力: 29.85666666666667 / 138
友情点: 0 / 403860`
_2024-06-21 04:31:43_
--------
*26c45b1d160497cd0b69776bf6b44d66*
`登陆天数: 29天 / 667天
等级: 130
石头: 4070
呼符: 278
体力: 29.826666666666668 / 138
友情点: 0 / 403975`
_2024-06-21 04:31:51_
--------
*f7f9d37ed8ade1e2aead2b6fe086d093*
`登陆天数: 29天 / 666天
等级: 130
石头: 4089
呼符: 268
体力: 29.799999999999997 / 138
友情点: 0 / 403975`
_2024-06-21 04:31:59_
--------
*b9f107a712c9d24ffeaae1c6eeee9a48*
`登陆天数: 29天 / 667天
等级: 130
石头: 4073
呼符: 166
体力: 29.766666666666666 / 138
友情点: 0 / 404680`
_2024-06-21 04:32:07_
--------
*988e86c19baa41078af9669e606f801e*
`登陆天数: 29天 / 666天
等级: 130
石头: 4070
呼符: 35
体力: 29.739999999999995 / 138
友情点: 0 / 404495`
_2024-06-21 04:32:15_
--------
*70d8de62938f24620f9d0ca8a26eb857*
`登陆天数: 29天 / 667天
等级: 130
石头: 4085
呼符: 284
体力: 29.71333333333334 / 138
友情点: 0 / 404520`
_2024-06-21 04:32:23_
--------
*37642928f889e710af60c9d7c6027794*
`登陆天数: 29天 / 666天
等级: 130
石头: 4069
呼符: 56
体力: 29.683333333333337 / 138
友情点: 0 / 404915`
_2024-06-21 04:32:31_
--------
*f48d747398bceef53bf6fcb8c0915ba6*
`登陆天数: 29天 / 666天
等级: 130
石头: 4093
呼符: 57
体力: 29.650000000000006 / 138
友情点: 0 / 405260`
_2024-06-21 04:32:39_
--------
*483b063cff6ea57669b8f1c7c527bb8b*
`登陆天数: 29天 / 667天
等级: 130
石头: 4066
呼符: 222
体力: 29.620000000000005 / 138
友情点: 0 / 405300`
_2024-06-21 04:32:47_
--------
*5d7a5098096eff5d52ecdaa28db1b5cf*
`登陆天数: 29天 / 667天
等级: 130
石头: 4071
呼符: 266
体力: 29.590000000000003 / 138
友情点: 0 / 405810`
_2024-06-21 04:32:54_
--------
*b1a3114780fa5a9c62679b98eaf7d27e*
`登陆天数: 29天 / 667天
等级: 130
石头: 4072
呼符: 177
体力: 29.556666666666672 / 138
友情点: 0 / 405290`
_2024-06-21 04:33:02_
--------
*f59cdf165580179ca8ad1d77500cd6f9*
`登陆天数: 29天 / 666天
等级: 130
石头: 4093
呼符: 305
体力: 29.53 / 138
友情点: 0 / 404730`
_2024-06-21 04:33:10_
--------
*0070fdc8a0e6d8249bff1dda41d59afa*
`登陆天数: 29天 / 666天
等级: 130
石头: 4065
呼符: 205
体力: 29.5 / 138
友情点: 0 / 404880`
_2024-06-21 04:33:17_
--------
*52e2d4db57735885727f7640473b91d4*
`登陆天数: 29天 / 667天
等级: 130
石头: 4088
呼符: 224
体力: 29.47333333333333 / 138
友情点: 0 / 405220`
_2024-06-21 04:33:25_
--------
*9726de57c6420db68ae759d6cde46841*
`登陆天数: 29天 / 666天
等级: 130
石头: 4074
呼符: 148
体力: 29.439999999999998 / 138
友情点: 0 / 403485`
_2024-06-21 04:33:33_
--------
*a57f236d5aac2813aca900e757d6e70e*
`登陆天数: 29天 / 666天
等级: 130
石头: 4089
呼符: 315
体力: 29.413333333333327 / 138
友情点: 0 / 405965`
_2024-06-21 04:33:41_
--------
*1f6d6c3b1a9dfa49eb6114878bceeb0c*
`登陆天数: 29天 / 667天
等级: 130
石头: 4072
呼符: 201
体力: 29.38333333333334 / 138
友情点: 0 / 404305`
_2024-06-21 04:33:49_
--------
*229bc285d385f4240df451e88ba9f347*
`登陆天数: 29天 / 667天
等级: 130
石头: 4044
呼符: 143
体力: 29.35666666666667 / 138
友情点: 0 / 404555`
_2024-06-21 04:33:57_
--------
*93a73302cdd69e9041a3453a0500f414*
`登陆天数: 29天 / 666天
等级: 130
石头: 4073
呼符: 324
体力: 29.323333333333338 / 138
友情点: 0 / 406425`
_2024-06-21 04:34:05_
--------
*91082b4670e6c7e82b2c1d2d8466028c*
`登陆天数: 29天 / 666天
等级: 130
石头: 4072
呼符: 212
体力: 29.293333333333337 / 138
友情点: 0 / 404725`
_2024-06-21 04:34:13_
--------
*ea9a9ac18beb2a05102954ee5d462e24*
`登陆天数: 29天 / 667天
等级: 130
石头: 4095
呼符: 326
体力: 29.263333333333335 / 138
友情点: 0 / 405030`
_2024-06-21 04:34:20_
--------
*37001baca015ab2c466e4c94e9f5c466*
`登陆天数: 29天 / 667天
等级: 130
石头: 4057
呼符: 139
体力: 29.236666666666665 / 138
友情点: 0 / 404925`
_2024-06-21 04:34:28_
--------
*90c109921c919e892be469ae7e12a739*
`登陆天数: 29天 / 666天
等级: 130
石头: 4029
呼符: 264
体力: 29.206666666666663 / 138
友情点: 0 / 403655`
_2024-06-21 04:34:36_
--------
*b9204932f4616887c58f09d866aa6137*
`登陆天数: 29天 / 667天
等级: 130
石头: 4086
呼符: 313
体力: 29.176666666666662 / 138
友情点: 0 / 405990`
_2024-06-21 04:34:44_
--------
*79240654eaf1b93129471dcb932ab048*
`登陆天数: 29天 / 667天
等级: 130
石头: 4041
呼符: 257
体力: 29.14666666666666 / 138
友情点: 0 / 404865`
_2024-06-21 04:34:52_
--------
*b39d7f3f04f7a0bb527873a7024bb615*
`登陆天数: 29天 / 666天
等级: 130
石头: 4090
呼符: 226
体力: 29.11666666666666 / 138
友情点: 0 / 404045`
_2024-06-21 04:34:59_
--------
*be6d2ccaebede5896fa06339d9925038*
`登陆天数: 29天 / 666天
等级: 130
石头: 4090
呼符: 35
体力: 29.086666666666673 / 138
友情点: 0 / 406135`
_2024-06-21 04:35:07_
--------
*efeade3689d547498fa18f03ba20a2b8*
`登陆天数: 29天 / 666天
等级: 130
石头: 4058
呼符: 133
体力: 29.056666666666672 / 138
友情点: 0 / 405390`
_2024-06-21 04:35:15_
--------
*b9acdd2751712fe921542fbfa8e93863*
`登陆天数: 29天 / 666天
等级: 130
石头: 4072
呼符: 265
体力: 29.03 / 138
友情点: 0 / 404470`
_2024-06-21 04:35:22_
--------
*cd503491bd91d40ba9237d884ace7aa7*
`登陆天数: 29天 / 667天
等级: 130
石头: 4090
呼符: 330
体力: 29.0 / 138
友情点: 0 / 404465`
_2024-06-21 04:35:30_
--------
*d5e25846dac792da2d4714b3336eda78*
`登陆天数: 29天 / 667天
等级: 130
石头: 4068
呼符: 275
体力: 28.97 / 138
友情点: 0 / 403870`
_2024-06-21 04:35:38_
--------
*98c865ff0ef7968a29b0f2968533169f*
`登陆天数: 29天 / 667天
等级: 130
石头: 4089
呼符: 50
体力: 28.936666666666667 / 138
友情点: 0 / 406955`
_2024-06-21 04:35:46_
--------
*3e52ac51360c9e923ceb73492605e453*
`登陆天数: 29天 / 666天
等级: 130
石头: 4087
呼符: 91
体力: 28.909999999999997 / 138
友情点: 0 / 403675`
_2024-06-21 04:35:54_
--------
*c9bd008b9291506a838d094d2e714e44*
`登陆天数: 29天 / 667天
等级: 130
石头: 4069
呼符: 313
体力: 28.879999999999995 / 138
友情点: 0 / 405125`
_2024-06-21 04:36:01_
--------
*1899f999f07f2f4c1f5d9d627e0e677b*
`登陆天数: 29天 / 667天
等级: 130
石头: 4022
呼符: 260
体力: 28.849999999999994 / 138
友情点: 0 / 404360`
_2024-06-21 04:36:09_
--------
*325bcd9ed4d2ddbf0d84cfbc3ab331ac*
`登陆天数: 27天 / 665天
等级: 130
石头: 4098
呼符: 327
体力: 28.819999999999993 / 138
友情点: 0 / 405125`
_2024-06-21 04:36:17_
--------
*c98afaa313e196865b53a37f777bc18c*
`登陆天数: 27天 / 665天
等级: 130
石头: 4091
呼符: 270
体力: 28.78666666666666 / 138
友情点: 0 / 405250`
_2024-06-21 04:36:25_
--------
*7398d8c0e7ef509e9dbc3650dd95e8a9*
`登陆天数: 29天 / 666天
等级: 130
石头: 4092
呼符: 309
体力: 28.760000000000005 / 138
友情点: 0 / 405325`
_2024-06-21 04:36:33_
--------
*ebe43b96a317c6bb52140f8822b7bb66*
`登陆天数: 29天 / 667天
等级: 130
石头: 4073
呼符: 182
体力: 28.730000000000004 / 138
友情点: 0 / 405750`
_2024-06-21 04:36:41_
--------
*75e2c8db9e56d5764d096803d48c4e17*
`登陆天数: 29天 / 667天
等级: 130
石头: 4091
呼符: 258
体力: 28.700000000000003 / 138
友情点: 0 / 403825`
_2024-06-21 04:36:49_
--------
*578ee215909eba8a3e435a1d693fca29*
`登陆天数: 29天 / 666天
等级: 130
石头: 4077
呼符: 307
体力: 28.673333333333332 / 138
友情点: 0 / 405005`
_2024-06-21 04:36:57_
--------
*bf5b3c4c154991c81daf97e221daddcf*
`登陆天数: 29天 / 667天
等级: 130
石头: 4073
呼符: 105
体力: 28.64666666666666 / 138
友情点: 0 / 406645`
_2024-06-21 04:37:04_
--------
*ec2ed584c5e5eb081e6b14c48e57a543*
`登陆天数: 29天 / 667天
等级: 130
石头: 4094
呼符: 317
体力: 28.61666666666666 / 138
友情点: 0 / 404245`
_2024-06-21 04:37:12_
--------
*2921cb2d2ea2d52ec68bf4e4efb746a6*
`登陆天数: 29天 / 666天
等级: 130
石头: 4070
呼符: 325
体力: 28.58333333333333 / 138
友情点: 0 / 405480`
_2024-06-21 04:37:20_
--------
*f1b4a80b020805ae6b1b4c0fa0a69443*
`登陆天数: 29天 / 667天
等级: 130
石头: 4088
呼符: 196
体力: 28.556666666666672 / 138
友情点: 0 / 406080`
_2024-06-21 04:37:28_
--------
*e9fef87dbc54a02e7ef717990946c8a9*
`登陆天数: 29天 / 667天
等级: 130
石头: 4071
呼符: 288
体力: 28.52666666666667 / 138
友情点: 0 / 403220`
_2024-06-21 04:37:35_
--------
*f2f4287a8e812b25dfab0904488dba3d*
`登陆天数: 29天 / 666天
等级: 130
石头: 4070
呼符: 278
体力: 28.5 / 138
友情点: 0 / 404415`
_2024-06-21 04:37:43_
--------
*4baddfa18da1ed0717a7984b485c6fc2*
`登陆天数: 29天 / 666天
等级: 130
石头: 4037
呼符: 257
体力: 20213.836666666666 / 138
友情点: 0 / 470230`
_2024-06-21 04:37:51_
--------
