【登录信息】
*77a1a77b950c51520ad53d184d80c7b7*
`登陆天数: 30天 / 667天
等级: 130
石头: 4072
呼符: 147
体力: 29.599999999999994 / 138
友情点: 0 / 400100`
_2024-06-22 04:30:00_
--------
*dca79540c8eb4fe8fcbe7a665edbc3c6*
`登陆天数: 30天 / 668天
等级: 130
石头: 4089
呼符: 309
体力: 29.566666666666663 / 138
友情点: 0 / 398645`
_2024-06-22 04:30:08_
--------
*9aae06123d8ab0185b1f33e811f4a2dd*
`登陆天数: 30天 / 667天
等级: 130
石头: 4094
呼符: 100
体力: 29.53666666666666 / 138
友情点: 0 / 397860`
_2024-06-22 04:30:15_
--------
*26c45b1d160497cd0b69776bf6b44d66*
`登陆天数: 30天 / 668天
等级: 130
石头: 4071
呼符: 279
体力: 29.50666666666666 / 138
友情点: 0 / 397975`
_2024-06-22 04:30:23_
--------
*f7f9d37ed8ade1e2aead2b6fe086d093*
`登陆天数: 30天 / 667天
等级: 130
石头: 4090
呼符: 269
体力: 29.476666666666674 / 138
友情点: 0 / 397975`
_2024-06-22 04:30:31_
--------
*b9f107a712c9d24ffeaae1c6eeee9a48*
`登陆天数: 30天 / 668天
等级: 130
石头: 4074
呼符: 167
体力: 29.446666666666673 / 138
友情点: 0 / 398680`
_2024-06-22 04:30:39_
--------
*988e86c19baa41078af9669e606f801e*
`登陆天数: 30天 / 667天
等级: 130
石头: 4071
呼符: 36
体力: 29.41666666666667 / 138
友情点: 0 / 398495`
_2024-06-22 04:30:46_
--------
*70d8de62938f24620f9d0ca8a26eb857*
`登陆天数: 30天 / 668天
等级: 130
石头: 4086
呼符: 285
体力: 29.39 / 138
友情点: 0 / 398520`
_2024-06-22 04:30:54_
--------
*37642928f889e710af60c9d7c6027794*
`登陆天数: 30天 / 667天
等级: 130
石头: 4070
呼符: 57
体力: 29.36 / 138
友情点: 0 / 398915`
_2024-06-22 04:31:02_
--------
*f48d747398bceef53bf6fcb8c0915ba6*
`登陆天数: 30天 / 667天
等级: 130
石头: 4094
呼符: 58
体力: 29.33333333333333 / 138
友情点: 0 / 399260`
_2024-06-22 04:31:10_
--------
*483b063cff6ea57669b8f1c7c527bb8b*
`登陆天数: 30天 / 668天
等级: 130
石头: 4067
呼符: 223
体力: 29.303333333333327 / 138
友情点: 0 / 399300`
_2024-06-22 04:31:18_
--------
*5d7a5098096eff5d52ecdaa28db1b5cf*
`登陆天数: 30天 / 668天
等级: 130
石头: 4072
呼符: 267
体力: 29.273333333333326 / 138
友情点: 0 / 399810`
_2024-06-22 04:31:26_
--------
*b1a3114780fa5a9c62679b98eaf7d27e*
`登陆天数: 30天 / 668天
等级: 130
石头: 4073
呼符: 178
体力: 29.24333333333334 / 138
友情点: 0 / 399290`
_2024-06-22 04:31:34_
--------
*f59cdf165580179ca8ad1d77500cd6f9*
`登陆天数: 30天 / 667天
等级: 130
石头: 4094
呼符: 306
体力: 29.21333333333334 / 138
友情点: 0 / 398730`
_2024-06-22 04:31:42_
--------
*0070fdc8a0e6d8249bff1dda41d59afa*
`登陆天数: 30天 / 667天
等级: 130
石头: 4066
呼符: 206
体力: 29.186666666666667 / 138
友情点: 0 / 398880`
_2024-06-22 04:31:49_
--------
*52e2d4db57735885727f7640473b91d4*
`登陆天数: 30天 / 668天
等级: 130
石头: 4089
呼符: 225
体力: 29.153333333333336 / 138
友情点: 0 / 399220`
_2024-06-22 04:31:57_
--------
*9726de57c6420db68ae759d6cde46841*
`登陆天数: 30天 / 667天
等级: 130
石头: 4075
呼符: 149
体力: 29.126666666666665 / 138
友情点: 0 / 397485`
_2024-06-22 04:32:05_
--------
*a57f236d5aac2813aca900e757d6e70e*
`登陆天数: 30天 / 667天
等级: 130
石头: 4090
呼符: 316
体力: 29.093333333333334 / 138
友情点: 0 / 399965`
_2024-06-22 04:32:13_
--------
*1f6d6c3b1a9dfa49eb6114878bceeb0c*
`登陆天数: 30天 / 668天
等级: 130
石头: 4073
呼符: 202
体力: 29.066666666666663 / 138
友情点: 0 / 398305`
_2024-06-22 04:32:20_
--------
*229bc285d385f4240df451e88ba9f347*
`登陆天数: 30天 / 668天
等级: 130
石头: 4045
呼符: 144
体力: 29.03333333333333 / 138
友情点: 0 / 398555`
_2024-06-22 04:32:28_
--------
*93a73302cdd69e9041a3453a0500f414*
`登陆天数: 30天 / 667天
等级: 130
石头: 4074
呼符: 325
体力: 29.00333333333333 / 138
友情点: 0 / 400425`
_2024-06-22 04:32:36_
--------
*91082b4670e6c7e82b2c1d2d8466028c*
`登陆天数: 30天 / 667天
等级: 130
石头: 4073
呼符: 213
体力: 28.97333333333333 / 138
友情点: 0 / 398725`
_2024-06-22 04:32:43_
--------
*ea9a9ac18beb2a05102954ee5d462e24*
`登陆天数: 30天 / 668天
等级: 130
石头: 4096
呼符: 327
体力: 28.943333333333328 / 138
友情点: 0 / 399030`
_2024-06-22 04:32:51_
--------
*37001baca015ab2c466e4c94e9f5c466*
`登陆天数: 30天 / 668天
等级: 130
石头: 4058
呼符: 140
体力: 28.913333333333327 / 138
友情点: 0 / 398925`
_2024-06-22 04:32:59_
--------
*90c109921c919e892be469ae7e12a739*
`登陆天数: 30天 / 667天
等级: 130
石头: 4030
呼符: 265
体力: 28.88666666666667 / 138
友情点: 0 / 397655`
_2024-06-22 04:33:07_
--------
*b9204932f4616887c58f09d866aa6137*
`登陆天数: 30天 / 668天
等级: 130
石头: 4087
呼符: 314
体力: 28.85666666666667 / 138
友情点: 0 / 399990`
_2024-06-22 04:33:15_
--------
*79240654eaf1b93129471dcb932ab048*
`登陆天数: 30天 / 668天
等级: 130
石头: 4042
呼符: 258
体力: 28.826666666666668 / 138
友情点: 0 / 398865`
_2024-06-22 04:33:22_
--------
*b39d7f3f04f7a0bb527873a7024bb615*
`登陆天数: 30天 / 667天
等级: 130
石头: 4091
呼符: 227
体力: 28.796666666666667 / 138
友情点: 0 / 398045`
_2024-06-22 04:33:30_
--------
*be6d2ccaebede5896fa06339d9925038*
`登陆天数: 30天 / 667天
等级: 130
石头: 4091
呼符: 36
体力: 28.766666666666666 / 138
友情点: 0 / 400135`
_2024-06-22 04:33:38_
--------
*efeade3689d547498fa18f03ba20a2b8*
`登陆天数: 30天 / 667天
等级: 130
石头: 4059
呼符: 134
体力: 28.736666666666665 / 138
友情点: 0 / 399390`
_2024-06-22 04:33:45_
--------
*b9acdd2751712fe921542fbfa8e93863*
`登陆天数: 30天 / 667天
等级: 130
石头: 4073
呼符: 266
体力: 28.700000000000003 / 138
友情点: 0 / 398470`
_2024-06-22 04:33:53_
--------
*cd503491bd91d40ba9237d884ace7aa7*
`登陆天数: 30天 / 668天
等级: 130
石头: 4091
呼符: 331
体力: 28.673333333333332 / 138
友情点: 0 / 398465`
_2024-06-22 04:34:01_
--------
*d5e25846dac792da2d4714b3336eda78*
`登陆天数: 30天 / 668天
等级: 130
石头: 4069
呼符: 276
体力: 28.64333333333333 / 138
友情点: 0 / 397870`
_2024-06-22 04:34:08_
--------
*98c865ff0ef7968a29b0f2968533169f*
`登陆天数: 30天 / 668天
等级: 130
石头: 4090
呼符: 51
体力: 28.61 / 138
友情点: 0 / 400955`
_2024-06-22 04:34:16_
--------
*3e52ac51360c9e923ceb73492605e453*
`登陆天数: 30天 / 667天
等级: 130
石头: 4088
呼符: 92
体力: 28.58333333333333 / 138
友情点: 0 / 397675`
_2024-06-22 04:34:24_
--------
*c9bd008b9291506a838d094d2e714e44*
`登陆天数: 30天 / 668天
等级: 130
石头: 4070
呼符: 314
体力: 28.553333333333327 / 138
友情点: 0 / 399125`
_2024-06-22 04:34:32_
--------
*1899f999f07f2f4c1f5d9d627e0e677b*
`登陆天数: 30天 / 668天
等级: 130
石头: 4023
呼符: 261
体力: 28.523333333333326 / 138
友情点: 0 / 398360`
_2024-06-22 04:34:39_
--------
*325bcd9ed4d2ddbf0d84cfbc3ab331ac*
`登陆天数: 28天 / 666天
等级: 130
石头: 4098
呼符: 329
体力: 28.486666666666665 / 138
友情点: 0 / 399125`
_2024-06-22 04:34:47_
--------
*c98afaa313e196865b53a37f777bc18c*
`登陆天数: 28天 / 666天
等级: 130
石头: 4091
呼符: 272
体力: 28.456666666666663 / 138
友情点: 0 / 399250`
_2024-06-22 04:34:55_
--------
*7398d8c0e7ef509e9dbc3650dd95e8a9*
`登陆天数: 30天 / 667天
等级: 130
石头: 4093
呼符: 310
体力: 28.430000000000007 / 138
友情点: 0 / 399325`
_2024-06-22 04:35:02_
--------
*ebe43b96a317c6bb52140f8822b7bb66*
`登陆天数: 30天 / 668天
等级: 130
石头: 4074
呼符: 183
体力: 28.403333333333336 / 138
友情点: 0 / 399750`
_2024-06-22 04:35:10_
--------
*75e2c8db9e56d5764d096803d48c4e17*
`登陆天数: 30天 / 668天
等级: 130
石头: 4092
呼符: 259
体力: 28.370000000000005 / 138
友情点: 0 / 397825`
_2024-06-22 04:35:18_
--------
*578ee215909eba8a3e435a1d693fca29*
`登陆天数: 30天 / 667天
等级: 130
石头: 4078
呼符: 308
体力: 28.343333333333334 / 138
友情点: 0 / 399005`
_2024-06-22 04:35:26_
--------
*bf5b3c4c154991c81daf97e221daddcf*
`登陆天数: 30天 / 668天
等级: 130
石头: 4074
呼符: 106
体力: 28.313333333333333 / 138
友情点: 0 / 400645`
_2024-06-22 04:35:33_
--------
*ec2ed584c5e5eb081e6b14c48e57a543*
`登陆天数: 30天 / 668天
等级: 130
石头: 4095
呼符: 318
体力: 28.28666666666666 / 138
友情点: 0 / 398245`
_2024-06-22 04:35:41_
--------
*2921cb2d2ea2d52ec68bf4e4efb746a6*
`登陆天数: 30天 / 667天
等级: 130
石头: 4071
呼符: 326
体力: 28.25333333333333 / 138
友情点: 0 / 399480`
_2024-06-22 04:35:49_
--------
*f1b4a80b020805ae6b1b4c0fa0a69443*
`登陆天数: 30天 / 668天
等级: 130
石头: 4089
呼符: 197
体力: 28.226666666666674 / 138
友情点: 0 / 400080`
_2024-06-22 04:35:56_
--------
*e9fef87dbc54a02e7ef717990946c8a9*
`登陆天数: 30天 / 668天
等级: 130
石头: 4072
呼符: 289
体力: 28.193333333333328 / 138
友情点: 0 / 397220`
_2024-06-22 04:36:04_
--------
*f2f4287a8e812b25dfab0904488dba3d*
`登陆天数: 30天 / 667天
等级: 130
石头: 4071
呼符: 279
体力: 28.16666666666667 / 138
友情点: 0 / 398415`
_2024-06-22 04:36:12_
--------
*4baddfa18da1ed0717a7984b485c6fc2*
`登陆天数: 30天 / 667天
等级: 130
石头: 4037
呼符: 257
体力: 20501.53 / 138
友情点: 0 / 470230`
_2024-06-22 04:36:19_
--------
