【登录信息】
*77a1a77b950c51520ad53d184d80c7b7*
`登陆天数: 31天 / 668天
等级: 130
石头: 4073
呼符: 147
体力: 30.39333333333333 / 138
友情点: 0 / 394100`
_2024-06-23 04:30:37_
--------
*dca79540c8eb4fe8fcbe7a665edbc3c6*
`登陆天数: 31天 / 669天
等级: 130
石头: 4090
呼符: 309
体力: 30.36666666666666 / 138
友情点: 0 / 392645`
_2024-06-23 04:30:45_
--------
*9aae06123d8ab0185b1f33e811f4a2dd*
`登陆天数: 31天 / 668天
等级: 130
石头: 4095
呼符: 100
体力: 30.336666666666673 / 138
友情点: 0 / 391860`
_2024-06-23 04:30:53_
--------
*26c45b1d160497cd0b69776bf6b44d66*
`登陆天数: 31天 / 669天
等级: 130
石头: 4072
呼符: 279
体力: 30.310000000000002 / 138
友情点: 0 / 391975`
_2024-06-23 04:31:00_
--------
*f7f9d37ed8ade1e2aead2b6fe086d093*
`登陆天数: 31天 / 668天
等级: 130
石头: 4091
呼符: 269
体力: 30.28333333333333 / 138
友情点: 0 / 391975`
_2024-06-23 04:31:08_
--------
*b9f107a712c9d24ffeaae1c6eeee9a48*
`登陆天数: 31天 / 669天
等级: 130
石头: 4075
呼符: 167
体力: 30.25666666666666 / 138
友情点: 0 / 392680`
_2024-06-23 04:31:16_
--------
*988e86c19baa41078af9669e606f801e*
`登陆天数: 31天 / 668天
等级: 130
石头: 4072
呼符: 36
体力: 30.230000000000004 / 138
友情点: 0 / 392495`
_2024-06-23 04:31:24_
--------
*70d8de62938f24620f9d0ca8a26eb857*
`登陆天数: 31天 / 669天
等级: 130
石头: 4087
呼符: 285
体力: 30.200000000000003 / 138
友情点: 0 / 392520`
_2024-06-23 04:31:32_
--------
*37642928f889e710af60c9d7c6027794*
`登陆天数: 31天 / 668天
等级: 130
石头: 4071
呼符: 57
体力: 30.176666666666662 / 138
友情点: 0 / 392915`
_2024-06-23 04:31:41_
--------
*f48d747398bceef53bf6fcb8c0915ba6*
`登陆天数: 31天 / 668天
等级: 130
石头: 4095
呼符: 58
体力: 30.14666666666666 / 138
友情点: 0 / 393260`
_2024-06-23 04:31:48_
--------
*483b063cff6ea57669b8f1c7c527bb8b*
`登陆天数: 31天 / 669天
等级: 130
石头: 4068
呼符: 223
体力: 30.120000000000005 / 138
友情点: 0 / 393300`
_2024-06-23 04:31:56_
--------
*5d7a5098096eff5d52ecdaa28db1b5cf*
`登陆天数: 31天 / 669天
等级: 130
石头: 4073
呼符: 267
体力: 30.090000000000003 / 138
友情点: 0 / 393810`
_2024-06-23 04:32:04_
--------
*b1a3114780fa5a9c62679b98eaf7d27e*
`登陆天数: 31天 / 669天
等级: 130
石头: 4074
呼符: 178
体力: 30.060000000000002 / 138
友情点: 0 / 393290`
_2024-06-23 04:32:12_
--------
*f59cdf165580179ca8ad1d77500cd6f9*
`登陆天数: 31天 / 668天
等级: 130
石头: 4095
呼符: 306
体力: 30.03333333333333 / 138
友情点: 0 / 392730`
_2024-06-23 04:32:20_
--------
*0070fdc8a0e6d8249bff1dda41d59afa*
`登陆天数: 31天 / 668天
等级: 130
石头: 4067
呼符: 206
体力: 30.00666666666666 / 138
友情点: 0 / 392880`
_2024-06-23 04:32:27_
--------
*52e2d4db57735885727f7640473b91d4*
`登陆天数: 31天 / 669天
等级: 130
石头: 4090
呼符: 225
体力: 29.980000000000004 / 138
友情点: 0 / 393220`
_2024-06-23 04:32:35_
--------
*9726de57c6420db68ae759d6cde46841*
`登陆天数: 31天 / 668天
等级: 130
石头: 4076
呼符: 149
体力: 29.953333333333333 / 138
友情点: 0 / 391485`
_2024-06-23 04:32:44_
--------
*a57f236d5aac2813aca900e757d6e70e*
`登陆天数: 31天 / 668天
等级: 130
石头: 4091
呼符: 316
体力: 29.923333333333332 / 138
友情点: 0 / 393965`
_2024-06-23 04:32:51_
--------
*1f6d6c3b1a9dfa49eb6114878bceeb0c*
`登陆天数: 31天 / 669天
等级: 130
石头: 4074
呼符: 202
体力: 29.89333333333333 / 138
友情点: 0 / 392305`
_2024-06-23 04:32:59_
--------
*229bc285d385f4240df451e88ba9f347*
`登陆天数: 31天 / 669天
等级: 130
石头: 4046
呼符: 144
体力: 29.86666666666666 / 138
友情点: 0 / 392555`
_2024-06-23 04:33:07_
--------
*93a73302cdd69e9041a3453a0500f414*
`登陆天数: 31天 / 668天
等级: 130
石头: 4075
呼符: 325
体力: 29.836666666666673 / 138
友情点: 0 / 394425`
_2024-06-23 04:33:15_
--------
*91082b4670e6c7e82b2c1d2d8466028c*
`登陆天数: 31天 / 668天
等级: 130
石头: 4074
呼符: 213
体力: 29.810000000000002 / 138
友情点: 0 / 392725`
_2024-06-23 04:33:22_
--------
*ea9a9ac18beb2a05102954ee5d462e24*
`登陆天数: 31天 / 669天
等级: 130
石头: 4097
呼符: 327
体力: 29.77666666666667 / 138
友情点: 0 / 393030`
_2024-06-23 04:33:30_
--------
*37001baca015ab2c466e4c94e9f5c466*
`登陆天数: 31天 / 669天
等级: 130
石头: 4059
呼符: 140
体力: 29.75 / 138
友情点: 0 / 392925`
_2024-06-23 04:33:38_
--------
*90c109921c919e892be469ae7e12a739*
`登陆天数: 31天 / 668天
等级: 130
石头: 4031
呼符: 265
体力: 29.72 / 138
友情点: 0 / 391655`
_2024-06-23 04:33:46_
--------
*b9204932f4616887c58f09d866aa6137*
`登陆天数: 31天 / 669天
等级: 130
石头: 4088
呼符: 314
体力: 29.693333333333328 / 138
友情点: 0 / 393990`
_2024-06-23 04:33:54_
--------
*79240654eaf1b93129471dcb932ab048*
`登陆天数: 31天 / 669天
等级: 130
石头: 4043
呼符: 258
体力: 29.66666666666667 / 138
友情点: 0 / 392865`
_2024-06-23 04:34:01_
--------
*b39d7f3f04f7a0bb527873a7024bb615*
`登陆天数: 31天 / 668天
等级: 130
石头: 4092
呼符: 227
体力: 29.64 / 138
友情点: 0 / 392045`
_2024-06-23 04:34:09_
--------
*be6d2ccaebede5896fa06339d9925038*
`登陆天数: 31天 / 668天
等级: 130
石头: 4092
呼符: 36
体力: 29.61 / 138
友情点: 0 / 394135`
_2024-06-23 04:34:17_
--------
*efeade3689d547498fa18f03ba20a2b8*
`登陆天数: 31天 / 668天
等级: 130
石头: 4060
呼符: 134
体力: 29.58333333333333 / 138
友情点: 0 / 393390`
_2024-06-23 04:34:24_
--------
*b9acdd2751712fe921542fbfa8e93863*
`登陆天数: 31天 / 668天
等级: 130
石头: 4074
呼符: 266
体力: 29.556666666666672 / 138
友情点: 0 / 392470`
_2024-06-23 04:34:32_
--------
*cd503491bd91d40ba9237d884ace7aa7*
`登陆天数: 31天 / 669天
等级: 130
石头: 4092
呼符: 331
体力: 29.523333333333326 / 138
友情点: 0 / 392465`
_2024-06-23 04:34:40_
--------
*d5e25846dac792da2d4714b3336eda78*
`登陆天数: 31天 / 669天
等级: 130
石头: 4070
呼符: 276
体力: 29.5 / 138
友情点: 0 / 391870`
_2024-06-23 04:34:48_
--------
*98c865ff0ef7968a29b0f2968533169f*
`登陆天数: 31天 / 669天
等级: 130
石头: 4091
呼符: 51
体力: 29.47 / 138
友情点: 0 / 394955`
_2024-06-23 04:34:56_
--------
*3e52ac51360c9e923ceb73492605e453*
`登陆天数: 31天 / 668天
等级: 130
石头: 4089
呼符: 92
体力: 29.443333333333328 / 138
友情点: 0 / 391675`
_2024-06-23 04:35:04_
--------
*c9bd008b9291506a838d094d2e714e44*
`登陆天数: 31天 / 669天
等级: 130
石头: 4071
呼符: 314
体力: 29.413333333333327 / 138
友情点: 0 / 393125`
_2024-06-23 04:35:11_
--------
*1899f999f07f2f4c1f5d9d627e0e677b*
`登陆天数: 31天 / 669天
等级: 130
石头: 4024
呼符: 261
体力: 29.38333333333334 / 138
友情点: 0 / 392360`
_2024-06-23 04:35:19_
--------
*325bcd9ed4d2ddbf0d84cfbc3ab331ac*
`登陆天数: 29天 / 667天
等级: 130
石头: 4099
呼符: 329
体力: 29.35666666666667 / 138
友情点: 0 / 395125`
_2024-06-23 04:35:27_
--------
*c98afaa313e196865b53a37f777bc18c*
`登陆天数: 29天 / 667天
等级: 130
石头: 4092
呼符: 272
体力: 29.33 / 138
友情点: 0 / 395250`
_2024-06-23 04:35:34_
--------
*7398d8c0e7ef509e9dbc3650dd95e8a9*
`登陆天数: 31天 / 668天
等级: 130
石头: 4094
呼符: 310
体力: 29.303333333333327 / 138
友情点: 0 / 393325`
_2024-06-23 04:35:42_
--------
*ebe43b96a317c6bb52140f8822b7bb66*
`登陆天数: 31天 / 669天
等级: 130
石头: 4075
呼符: 183
体力: 29.273333333333326 / 138
友情点: 0 / 393750`
_2024-06-23 04:35:50_
--------
*75e2c8db9e56d5764d096803d48c4e17*
`登陆天数: 31天 / 669天
等级: 130
石头: 4093
呼符: 259
体力: 29.24666666666667 / 138
友情点: 0 / 391825`
_2024-06-23 04:35:58_
--------
*578ee215909eba8a3e435a1d693fca29*
`登陆天数: 31天 / 668天
等级: 130
石头: 4079
呼符: 308
体力: 29.22 / 138
友情点: 0 / 393005`
_2024-06-23 04:36:05_
--------
*bf5b3c4c154991c81daf97e221daddcf*
`登陆天数: 31天 / 669天
等级: 130
石头: 4075
呼符: 106
体力: 29.193333333333328 / 138
友情点: 0 / 394645`
_2024-06-23 04:36:13_
--------
*ec2ed584c5e5eb081e6b14c48e57a543*
`登陆天数: 31天 / 669天
等级: 130
石头: 4096
呼符: 318
体力: 29.159999999999997 / 138
友情点: 0 / 392245`
_2024-06-23 04:36:21_
--------
*2921cb2d2ea2d52ec68bf4e4efb746a6*
`登陆天数: 31天 / 668天
等级: 130
石头: 4072
呼符: 326
体力: 29.13333333333334 / 138
友情点: 0 / 393480`
_2024-06-23 04:36:29_
--------
*f1b4a80b020805ae6b1b4c0fa0a69443*
`登陆天数: 31天 / 669天
等级: 130
石头: 4090
呼符: 197
体力: 29.10666666666667 / 138
友情点: 0 / 394080`
_2024-06-23 04:36:37_
--------
*e9fef87dbc54a02e7ef717990946c8a9*
`登陆天数: 31天 / 669天
等级: 130
石头: 4073
呼符: 289
体力: 29.076666666666668 / 138
友情点: 0 / 391220`
_2024-06-23 04:36:44_
--------
*f2f4287a8e812b25dfab0904488dba3d*
`登陆天数: 31天 / 668天
等级: 130
石头: 4072
呼符: 279
体力: 29.049999999999997 / 138
友情点: 0 / 392415`
_2024-06-23 04:36:52_
--------
*4baddfa18da1ed0717a7984b485c6fc2*
`登陆天数: 31天 / 668天
等级: 130
石头: 4037
呼符: 257
体力: 20789.663333333334 / 138
友情点: 0 / 470230`
_2024-06-23 04:37:00_
--------
