【登录信息】
*77a1a77b950c51520ad53d184d80c7b7*
`登陆天数: 32天 / 669天
等级: 130
石头: 4074
呼符: 147
体力: 30.370000000000005 / 138
友情点: 0 / 388100`
_2024-06-24 04:31:40_
--------
*dca79540c8eb4fe8fcbe7a665edbc3c6*
`登陆天数: 32天 / 670天
等级: 130
石头: 4091
呼符: 309
体力: 30.340000000000003 / 138
友情点: 0 / 386645`
_2024-06-24 04:31:48_
--------
*9aae06123d8ab0185b1f33e811f4a2dd*
`登陆天数: 32天 / 669天
等级: 130
石头: 4096
呼符: 100
体力: 30.313333333333333 / 138
友情点: 0 / 385860`
_2024-06-24 04:31:56_
--------
*26c45b1d160497cd0b69776bf6b44d66*
`登陆天数: 32天 / 670天
等级: 130
石头: 4073
呼符: 279
体力: 30.28666666666666 / 138
友情点: 0 / 385975`
_2024-06-24 04:32:05_
--------
*f7f9d37ed8ade1e2aead2b6fe086d093*
`登陆天数: 32天 / 669天
等级: 130
石头: 4092
呼符: 269
体力: 30.260000000000005 / 138
友情点: 0 / 385975`
_2024-06-24 04:32:13_
--------
*b9f107a712c9d24ffeaae1c6eeee9a48*
`登陆天数: 32天 / 670天
等级: 130
石头: 4076
呼符: 167
体力: 30.226666666666674 / 138
友情点: 0 / 386680`
_2024-06-24 04:32:21_
--------
*988e86c19baa41078af9669e606f801e*
`登陆天数: 32天 / 669天
等级: 130
石头: 4073
呼符: 36
体力: 30.196666666666673 / 138
友情点: 0 / 390495`
_2024-06-24 04:32:29_
--------
*70d8de62938f24620f9d0ca8a26eb857*
`登陆天数: 32天 / 670天
等级: 130
石头: 4088
呼符: 285
体力: 30.173333333333332 / 138
友情点: 0 / 386520`
_2024-06-24 04:32:38_
--------
*37642928f889e710af60c9d7c6027794*
`登陆天数: 32天 / 669天
等级: 130
石头: 4072
呼符: 57
体力: 30.14333333333333 / 138
友情点: 0 / 386915`
_2024-06-24 04:32:46_
--------
*f48d747398bceef53bf6fcb8c0915ba6*
`登陆天数: 32天 / 669天
等级: 130
石头: 4096
呼符: 58
体力: 30.11666666666666 / 138
友情点: 0 / 387260`
_2024-06-24 04:32:54_
--------
*483b063cff6ea57669b8f1c7c527bb8b*
`登陆天数: 32天 / 670天
等级: 130
石头: 4069
呼符: 223
体力: 30.086666666666673 / 138
友情点: 0 / 387300`
_2024-06-24 04:33:02_
--------
*5d7a5098096eff5d52ecdaa28db1b5cf*
`登陆天数: 32天 / 670天
等级: 130
石头: 4074
呼符: 267
体力: 30.060000000000002 / 138
友情点: 0 / 387810`
_2024-06-24 04:33:10_
--------
*b1a3114780fa5a9c62679b98eaf7d27e*
`登陆天数: 32天 / 670天
等级: 130
石头: 4075
呼符: 178
体力: 30.03 / 138
友情点: 0 / 387290`
_2024-06-24 04:33:19_
--------
*f59cdf165580179ca8ad1d77500cd6f9*
`登陆天数: 32天 / 669天
等级: 130
石头: 4096
呼符: 306
体力: 30.0 / 138
友情点: 0 / 386730`
_2024-06-24 04:33:27_
--------
*0070fdc8a0e6d8249bff1dda41d59afa*
`登陆天数: 32天 / 669天
等级: 130
石头: 4068
呼符: 206
体力: 29.97 / 138
友情点: 0 / 386880`
_2024-06-24 04:33:35_
--------
*52e2d4db57735885727f7640473b91d4*
`登陆天数: 32天 / 670天
等级: 130
石头: 4091
呼符: 225
体力: 29.939999999999998 / 138
友情点: 0 / 387220`
_2024-06-24 04:33:43_
--------
*9726de57c6420db68ae759d6cde46841*
`登陆天数: 32天 / 669天
等级: 130
石头: 4077
呼符: 149
体力: 29.909999999999997 / 138
友情点: 0 / 385485`
_2024-06-24 04:33:51_
--------
*a57f236d5aac2813aca900e757d6e70e*
`登陆天数: 32天 / 669天
等级: 130
石头: 4092
呼符: 316
体力: 29.876666666666665 / 138
友情点: 0 / 387965`
_2024-06-24 04:33:59_
--------
*1f6d6c3b1a9dfa49eb6114878bceeb0c*
`登陆天数: 32天 / 670天
等级: 130
石头: 4075
呼符: 202
体力: 29.843333333333334 / 138
友情点: 0 / 386305`
_2024-06-24 04:34:07_
--------
*229bc285d385f4240df451e88ba9f347*
`登陆天数: 32天 / 670天
等级: 130
石头: 4047
呼符: 144
体力: 29.816666666666663 / 138
友情点: 0 / 386555`
_2024-06-24 04:34:15_
--------
*93a73302cdd69e9041a3453a0500f414*
`登陆天数: 32天 / 669天
等级: 130
石头: 4076
呼符: 325
体力: 29.790000000000006 / 138
友情点: 0 / 388425`
_2024-06-24 04:34:24_
--------
*91082b4670e6c7e82b2c1d2d8466028c*
`登陆天数: 32天 / 669天
等级: 130
石头: 4075
呼符: 213
体力: 29.760000000000005 / 138
友情点: 0 / 386725`
_2024-06-24 04:34:31_
--------
*ea9a9ac18beb2a05102954ee5d462e24*
`登陆天数: 32天 / 670天
等级: 130
石头: 4098
呼符: 327
体力: 29.733333333333334 / 138
友情点: 0 / 387030`
_2024-06-24 04:34:39_
--------
*37001baca015ab2c466e4c94e9f5c466*
`登陆天数: 32天 / 670天
等级: 130
石头: 4060
呼符: 140
体力: 29.706666666666663 / 138
友情点: 0 / 386925`
_2024-06-24 04:34:47_
--------
*90c109921c919e892be469ae7e12a739*
`登陆天数: 32天 / 669天
等级: 130
石头: 4032
呼符: 265
体力: 29.676666666666662 / 138
友情点: 0 / 385655`
_2024-06-24 04:34:56_
--------
*b9204932f4616887c58f09d866aa6137*
`登陆天数: 32天 / 670天
等级: 130
石头: 4089
呼符: 314
体力: 29.650000000000006 / 138
友情点: 0 / 387990`
_2024-06-24 04:35:04_
--------
*79240654eaf1b93129471dcb932ab048*
`登陆天数: 32天 / 670天
等级: 130
石头: 4044
呼符: 258
体力: 29.623333333333335 / 138
友情点: 0 / 386865`
_2024-06-24 04:35:11_
--------
*b39d7f3f04f7a0bb527873a7024bb615*
`登陆天数: 32天 / 669天
等级: 130
石头: 4093
呼符: 227
体力: 29.599999999999994 / 138
友情点: 0 / 386045`
_2024-06-24 04:35:20_
--------
*be6d2ccaebede5896fa06339d9925038*
`登陆天数: 32天 / 669天
等级: 130
石头: 4093
呼符: 36
体力: 29.566666666666663 / 138
友情点: 0 / 394135`
_2024-06-24 04:35:28_
--------
*efeade3689d547498fa18f03ba20a2b8*
`登陆天数: 32天 / 669天
等级: 130
石头: 4061
呼符: 134
体力: 29.540000000000006 / 138
友情点: 0 / 387390`
_2024-06-24 04:35:36_
--------
*b9acdd2751712fe921542fbfa8e93863*
`登陆天数: 32天 / 669天
等级: 130
石头: 4075
呼符: 266
体力: 29.50666666666666 / 138
友情点: 0 / 386470`
_2024-06-24 04:35:44_
--------
*cd503491bd91d40ba9237d884ace7aa7*
`登陆天数: 32天 / 670天
等级: 130
石头: 4093
呼符: 331
体力: 29.476666666666674 / 138
友情点: 0 / 386465`
_2024-06-24 04:35:52_
--------
*d5e25846dac792da2d4714b3336eda78*
`登陆天数: 32天 / 670天
等级: 130
石头: 4071
呼符: 276
体力: 29.446666666666673 / 138
友情点: 0 / 385870`
_2024-06-24 04:36:00_
--------
*98c865ff0ef7968a29b0f2968533169f*
`登陆天数: 32天 / 670天
等级: 130
石头: 4092
呼符: 51
体力: 29.41666666666667 / 138
友情点: 0 / 388955`
_2024-06-24 04:36:08_
--------
*3e52ac51360c9e923ceb73492605e453*
`登陆天数: 32天 / 669天
等级: 130
石头: 4090
呼符: 92
体力: 29.38666666666667 / 138
友情点: 0 / 385675`
_2024-06-24 04:36:16_
--------
*c9bd008b9291506a838d094d2e714e44*
`登陆天数: 32天 / 670天
等级: 130
石头: 4072
呼符: 314
体力: 29.36 / 138
友情点: 0 / 387125`
_2024-06-24 04:36:24_
--------
*1899f999f07f2f4c1f5d9d627e0e677b*
`登陆天数: 32天 / 670天
等级: 130
石头: 4025
呼符: 261
体力: 29.33 / 138
友情点: 0 / 386360`
_2024-06-24 04:36:33_
--------
*325bcd9ed4d2ddbf0d84cfbc3ab331ac*
`登陆天数: 30天 / 668天
等级: 130
石头: 4100
呼符: 329
体力: 29.299999999999997 / 138
友情点: 0 / 389125`
_2024-06-24 04:36:41_
--------
*c98afaa313e196865b53a37f777bc18c*
`登陆天数: 30天 / 668天
等级: 130
石头: 4093
呼符: 272
体力: 29.269999999999996 / 138
友情点: 0 / 389250`
_2024-06-24 04:36:49_
--------
*7398d8c0e7ef509e9dbc3650dd95e8a9*
`登陆天数: 32天 / 669天
等级: 130
石头: 4095
呼符: 310
体力: 29.24666666666667 / 138
友情点: 0 / 387325`
_2024-06-24 04:36:57_
--------
*ebe43b96a317c6bb52140f8822b7bb66*
`登陆天数: 32天 / 670天
等级: 130
石头: 4076
呼符: 183
体力: 29.21333333333334 / 138
友情点: 0 / 387750`
_2024-06-24 04:37:05_
--------
*75e2c8db9e56d5764d096803d48c4e17*
`登陆天数: 32天 / 670天
等级: 130
石头: 4094
呼符: 259
体力: 29.183333333333337 / 138
友情点: 0 / 385825`
_2024-06-24 04:37:13_
--------
*578ee215909eba8a3e435a1d693fca29*
`登陆天数: 32天 / 669天
等级: 130
石头: 4080
呼符: 308
体力: 29.153333333333336 / 138
友情点: 0 / 387005`
_2024-06-24 04:37:21_
--------
*bf5b3c4c154991c81daf97e221daddcf*
`登陆天数: 32天 / 670天
等级: 130
石头: 4076
呼符: 106
体力: 29.123333333333335 / 138
友情点: 0 / 388645`
_2024-06-24 04:37:30_
--------
*ec2ed584c5e5eb081e6b14c48e57a543*
`登陆天数: 32天 / 670天
等级: 130
石头: 4097
呼符: 318
体力: 29.096666666666664 / 138
友情点: 0 / 386245`
_2024-06-24 04:37:38_
--------
*2921cb2d2ea2d52ec68bf4e4efb746a6*
`登陆天数: 32天 / 669天
等级: 130
石头: 4073
呼符: 326
体力: 29.069999999999993 / 138
友情点: 0 / 387480`
_2024-06-24 04:37:46_
--------
*f1b4a80b020805ae6b1b4c0fa0a69443*
`登陆天数: 32天 / 670天
等级: 130
石头: 4091
呼符: 197
体力: 29.03666666666666 / 138
友情点: 0 / 388080`
_2024-06-24 04:37:55_
--------
*e9fef87dbc54a02e7ef717990946c8a9*
`登陆天数: 32天 / 670天
等级: 130
石头: 4074
呼符: 289
体力: 29.010000000000005 / 138
友情点: 0 / 385220`
_2024-06-24 04:38:03_
--------
*f2f4287a8e812b25dfab0904488dba3d*
`登陆天数: 32天 / 669天
等级: 130
石头: 4073
呼符: 279
体力: 28.983333333333334 / 138
友情点: 0 / 386415`
_2024-06-24 04:38:11_
--------
*4baddfa18da1ed0717a7984b485c6fc2*
`登陆天数: 32天 / 669天
等级: 130
石头: 4037
呼符: 257
体力: 21077.93 / 138
友情点: 0 / 470230`
_2024-06-24 04:38:19_
--------
