【登录信息】
*77a1a77b950c51520ad53d184d80c7b7*
`登陆天数: 33天 / 670天
等级: 130
石头: 4074
呼符: 148
体力: 30.230000000000004 / 138
友情点: 0 / 382100`
_2024-06-25 04:31:24_
--------
*dca79540c8eb4fe8fcbe7a665edbc3c6*
`登陆天数: 33天 / 671天
等级: 130
石头: 4091
呼符: 310
体力: 30.200000000000003 / 138
友情点: 0 / 380645`
_2024-06-25 04:31:31_
--------
*9aae06123d8ab0185b1f33e811f4a2dd*
`登陆天数: 33天 / 670天
等级: 130
石头: 4096
呼符: 101
体力: 30.173333333333332 / 138
友情点: 0 / 379860`
_2024-06-25 04:31:39_
--------
*26c45b1d160497cd0b69776bf6b44d66*
`登陆天数: 33天 / 671天
等级: 130
石头: 4073
呼符: 280
体力: 30.14666666666666 / 138
友情点: 0 / 379975`
_2024-06-25 04:31:47_
--------
*f7f9d37ed8ade1e2aead2b6fe086d093*
`登陆天数: 33天 / 670天
等级: 130
石头: 4092
呼符: 270
体力: 30.11666666666666 / 138
友情点: 0 / 379975`
_2024-06-25 04:31:55_
--------
*b9f107a712c9d24ffeaae1c6eeee9a48*
`登陆天数: 33天 / 671天
等级: 130
石头: 4076
呼符: 168
体力: 30.086666666666673 / 138
友情点: 0 / 380680`
_2024-06-25 04:32:02_
--------
*988e86c19baa41078af9669e606f801e*
`登陆天数: 33天 / 670天
等级: 130
石头: 4073
呼符: 37
体力: 30.060000000000002 / 138
友情点: 0 / 390495`
_2024-06-25 04:32:10_
--------
*70d8de62938f24620f9d0ca8a26eb857*
`登陆天数: 33天 / 671天
等级: 130
石头: 4088
呼符: 286
体力: 30.03333333333333 / 138
友情点: 0 / 380520`
_2024-06-25 04:32:18_
--------
*37642928f889e710af60c9d7c6027794*
`登陆天数: 33天 / 670天
等级: 130
石头: 4072
呼符: 58
体力: 30.00333333333333 / 138
友情点: 0 / 386915`
_2024-06-25 04:32:26_
--------
*f48d747398bceef53bf6fcb8c0915ba6*
`登陆天数: 33天 / 670天
等级: 130
石头: 4096
呼符: 59
体力: 29.980000000000004 / 138
友情点: 0 / 385260`
_2024-06-25 04:32:34_
--------
*483b063cff6ea57669b8f1c7c527bb8b*
`登陆天数: 33天 / 671天
等级: 130
石头: 4069
呼符: 224
体力: 29.956666666666663 / 138
友情点: 0 / 381300`
_2024-06-25 04:32:41_
--------
*5d7a5098096eff5d52ecdaa28db1b5cf*
`登陆天数: 33天 / 671天
等级: 130
石头: 4074
呼符: 268
体力: 29.926666666666662 / 138
友情点: 0 / 381810`
_2024-06-25 04:32:49_
--------
*b1a3114780fa5a9c62679b98eaf7d27e*
`登陆天数: 33天 / 671天
等级: 130
石头: 4075
呼符: 179
体力: 29.89666666666666 / 138
友情点: 0 / 381290`
_2024-06-25 04:32:57_
--------
*f59cdf165580179ca8ad1d77500cd6f9*
`登陆天数: 33天 / 670天
等级: 130
石头: 4096
呼符: 307
体力: 29.870000000000005 / 138
友情点: 0 / 380730`
_2024-06-25 04:33:04_
--------
*0070fdc8a0e6d8249bff1dda41d59afa*
`登陆天数: 33天 / 670天
等级: 130
石头: 4068
呼符: 207
体力: 29.840000000000003 / 138
友情点: 0 / 380880`
_2024-06-25 04:33:12_
--------
*52e2d4db57735885727f7640473b91d4*
`登陆天数: 33天 / 671天
等级: 130
石头: 4091
呼符: 226
体力: 29.813333333333333 / 138
友情点: 0 / 381220`
_2024-06-25 04:33:20_
--------
*9726de57c6420db68ae759d6cde46841*
`登陆天数: 33天 / 670天
等级: 130
石头: 4077
呼符: 150
体力: 29.78666666666666 / 138
友情点: 0 / 379485`
_2024-06-25 04:33:27_
--------
*a57f236d5aac2813aca900e757d6e70e*
`登陆天数: 33天 / 670天
等级: 130
石头: 4092
呼符: 317
体力: 29.75666666666666 / 138
友情点: 0 / 381965`
_2024-06-25 04:33:35_
--------
*1f6d6c3b1a9dfa49eb6114878bceeb0c*
`登陆天数: 33天 / 671天
等级: 130
石头: 4075
呼符: 203
体力: 29.730000000000004 / 138
友情点: 0 / 380305`
_2024-06-25 04:33:43_
--------
*229bc285d385f4240df451e88ba9f347*
`登陆天数: 33天 / 671天
等级: 130
石头: 4047
呼符: 145
体力: 29.703333333333333 / 138
友情点: 0 / 380555`
_2024-06-25 04:33:50_
--------
*93a73302cdd69e9041a3453a0500f414*
`登陆天数: 33天 / 670天
等级: 130
石头: 4076
呼符: 326
体力: 29.673333333333332 / 138
友情点: 0 / 382425`
_2024-06-25 04:33:58_
--------
*91082b4670e6c7e82b2c1d2d8466028c*
`登陆天数: 33天 / 670天
等级: 130
石头: 4075
呼符: 214
体力: 29.64666666666666 / 138
友情点: 0 / 380725`
_2024-06-25 04:34:06_
--------
*ea9a9ac18beb2a05102954ee5d462e24*
`登陆天数: 33天 / 671天
等级: 130
石头: 4098
呼符: 328
体力: 29.620000000000005 / 138
友情点: 0 / 381030`
_2024-06-25 04:34:13_
--------
*37001baca015ab2c466e4c94e9f5c466*
`登陆天数: 33天 / 671天
等级: 130
石头: 4060
呼符: 141
体力: 29.593333333333334 / 138
友情点: 0 / 380925`
_2024-06-25 04:34:21_
--------
*90c109921c919e892be469ae7e12a739*
`登陆天数: 33天 / 670天
等级: 130
石头: 4032
呼符: 266
体力: 29.566666666666663 / 138
友情点: 0 / 379655`
_2024-06-25 04:34:29_
--------
*b9204932f4616887c58f09d866aa6137*
`登陆天数: 33天 / 671天
等级: 130
石头: 4089
呼符: 315
体力: 29.53666666666666 / 138
友情点: 0 / 381990`
_2024-06-25 04:34:37_
--------
*79240654eaf1b93129471dcb932ab048*
`登陆天数: 33天 / 671天
等级: 130
石头: 4044
呼符: 259
体力: 29.510000000000005 / 138
友情点: 0 / 380865`
_2024-06-25 04:34:45_
--------
*b39d7f3f04f7a0bb527873a7024bb615*
`登陆天数: 33天 / 670天
等级: 130
石头: 4093
呼符: 228
体力: 29.483333333333334 / 138
友情点: 0 / 380045`
_2024-06-25 04:34:53_
--------
*be6d2ccaebede5896fa06339d9925038*
`登陆天数: 33天 / 670天
等级: 130
石头: 4093
呼符: 37
体力: 29.456666666666663 / 138
友情点: 0 / 394135`
_2024-06-25 04:35:00_
--------
*efeade3689d547498fa18f03ba20a2b8*
`登陆天数: 33天 / 670天
等级: 130
石头: 4061
呼符: 135
体力: 29.430000000000007 / 138
友情点: 0 / 381390`
_2024-06-25 04:35:08_
--------
*b9acdd2751712fe921542fbfa8e93863*
`登陆天数: 33天 / 670天
等级: 130
石头: 4075
呼符: 267
体力: 29.400000000000006 / 138
友情点: 0 / 380470`
_2024-06-25 04:35:16_
--------
*cd503491bd91d40ba9237d884ace7aa7*
`登陆天数: 33天 / 671天
等级: 130
石头: 4093
呼符: 332
体力: 29.370000000000005 / 138
友情点: 0 / 380465`
_2024-06-25 04:35:24_
--------
*d5e25846dac792da2d4714b3336eda78*
`登陆天数: 33天 / 671天
等级: 130
石头: 4071
呼符: 277
体力: 29.343333333333334 / 138
友情点: 0 / 379870`
_2024-06-25 04:35:32_
--------
*98c865ff0ef7968a29b0f2968533169f*
`登陆天数: 33天 / 671天
等级: 130
石头: 4092
呼符: 52
体力: 29.316666666666663 / 138
友情点: 0 / 382955`
_2024-06-25 04:35:39_
--------
*3e52ac51360c9e923ceb73492605e453*
`登陆天数: 33天 / 670天
等级: 130
石头: 4090
呼符: 93
体力: 29.290000000000006 / 138
友情点: 0 / 381675`
_2024-06-25 04:35:47_
--------
*c9bd008b9291506a838d094d2e714e44*
`登陆天数: 33天 / 671天
等级: 130
石头: 4072
呼符: 315
体力: 29.263333333333335 / 138
友情点: 0 / 381125`
_2024-06-25 04:35:55_
--------
*1899f999f07f2f4c1f5d9d627e0e677b*
`登陆天数: 33天 / 671天
等级: 130
石头: 4025
呼符: 262
体力: 29.233333333333334 / 138
友情点: 0 / 380360`
_2024-06-25 04:36:03_
--------
*325bcd9ed4d2ddbf0d84cfbc3ab331ac*
`登陆天数: 31天 / 669天
等级: 130
石头: 4100
呼符: 330
体力: 29.206666666666663 / 138
友情点: 0 / 383125`
_2024-06-25 04:36:10_
--------
*c98afaa313e196865b53a37f777bc18c*
`登陆天数: 31天 / 669天
等级: 130
石头: 4093
呼符: 273
体力: 29.180000000000007 / 138
友情点: 0 / 383250`
_2024-06-25 04:36:18_
--------
*7398d8c0e7ef509e9dbc3650dd95e8a9*
`登陆天数: 33天 / 670天
等级: 130
石头: 4095
呼符: 311
体力: 29.14666666666666 / 138
友情点: 0 / 381325`
_2024-06-25 04:36:26_
--------
*ebe43b96a317c6bb52140f8822b7bb66*
`登陆天数: 33天 / 671天
等级: 130
石头: 4076
呼符: 184
体力: 29.120000000000005 / 138
友情点: 0 / 381750`
_2024-06-25 04:36:34_
--------
*75e2c8db9e56d5764d096803d48c4e17*
`登陆天数: 33天 / 671天
等级: 130
石头: 4094
呼符: 260
体力: 29.093333333333334 / 138
友情点: 0 / 379825`
_2024-06-25 04:36:41_
--------
*578ee215909eba8a3e435a1d693fca29*
`登陆天数: 33天 / 670天
等级: 130
石头: 4080
呼符: 309
体力: 29.063333333333333 / 138
友情点: 0 / 381005`
_2024-06-25 04:36:49_
--------
*bf5b3c4c154991c81daf97e221daddcf*
`登陆天数: 33天 / 671天
等级: 130
石头: 4076
呼符: 107
体力: 29.03666666666666 / 138
友情点: 0 / 382645`
_2024-06-25 04:36:57_
--------
*ec2ed584c5e5eb081e6b14c48e57a543*
`登陆天数: 33天 / 671天
等级: 130
石头: 4097
呼符: 319
体力: 29.010000000000005 / 138
友情点: 0 / 380245`
_2024-06-25 04:37:05_
--------
*2921cb2d2ea2d52ec68bf4e4efb746a6*
`登陆天数: 33天 / 670天
等级: 130
石头: 4073
呼符: 327
体力: 28.983333333333334 / 138
友情点: 0 / 381480`
_2024-06-25 04:37:12_
--------
*f1b4a80b020805ae6b1b4c0fa0a69443*
`登陆天数: 33天 / 671天
等级: 130
石头: 4091
呼符: 198
体力: 28.953333333333333 / 138
友情点: 0 / 382080`
_2024-06-25 04:37:20_
--------
*e9fef87dbc54a02e7ef717990946c8a9*
`登陆天数: 33天 / 671天
等级: 130
石头: 4074
呼符: 290
体力: 28.923333333333332 / 138
友情点: 0 / 379220`
_2024-06-25 04:37:27_
--------
*f2f4287a8e812b25dfab0904488dba3d*
`登陆天数: 33天 / 670天
等级: 130
石头: 4073
呼符: 280
体力: 28.89333333333333 / 138
友情点: 0 / 380415`
_2024-06-25 04:37:35_
--------
*4baddfa18da1ed0717a7984b485c6fc2*
`登陆天数: 33天 / 670天
等级: 130
石头: 4037
呼符: 257
体力: 21365.806666666667 / 138
友情点: 0 / 470230`
_2024-06-25 04:37:42_
--------
