【登录信息】
*77a1a77b950c51520ad53d184d80c7b7*
`登陆天数: 34天 / 671天
等级: 130
石头: 4077
呼符: 148
体力: 30.290000000000006 / 138
友情点: 0 / 376100`
_2024-06-26 04:32:30_
--------
*dca79540c8eb4fe8fcbe7a665edbc3c6*
`登陆天数: 34天 / 672天
等级: 130
石头: 4094
呼符: 310
体力: 30.260000000000005 / 138
友情点: 0 / 374645`
_2024-06-26 04:32:38_
--------
*9aae06123d8ab0185b1f33e811f4a2dd*
`登陆天数: 34天 / 671天
等级: 130
石头: 4099
呼符: 101
体力: 30.230000000000004 / 138
友情点: 0 / 373860`
_2024-06-26 04:32:45_
--------
*26c45b1d160497cd0b69776bf6b44d66*
`登陆天数: 34天 / 672天
等级: 130
石头: 4076
呼符: 280
体力: 30.203333333333333 / 138
友情点: 0 / 373975`
_2024-06-26 04:32:53_
--------
*f7f9d37ed8ade1e2aead2b6fe086d093*
`登陆天数: 34天 / 671天
等级: 130
石头: 4095
呼符: 270
体力: 30.173333333333332 / 138
友情点: 0 / 373975`
_2024-06-26 04:33:01_
--------
*b9f107a712c9d24ffeaae1c6eeee9a48*
`登陆天数: 34天 / 672天
等级: 130
石头: 4079
呼符: 168
体力: 30.14666666666666 / 138
友情点: 0 / 376680`
_2024-06-26 04:33:09_
--------
*988e86c19baa41078af9669e606f801e*
`登陆天数: 34天 / 671天
等级: 130
石头: 4076
呼符: 37
体力: 30.11666666666666 / 138
友情点: 0 / 390495`
_2024-06-26 04:33:17_
--------
*70d8de62938f24620f9d0ca8a26eb857*
`登陆天数: 34天 / 672天
等级: 130
石头: 4091
呼符: 286
体力: 30.093333333333334 / 138
友情点: 0 / 374520`
_2024-06-26 04:33:25_
--------
*37642928f889e710af60c9d7c6027794*
`登陆天数: 34天 / 671天
等级: 130
石头: 4075
呼符: 58
体力: 30.063333333333333 / 138
友情点: 0 / 386915`
_2024-06-26 04:33:33_
--------
*f48d747398bceef53bf6fcb8c0915ba6*
`登陆天数: 34天 / 671天
等级: 130
石头: 4099
呼符: 59
体力: 30.040000000000006 / 138
友情点: 0 / 385260`
_2024-06-26 04:33:41_
--------
*483b063cff6ea57669b8f1c7c527bb8b*
`登陆天数: 34天 / 672天
等级: 130
石头: 4072
呼符: 224
体力: 30.016666666666666 / 138
友情点: 0 / 375300`
_2024-06-26 04:33:50_
--------
*5d7a5098096eff5d52ecdaa28db1b5cf*
`登陆天数: 34天 / 672天
等级: 130
石头: 4077
呼符: 268
体力: 29.99333333333334 / 138
友情点: 0 / 375810`
_2024-06-26 04:33:58_
--------
*b1a3114780fa5a9c62679b98eaf7d27e*
`登陆天数: 34天 / 672天
等级: 130
石头: 4078
呼符: 179
体力: 29.96333333333334 / 138
友情点: 0 / 375290`
_2024-06-26 04:34:06_
--------
*f59cdf165580179ca8ad1d77500cd6f9*
`登陆天数: 34天 / 671天
等级: 130
石头: 4099
呼符: 307
体力: 29.933333333333337 / 138
友情点: 0 / 374730`
_2024-06-26 04:34:14_
--------
*0070fdc8a0e6d8249bff1dda41d59afa*
`登陆天数: 34天 / 671天
等级: 130
石头: 4071
呼符: 207
体力: 29.903333333333336 / 138
友情点: 0 / 374880`
_2024-06-26 04:34:22_
--------
*52e2d4db57735885727f7640473b91d4*
`登陆天数: 34天 / 672天
等级: 130
石头: 4094
呼符: 226
体力: 29.876666666666665 / 138
友情点: 0 / 379220`
_2024-06-26 04:34:30_
--------
*9726de57c6420db68ae759d6cde46841*
`登陆天数: 34天 / 671天
等级: 130
石头: 4080
呼符: 150
体力: 29.85666666666667 / 138
友情点: 0 / 373485`
_2024-06-26 04:34:38_
--------
*a57f236d5aac2813aca900e757d6e70e*
`登陆天数: 34天 / 671天
等级: 130
石头: 4095
呼符: 317
体力: 29.826666666666668 / 138
友情点: 0 / 375965`
_2024-06-26 04:34:47_
--------
*1f6d6c3b1a9dfa49eb6114878bceeb0c*
`登陆天数: 34天 / 672天
等级: 130
石头: 4078
呼符: 203
体力: 29.799999999999997 / 138
友情点: 0 / 374305`
_2024-06-26 04:34:55_
--------
*229bc285d385f4240df451e88ba9f347*
`登陆天数: 34天 / 672天
等级: 130
石头: 4050
呼符: 145
体力: 29.769999999999996 / 138
友情点: 0 / 374555`
_2024-06-26 04:35:03_
--------
*93a73302cdd69e9041a3453a0500f414*
`登陆天数: 34天 / 671天
等级: 130
石头: 4079
呼符: 326
体力: 29.74333333333334 / 138
友情点: 0 / 376425`
_2024-06-26 04:35:11_
--------
*91082b4670e6c7e82b2c1d2d8466028c*
`登陆天数: 34天 / 671天
等级: 130
石头: 4078
呼符: 214
体力: 29.71666666666667 / 138
友情点: 0 / 374725`
_2024-06-26 04:35:18_
--------
*ea9a9ac18beb2a05102954ee5d462e24*
`登陆天数: 34天 / 672天
等级: 130
石头: 4101
呼符: 328
体力: 29.689999999999998 / 138
友情点: 0 / 375030`
_2024-06-26 04:35:27_
--------
*37001baca015ab2c466e4c94e9f5c466*
`登陆天数: 34天 / 672天
等级: 130
石头: 4063
呼符: 141
体力: 29.659999999999997 / 138
友情点: 0 / 374925`
_2024-06-26 04:35:35_
--------
*90c109921c919e892be469ae7e12a739*
`登陆天数: 34天 / 671天
等级: 130
石头: 4035
呼符: 266
体力: 29.63666666666667 / 138
友情点: 0 / 373655`
_2024-06-26 04:35:43_
--------
*b9204932f4616887c58f09d866aa6137*
`登陆天数: 34天 / 672天
等级: 130
石头: 4092
呼符: 315
体力: 29.61 / 138
友情点: 0 / 375990`
_2024-06-26 04:35:51_
--------
*79240654eaf1b93129471dcb932ab048*
`登陆天数: 34天 / 672天
等级: 130
石头: 4047
呼符: 259
体力: 29.58333333333333 / 138
友情点: 0 / 374865`
_2024-06-26 04:35:59_
--------
*b39d7f3f04f7a0bb527873a7024bb615*
`登陆天数: 34天 / 671天
等级: 130
石头: 4096
呼符: 228
体力: 29.549999999999997 / 138
友情点: 0 / 374045`
_2024-06-26 04:36:07_
--------
*be6d2ccaebede5896fa06339d9925038*
`登陆天数: 34天 / 671天
等级: 130
石头: 4096
呼符: 37
体力: 29.523333333333326 / 138
友情点: 0 / 394135`
_2024-06-26 04:36:15_
--------
*efeade3689d547498fa18f03ba20a2b8*
`登陆天数: 34天 / 671天
等级: 130
石头: 4064
呼符: 135
体力: 29.5 / 138
友情点: 0 / 381390`
_2024-06-26 04:36:23_
--------
*b9acdd2751712fe921542fbfa8e93863*
`登陆天数: 34天 / 671天
等级: 130
石头: 4078
呼符: 267
体力: 29.476666666666674 / 138
友情点: 0 / 374470`
_2024-06-26 04:36:31_
--------
*cd503491bd91d40ba9237d884ace7aa7*
`登陆天数: 34天 / 672天
等级: 130
石头: 4096
呼符: 332
体力: 29.446666666666673 / 138
友情点: 0 / 374465`
_2024-06-26 04:36:39_
--------
*d5e25846dac792da2d4714b3336eda78*
`登陆天数: 34天 / 672天
等级: 130
石头: 4074
呼符: 277
体力: 29.42 / 138
友情点: 0 / 373870`
_2024-06-26 04:36:47_
--------
*98c865ff0ef7968a29b0f2968533169f*
`登陆天数: 34天 / 672天
等级: 130
石头: 4095
呼符: 52
体力: 29.39 / 138
友情点: 0 / 380955`
_2024-06-26 04:36:55_
--------
*3e52ac51360c9e923ceb73492605e453*
`登陆天数: 34天 / 671天
等级: 130
石头: 4093
呼符: 93
体力: 29.36666666666666 / 138
友情点: 0 / 381675`
_2024-06-26 04:37:03_
--------
*c9bd008b9291506a838d094d2e714e44*
`登陆天数: 34天 / 672天
等级: 130
石头: 4075
呼符: 315
体力: 29.343333333333334 / 138
友情点: 0 / 375125`
_2024-06-26 04:37:11_
--------
*1899f999f07f2f4c1f5d9d627e0e677b*
`登陆天数: 34天 / 672天
等级: 130
石头: 4028
呼符: 262
体力: 29.313333333333333 / 138
友情点: 0 / 374360`
_2024-06-26 04:37:19_
--------
*325bcd9ed4d2ddbf0d84cfbc3ab331ac*
`登陆天数: 32天 / 670天
等级: 130
石头: 4102
呼符: 330
体力: 29.28666666666666 / 138
友情点: 0 / 377125`
_2024-06-26 04:37:27_
--------
*c98afaa313e196865b53a37f777bc18c*
`登陆天数: 32天 / 670天
等级: 130
石头: 4095
呼符: 273
体力: 29.260000000000005 / 138
友情点: 0 / 377250`
_2024-06-26 04:37:36_
--------
*7398d8c0e7ef509e9dbc3650dd95e8a9*
`登陆天数: 34天 / 671天
等级: 130
石头: 4098
呼符: 311
体力: 29.233333333333334 / 138
友情点: 0 / 375325`
_2024-06-26 04:37:43_
--------
*ebe43b96a317c6bb52140f8822b7bb66*
`登陆天数: 34天 / 672天
等级: 130
石头: 4079
呼符: 184
体力: 29.203333333333333 / 138
友情点: 0 / 375750`
_2024-06-26 04:37:52_
--------
*75e2c8db9e56d5764d096803d48c4e17*
`登陆天数: 34天 / 672天
等级: 130
石头: 4097
呼符: 260
体力: 29.180000000000007 / 138
友情点: 0 / 373825`
_2024-06-26 04:38:00_
--------
*578ee215909eba8a3e435a1d693fca29*
`登陆天数: 34天 / 671天
等级: 130
石头: 4083
呼符: 309
体力: 29.153333333333336 / 138
友情点: 0 / 375005`
_2024-06-26 04:38:08_
--------
*bf5b3c4c154991c81daf97e221daddcf*
`登陆天数: 34天 / 672天
等级: 130
石头: 4079
呼符: 107
体力: 29.126666666666665 / 138
友情点: 0 / 376645`
_2024-06-26 04:38:16_
--------
*ec2ed584c5e5eb081e6b14c48e57a543*
`登陆天数: 34天 / 672天
等级: 130
石头: 4100
呼符: 319
体力: 29.096666666666664 / 138
友情点: 0 / 374245`
_2024-06-26 04:38:24_
--------
*2921cb2d2ea2d52ec68bf4e4efb746a6*
`登陆天数: 34天 / 671天
等级: 130
石头: 4076
呼符: 327
体力: 29.069999999999993 / 138
友情点: 0 / 375480`
_2024-06-26 04:38:32_
--------
*f1b4a80b020805ae6b1b4c0fa0a69443*
`登陆天数: 34天 / 672天
等级: 130
石头: 4094
呼符: 198
体力: 29.043333333333337 / 138
友情点: 0 / 376080`
_2024-06-26 04:38:40_
--------
*e9fef87dbc54a02e7ef717990946c8a9*
`登陆天数: 34天 / 672天
等级: 130
石头: 4077
呼符: 290
体力: 29.016666666666666 / 138
友情点: 0 / 373220`
_2024-06-26 04:38:49_
--------
*f2f4287a8e812b25dfab0904488dba3d*
`登陆天数: 34天 / 671天
等级: 130
石头: 4076
呼符: 280
体力: 28.986666666666665 / 138
友情点: 0 / 374415`
_2024-06-26 04:38:57_
--------
*4baddfa18da1ed0717a7984b485c6fc2*
`登陆天数: 34天 / 671天
等级: 130
石头: 4037
呼符: 257
体力: 21654.083333333332 / 138
友情点: 0 / 470230`
_2024-06-26 04:39:05_
--------
