【登录信息】
*77a1a77b950c51520ad53d184d80c7b7*
`登陆天数: 35天 / 672天
等级: 130
石头: 4077
呼符: 149
体力: 31.436666666666667 / 138
友情点: 0 / 374100`
_2024-06-27 04:36:57_
--------
*dca79540c8eb4fe8fcbe7a665edbc3c6*
`登陆天数: 35天 / 673天
等级: 130
石头: 4094
呼符: 311
体力: 31.409999999999997 / 138
友情点: 0 / 368645`
_2024-06-27 04:37:05_
--------
*9aae06123d8ab0185b1f33e811f4a2dd*
`登陆天数: 35天 / 672天
等级: 130
石头: 4099
呼符: 102
体力: 31.376666666666665 / 138
友情点: 0 / 371860`
_2024-06-27 04:37:13_
--------
*26c45b1d160497cd0b69776bf6b44d66*
`登陆天数: 35天 / 673天
等级: 130
石头: 4076
呼符: 281
体力: 31.349999999999994 / 138
友情点: 0 / 367975`
_2024-06-27 04:37:21_
--------
*f7f9d37ed8ade1e2aead2b6fe086d093*
`登陆天数: 35天 / 672天
等级: 130
石头: 4095
呼符: 271
体力: 31.323333333333338 / 138
友情点: 0 / 367975`
_2024-06-27 04:37:29_
--------
*b9f107a712c9d24ffeaae1c6eeee9a48*
`登陆天数: 35天 / 673天
等级: 130
石头: 4079
呼符: 169
体力: 31.293333333333337 / 138
友情点: 0 / 376680`
_2024-06-27 04:37:37_
--------
*988e86c19baa41078af9669e606f801e*
`登陆天数: 35天 / 672天
等级: 130
石头: 4076
呼符: 38
体力: 31.263333333333335 / 138
友情点: 0 / 390495`
_2024-06-27 04:37:45_
--------
*70d8de62938f24620f9d0ca8a26eb857*
`登陆天数: 35天 / 673天
等级: 130
石头: 4091
呼符: 287
体力: 31.236666666666665 / 138
友情点: 0 / 368520`
_2024-06-27 04:37:54_
--------
*37642928f889e710af60c9d7c6027794*
`登陆天数: 35天 / 672天
等级: 130
石头: 4075
呼符: 59
体力: 31.206666666666663 / 138
友情点: 0 / 386915`
_2024-06-27 04:38:02_
--------
*f48d747398bceef53bf6fcb8c0915ba6*
`登陆天数: 35天 / 672天
等级: 130
石头: 4099
呼符: 60
体力: 31.183333333333337 / 138
友情点: 0 / 385260`
_2024-06-27 04:38:11_
--------
*483b063cff6ea57669b8f1c7c527bb8b*
`登陆天数: 35天 / 673天
等级: 130
石头: 4072
呼符: 225
体力: 31.153333333333336 / 138
友情点: 0 / 369300`
_2024-06-27 04:38:20_
--------
*5d7a5098096eff5d52ecdaa28db1b5cf*
`登陆天数: 35天 / 673天
等级: 130
石头: 4077
呼符: 269
体力: 31.126666666666665 / 138
友情点: 0 / 369810`
_2024-06-27 04:38:28_
--------
*b1a3114780fa5a9c62679b98eaf7d27e*
`登陆天数: 35天 / 673天
等级: 130
石头: 4078
呼符: 180
体力: 31.093333333333334 / 138
友情点: 0 / 375290`
_2024-06-27 04:38:37_
--------
*f59cdf165580179ca8ad1d77500cd6f9*
`登陆天数: 35天 / 672天
等级: 130
石头: 4099
呼符: 308
体力: 31.069999999999993 / 138
友情点: 0 / 368730`
_2024-06-27 04:38:45_
--------
*0070fdc8a0e6d8249bff1dda41d59afa*
`登陆天数: 35天 / 672天
等级: 130
石头: 4071
呼符: 208
体力: 31.040000000000006 / 138
友情点: 0 / 368880`
_2024-06-27 04:38:54_
--------
*52e2d4db57735885727f7640473b91d4*
`登陆天数: 35天 / 673天
等级: 130
石头: 4094
呼符: 227
体力: 31.013333333333335 / 138
友情点: 0 / 379220`
_2024-06-27 04:39:02_
--------
*9726de57c6420db68ae759d6cde46841*
`登陆天数: 35天 / 672天
等级: 130
石头: 4080
呼符: 151
体力: 30.986666666666665 / 138
友情点: 0 / 367485`
_2024-06-27 04:39:10_
--------
*a57f236d5aac2813aca900e757d6e70e*
`登陆天数: 35天 / 672天
等级: 130
石头: 4095
呼符: 318
体力: 30.953333333333333 / 138
友情点: 0 / 369965`
_2024-06-27 04:39:18_
--------
*1f6d6c3b1a9dfa49eb6114878bceeb0c*
`登陆天数: 35天 / 673天
等级: 130
石头: 4078
呼符: 204
体力: 30.926666666666662 / 138
友情点: 0 / 368305`
_2024-06-27 04:39:26_
--------
*229bc285d385f4240df451e88ba9f347*
`登陆天数: 35天 / 673天
等级: 130
石头: 4050
呼符: 146
体力: 30.89333333333333 / 138
友情点: 0 / 368555`
_2024-06-27 04:39:33_
--------
*93a73302cdd69e9041a3453a0500f414*
`登陆天数: 35天 / 672天
等级: 130
石头: 4079
呼符: 327
体力: 30.86333333333333 / 138
友情点: 0 / 370425`
_2024-06-27 04:39:41_
--------
*91082b4670e6c7e82b2c1d2d8466028c*
`登陆天数: 35天 / 672天
等级: 130
石头: 4078
呼符: 215
体力: 30.83 / 138
友情点: 0 / 372725`
_2024-06-27 04:39:49_
--------
*ea9a9ac18beb2a05102954ee5d462e24*
`登陆天数: 35天 / 673天
等级: 130
石头: 4101
呼符: 329
体力: 30.799999999999997 / 138
友情点: 0 / 369030`
_2024-06-27 04:39:57_
--------
*37001baca015ab2c466e4c94e9f5c466*
`登陆天数: 35天 / 673天
等级: 130
石头: 4063
呼符: 142
体力: 30.769999999999996 / 138
友情点: 0 / 372925`
_2024-06-27 04:40:05_
--------
*90c109921c919e892be469ae7e12a739*
`登陆天数: 35天 / 672天
等级: 130
石头: 4035
呼符: 267
体力: 30.74333333333334 / 138
友情点: 0 / 367655`
_2024-06-27 04:40:13_
--------
*b9204932f4616887c58f09d866aa6137*
`登陆天数: 35天 / 673天
等级: 130
石头: 4092
呼符: 316
体力: 30.709999999999994 / 138
友情点: 0 / 369990`
_2024-06-27 04:40:21_
--------
*79240654eaf1b93129471dcb932ab048*
`登陆天数: 35天 / 673天
等级: 130
石头: 4047
呼符: 260
体力: 30.683333333333337 / 138
友情点: 0 / 368865`
_2024-06-27 04:40:29_
--------
*b39d7f3f04f7a0bb527873a7024bb615*
`登陆天数: 35天 / 672天
等级: 130
石头: 4096
呼符: 229
体力: 30.653333333333336 / 138
友情点: 0 / 368045`
_2024-06-27 04:40:37_
--------
*be6d2ccaebede5896fa06339d9925038*
`登陆天数: 35天 / 672天
等级: 130
石头: 4096
呼符: 38
体力: 30.620000000000005 / 138
友情点: 0 / 394135`
_2024-06-27 04:40:45_
--------
*efeade3689d547498fa18f03ba20a2b8*
`登陆天数: 35天 / 672天
等级: 130
石头: 4064
呼符: 136
体力: 30.593333333333334 / 138
友情点: 0 / 381390`
_2024-06-27 04:40:52_
--------
*b9acdd2751712fe921542fbfa8e93863*
`登陆天数: 35天 / 672天
等级: 130
石头: 4078
呼符: 268
体力: 30.566666666666663 / 138
友情点: 0 / 368470`
_2024-06-27 04:41:00_
--------
*cd503491bd91d40ba9237d884ace7aa7*
`登陆天数: 35天 / 673天
等级: 130
石头: 4096
呼符: 333
体力: 30.53666666666666 / 138
友情点: 0 / 368465`
_2024-06-27 04:41:09_
--------
*d5e25846dac792da2d4714b3336eda78*
`登陆天数: 35天 / 673天
等级: 130
石头: 4074
呼符: 278
体力: 30.510000000000005 / 138
友情点: 0 / 367870`
_2024-06-27 04:41:17_
--------
*98c865ff0ef7968a29b0f2968533169f*
`登陆天数: 35天 / 673天
等级: 130
石头: 4095
呼符: 53
体力: 30.480000000000004 / 138
友情点: 0 / 380955`
_2024-06-27 04:41:25_
--------
*3e52ac51360c9e923ceb73492605e453*
`登陆天数: 35天 / 672天
等级: 130
石头: 4093
呼符: 94
体力: 30.453333333333333 / 138
友情点: 0 / 381675`
_2024-06-27 04:41:32_
--------
*c9bd008b9291506a838d094d2e714e44*
`登陆天数: 35天 / 673天
等级: 130
石头: 4075
呼符: 316
体力: 30.430000000000007 / 138
友情点: 0 / 369125`
_2024-06-27 04:41:41_
--------
*1899f999f07f2f4c1f5d9d627e0e677b*
`登陆天数: 35天 / 673天
等级: 130
石头: 4028
呼符: 263
体力: 30.400000000000006 / 138
友情点: 0 / 368360`
_2024-06-27 04:41:49_
--------
*325bcd9ed4d2ddbf0d84cfbc3ab331ac*
`登陆天数: 33天 / 671天
等级: 130
石头: 4102
呼符: 330
体力: 30.370000000000005 / 138
友情点: 0 / 371125`
_2024-06-27 04:41:57_
--------
*c98afaa313e196865b53a37f777bc18c*
`登陆天数: 33天 / 671天
等级: 130
石头: 4095
呼符: 273
体力: 30.343333333333334 / 138
友情点: 0 / 371250`
_2024-06-27 04:42:05_
--------
*7398d8c0e7ef509e9dbc3650dd95e8a9*
`登陆天数: 35天 / 672天
等级: 130
石头: 4098
呼符: 312
体力: 30.313333333333333 / 138
友情点: 0 / 369325`
_2024-06-27 04:42:13_
--------
*ebe43b96a317c6bb52140f8822b7bb66*
`登陆天数: 35天 / 673天
等级: 130
石头: 4079
呼符: 185
体力: 30.28333333333333 / 138
友情点: 0 / 369750`
_2024-06-27 04:42:21_
--------
*75e2c8db9e56d5764d096803d48c4e17*
`登陆天数: 35天 / 673天
等级: 130
石头: 4097
呼符: 261
体力: 30.25 / 138
友情点: 0 / 367825`
_2024-06-27 04:42:28_
--------
*578ee215909eba8a3e435a1d693fca29*
`登陆天数: 35天 / 672天
等级: 130
石头: 4083
呼符: 310
体力: 30.22333333333333 / 138
友情点: 0 / 369005`
_2024-06-27 04:42:37_
--------
*bf5b3c4c154991c81daf97e221daddcf*
`登陆天数: 35天 / 673天
等级: 130
石头: 4079
呼符: 108
体力: 30.193333333333328 / 138
友情点: 0 / 374645`
_2024-06-27 04:42:44_
--------
*ec2ed584c5e5eb081e6b14c48e57a543*
`登陆天数: 35天 / 673天
等级: 130
石头: 4100
呼符: 320
体力: 30.16666666666667 / 138
友情点: 0 / 368245`
_2024-06-27 04:42:52_
--------
*2921cb2d2ea2d52ec68bf4e4efb746a6*
`登陆天数: 35天 / 672天
等级: 130
石头: 4076
呼符: 328
体力: 30.13333333333334 / 138
友情点: 0 / 369480`
_2024-06-27 04:43:01_
--------
*f1b4a80b020805ae6b1b4c0fa0a69443*
`登陆天数: 35天 / 673天
等级: 130
石头: 4094
呼符: 199
体力: 30.10666666666667 / 138
友情点: 0 / 370080`
_2024-06-27 04:43:09_
--------
*e9fef87dbc54a02e7ef717990946c8a9*
`登陆天数: 35天 / 673天
等级: 130
石头: 4077
呼符: 291
体力: 30.08 / 138
友情点: 0 / 367220`
_2024-06-27 04:43:17_
--------
*f2f4287a8e812b25dfab0904488dba3d*
`登陆天数: 35天 / 672天
等级: 130
石头: 4076
呼符: 281
体力: 30.046666666666667 / 138
友情点: 0 / 368415`
_2024-06-27 04:43:25_
--------
*4baddfa18da1ed0717a7984b485c6fc2*
`登陆天数: 35天 / 672天
等级: 130
石头: 4037
呼符: 257
体力: 21942.97333333333 / 138
友情点: 0 / 470230`
_2024-06-27 04:43:32_
--------
