【登录信息】
*77a1a77b950c51520ad53d184d80c7b7*
`登陆天数: 37天 / 674天
等级: 130
石头: 4097
呼符: 149
体力: 30.566666666666663 / 138
友情点: 0 / 376100`
_2024-06-29 04:33:58_
--------
*dca79540c8eb4fe8fcbe7a665edbc3c6*
`登陆天数: 37天 / 675天
等级: 130
石头: 4114
呼符: 311
体力: 30.543333333333337 / 138
友情点: 0 / 358645`
_2024-06-29 04:34:06_
--------
*9aae06123d8ab0185b1f33e811f4a2dd*
`登陆天数: 37天 / 674天
等级: 130
石头: 4119
呼符: 102
体力: 30.513333333333335 / 138
友情点: 0 / 373860`
_2024-06-29 04:34:14_
--------
*26c45b1d160497cd0b69776bf6b44d66*
`登陆天数: 37天 / 675天
等级: 130
石头: 4096
呼符: 281
体力: 30.489999999999995 / 138
友情点: 0 / 357975`
_2024-06-29 04:34:22_
--------
*f7f9d37ed8ade1e2aead2b6fe086d093*
`登陆天数: 37天 / 674天
等级: 130
石头: 4115
呼符: 271
体力: 30.46333333333334 / 138
友情点: 0 / 357975`
_2024-06-29 04:34:29_
--------
*b9f107a712c9d24ffeaae1c6eeee9a48*
`登陆天数: 37天 / 675天
等级: 130
石头: 4099
呼符: 169
体力: 30.433333333333337 / 138
友情点: 0 / 378680`
_2024-06-29 04:34:37_
--------
*988e86c19baa41078af9669e606f801e*
`登陆天数: 37天 / 674天
等级: 130
石头: 4096
呼符: 38
体力: 30.406666666666666 / 138
友情点: 0 / 392495`
_2024-06-29 04:34:45_
--------
*70d8de62938f24620f9d0ca8a26eb857*
`登陆天数: 37天 / 675天
等级: 130
石头: 4111
呼符: 287
体力: 30.38333333333334 / 138
友情点: 0 / 360520`
_2024-06-29 04:34:53_
--------
*37642928f889e710af60c9d7c6027794*
`登陆天数: 37天 / 674天
等级: 130
石头: 4095
呼符: 59
体力: 30.35333333333334 / 138
友情点: 0 / 388915`
_2024-06-29 04:35:01_
--------
*f48d747398bceef53bf6fcb8c0915ba6*
`登陆天数: 37天 / 674天
等级: 130
石头: 4119
呼符: 60
体力: 30.33 / 138
友情点: 0 / 387260`
_2024-06-29 04:35:08_
--------
*483b063cff6ea57669b8f1c7c527bb8b*
`登陆天数: 37天 / 675天
等级: 130
石头: 4092
呼符: 225
体力: 30.299999999999997 / 138
友情点: 0 / 369300`
_2024-06-29 04:35:16_
--------
*5d7a5098096eff5d52ecdaa28db1b5cf*
`登陆天数: 37天 / 675天
等级: 130
石头: 4097
呼符: 269
体力: 30.27666666666667 / 138
友情点: 0 / 359810`
_2024-06-29 04:35:24_
--------
*b1a3114780fa5a9c62679b98eaf7d27e*
`登陆天数: 37天 / 675天
等级: 130
石头: 4098
呼符: 180
体力: 30.25 / 138
友情点: 0 / 377290`
_2024-06-29 04:35:32_
--------
*f59cdf165580179ca8ad1d77500cd6f9*
`登陆天数: 37天 / 674天
等级: 130
石头: 4119
呼符: 308
体力: 30.22333333333333 / 138
友情点: 0 / 358730`
_2024-06-29 04:35:39_
--------
*0070fdc8a0e6d8249bff1dda41d59afa*
`登陆天数: 37天 / 674天
等级: 130
石头: 4091
呼符: 208
体力: 30.193333333333328 / 138
友情点: 0 / 368880`
_2024-06-29 04:35:47_
--------
*52e2d4db57735885727f7640473b91d4*
`登陆天数: 37天 / 675天
等级: 130
石头: 4114
呼符: 227
体力: 30.17 / 138
友情点: 0 / 381220`
_2024-06-29 04:35:54_
--------
*9726de57c6420db68ae759d6cde46841*
`登陆天数: 37天 / 674天
等级: 130
石头: 4100
呼符: 151
体力: 30.14666666666666 / 138
友情点: 0 / 367485`
_2024-06-29 04:36:02_
--------
*a57f236d5aac2813aca900e757d6e70e*
`登陆天数: 37天 / 674天
等级: 130
石头: 4115
呼符: 318
体力: 30.120000000000005 / 138
友情点: 0 / 359965`
_2024-06-29 04:36:10_
--------
*1f6d6c3b1a9dfa49eb6114878bceeb0c*
`登陆天数: 37天 / 675天
等级: 130
石头: 4098
呼符: 204
体力: 30.090000000000003 / 138
友情点: 0 / 358305`
_2024-06-29 04:36:18_
--------
*229bc285d385f4240df451e88ba9f347*
`登陆天数: 37天 / 675天
等级: 130
石头: 4070
呼符: 146
体力: 30.063333333333333 / 138
友情点: 0 / 368555`
_2024-06-29 04:36:25_
--------
*93a73302cdd69e9041a3453a0500f414*
`登陆天数: 37天 / 674天
等级: 130
石头: 4099
呼符: 327
体力: 30.040000000000006 / 138
友情点: 0 / 360425`
_2024-06-29 04:36:33_
--------
*91082b4670e6c7e82b2c1d2d8466028c*
`登陆天数: 37天 / 674天
等级: 130
石头: 4098
呼符: 215
体力: 30.013333333333335 / 138
友情点: 0 / 374725`
_2024-06-29 04:36:41_
--------
*ea9a9ac18beb2a05102954ee5d462e24*
`登陆天数: 37天 / 675天
等级: 130
石头: 4121
呼符: 329
体力: 29.986666666666665 / 138
友情点: 0 / 359030`
_2024-06-29 04:36:49_
--------
*37001baca015ab2c466e4c94e9f5c466*
`登陆天数: 37天 / 675天
等级: 130
石头: 4083
呼符: 142
体力: 29.959999999999994 / 138
友情点: 0 / 374925`
_2024-06-29 04:36:57_
--------
*90c109921c919e892be469ae7e12a739*
`登陆天数: 37天 / 674天
等级: 130
石头: 4055
呼符: 267
体力: 29.933333333333337 / 138
友情点: 0 / 357655`
_2024-06-29 04:37:05_
--------
*b9204932f4616887c58f09d866aa6137*
`登陆天数: 37天 / 675天
等级: 130
石头: 4112
呼符: 316
体力: 29.906666666666666 / 138
友情点: 0 / 359990`
_2024-06-29 04:37:12_
--------
*79240654eaf1b93129471dcb932ab048*
`登陆天数: 37天 / 675天
等级: 130
石头: 4067
呼符: 260
体力: 29.879999999999995 / 138
友情点: 0 / 358865`
_2024-06-29 04:37:20_
--------
*b39d7f3f04f7a0bb527873a7024bb615*
`登陆天数: 37天 / 674天
等级: 130
石头: 4116
呼符: 229
体力: 29.849999999999994 / 138
友情点: 0 / 366045`
_2024-06-29 04:37:28_
--------
*be6d2ccaebede5896fa06339d9925038*
`登陆天数: 37天 / 674天
等级: 130
石头: 4116
呼符: 38
体力: 29.826666666666668 / 138
友情点: 0 / 396135`
_2024-06-29 04:37:35_
--------
*efeade3689d547498fa18f03ba20a2b8*
`登陆天数: 37天 / 674天
等级: 130
石头: 4084
呼符: 136
体力: 29.799999999999997 / 138
友情点: 0 / 383390`
_2024-06-29 04:37:43_
--------
*b9acdd2751712fe921542fbfa8e93863*
`登陆天数: 37天 / 674天
等级: 130
石头: 4098
呼符: 268
体力: 29.77666666666667 / 138
友情点: 0 / 366470`
_2024-06-29 04:37:51_
--------
*cd503491bd91d40ba9237d884ace7aa7*
`登陆天数: 37天 / 675天
等级: 130
石头: 4116
呼符: 333
体力: 29.75333333333333 / 138
友情点: 0 / 358465`
_2024-06-29 04:37:58_
--------
*d5e25846dac792da2d4714b3336eda78*
`登陆天数: 37天 / 675天
等级: 130
石头: 4094
呼符: 278
体力: 29.72333333333333 / 138
友情点: 0 / 363870`
_2024-06-29 04:38:06_
--------
*98c865ff0ef7968a29b0f2968533169f*
`登陆天数: 37天 / 675天
等级: 130
石头: 4115
呼符: 53
体力: 29.696666666666673 / 138
友情点: 0 / 382955`
_2024-06-29 04:38:14_
--------
*3e52ac51360c9e923ceb73492605e453*
`登陆天数: 37天 / 674天
等级: 130
石头: 4113
呼符: 94
体力: 29.673333333333332 / 138
友情点: 0 / 383675`
_2024-06-29 04:38:22_
--------
*c9bd008b9291506a838d094d2e714e44*
`登陆天数: 37天 / 675天
等级: 130
石头: 4095
呼符: 316
体力: 29.650000000000006 / 138
友情点: 0 / 359125`
_2024-06-29 04:38:29_
--------
*1899f999f07f2f4c1f5d9d627e0e677b*
`登陆天数: 37天 / 675天
等级: 130
石头: 4048
呼符: 263
体力: 29.61666666666666 / 138
友情点: 0 / 358360`
_2024-06-29 04:38:37_
--------
*325bcd9ed4d2ddbf0d84cfbc3ab331ac*
`登陆天数: 35天 / 673天
等级: 130
石头: 4123
呼符: 331
体力: 29.590000000000003 / 138
友情点: 0 / 359125`
_2024-06-29 04:38:45_
--------
*c98afaa313e196865b53a37f777bc18c*
`登陆天数: 35天 / 673天
等级: 130
石头: 4116
呼符: 274
体力: 29.563333333333333 / 138
友情点: 0 / 361250`
_2024-06-29 04:38:52_
--------
*7398d8c0e7ef509e9dbc3650dd95e8a9*
`登陆天数: 37天 / 674天
等级: 130
石头: 4118
呼符: 312
体力: 29.543333333333337 / 138
友情点: 0 / 361325`
_2024-06-29 04:39:00_
--------
*ebe43b96a317c6bb52140f8822b7bb66*
`登陆天数: 37天 / 675天
等级: 130
石头: 4099
呼符: 185
体力: 29.523333333333326 / 138
友情点: 0 / 371750`
_2024-06-29 04:39:08_
--------
*75e2c8db9e56d5764d096803d48c4e17*
`登陆天数: 37天 / 675天
等级: 130
石头: 4117
呼符: 261
体力: 29.50333333333333 / 138
友情点: 0 / 359825`
_2024-06-29 04:39:16_
--------
*578ee215909eba8a3e435a1d693fca29*
`登陆天数: 37天 / 674天
等级: 130
石头: 4103
呼符: 310
体力: 29.47 / 138
友情点: 0 / 359005`
_2024-06-29 04:39:24_
--------
*bf5b3c4c154991c81daf97e221daddcf*
`登陆天数: 37天 / 675天
等级: 130
石头: 4099
呼符: 108
体力: 29.443333333333328 / 138
友情点: 0 / 376645`
_2024-06-29 04:39:32_
--------
*ec2ed584c5e5eb081e6b14c48e57a543*
`登陆天数: 37天 / 675天
等级: 130
石头: 4120
呼符: 320
体力: 29.42 / 138
友情点: 0 / 358245`
_2024-06-29 04:39:39_
--------
*2921cb2d2ea2d52ec68bf4e4efb746a6*
`登陆天数: 37天 / 674天
等级: 130
石头: 4096
呼符: 328
体力: 29.38666666666667 / 138
友情点: 0 / 359480`
_2024-06-29 04:39:47_
--------
*f1b4a80b020805ae6b1b4c0fa0a69443*
`登陆天数: 37天 / 675天
等级: 130
石头: 4114
呼符: 199
体力: 29.35666666666667 / 138
友情点: 0 / 368080`
_2024-06-29 04:39:55_
--------
*e9fef87dbc54a02e7ef717990946c8a9*
`登陆天数: 37天 / 675天
等级: 130
石头: 4097
呼符: 291
体力: 29.336666666666673 / 138
友情点: 0 / 357220`
_2024-06-29 04:40:03_
--------
*f2f4287a8e812b25dfab0904488dba3d*
`登陆天数: 37天 / 674天
等级: 130
石头: 4096
呼符: 281
体力: 29.306666666666672 / 138
友情点: 0 / 362415`
_2024-06-29 04:40:11_
--------
*4baddfa18da1ed0717a7984b485c6fc2*
`登陆天数: 37天 / 674天
等级: 130
石头: 4037
呼符: 257
体力: 22518.326666666668 / 138
友情点: 0 / 470230`
_2024-06-29 04:40:19_
--------
